#
# There is insufficient memory for the Java Runtime Environment to continue.
# Native memory allocation (malloc) failed to allocate 1048576 bytes. Error detail: AllocateHeap
# Possible reasons:
#   The system is out of physical RAM or swap space
#   This process is running with CompressedOops enabled, and the Java Heap may be blocking the growth of the native heap
# Possible solutions:
#   Reduce memory load on the system
#   Increase physical memory or swap space
#   Check if swap backing store is full
#   Decrease Java heap size (-Xmx/-Xms)
#   Decrease number of Java threads
#   Decrease Java thread stack sizes (-Xss)
#   Set larger code cache with -XX:ReservedCodeCacheSize=
#   JVM is running with Unscaled Compressed Oops mode in which the Java heap is
#     placed in the first 4GB address space. The Java Heap base address is the
#     maximum limit for the native heap growth. Please use -XX:HeapBaseMinAddress
#     to set the Java Heap base and to place the Java Heap above 4GB virtual address.
# This output file may be truncated or incomplete.
#
#  Out of Memory Error (allocation.cpp:44), pid=20804, tid=18828
#
# JRE version: OpenJDK Runtime Environment Temurin-21.0.10+7 (21.0.10+7) (build 21.0.10+7-LTS)
# Java VM: OpenJDK 64-Bit Server VM Temurin-21.0.10+7 (21.0.10+7-LTS, mixed mode, sharing, tiered, compressed oops, compressed class ptrs, parallel gc, windows-amd64)
# No core dump will be written. Minidumps are not enabled by default on client versions of Windows
#

---------------  S U M M A R Y ------------

Command Line: --add-modules=ALL-SYSTEM --add-opens=java.base/java.util=ALL-UNNAMED --add-opens=java.base/java.lang=ALL-UNNAMED --add-opens=java.base/sun.nio.fs=ALL-UNNAMED -Declipse.application=org.eclipse.jdt.ls.core.id1 -Dosgi.bundles.defaultStartLevel=4 -Declipse.product=org.eclipse.jdt.ls.core.product -Djava.import.generatesMetadataFilesAtProjectRoot=false -DDetectVMInstallationsJob.disabled=true -Dfile.encoding=utf8 -XX:+UseParallelGC -XX:GCTimeRatio=4 -XX:AdaptiveSizePolicyWeight=90 -Dsun.zip.disableMemoryMapping=true -Xmx2G -Xms100m -Xlog:disable -javaagent:c:\Users\DELL\.vscode\extensions\redhat.java-1.54.0-win32-x64\lombok\lombok-1.18.39-4050.jar -XX:+HeapDumpOnOutOfMemoryError -XX:HeapDumpPath=c:\Users\DELL\AppData\Roaming\Code\User\workspaceStorage\f344cfecaae3a1e706eeb4b3134648e1\redhat.java -Daether.dependencyCollector.impl=bf c:\Users\DELL\.vscode\extensions\redhat.java-1.54.0-win32-x64\server\plugins\org.eclipse.equinox.launcher_1.7.100.v20251111-0406.jar -configuration c:\Users\DELL\AppData\Roaming\Code\User\globalStorage\redhat.java\1.54.0\config_win -data c:\Users\DELL\AppData\Roaming\Code\User\workspaceStorage\f344cfecaae3a1e706eeb4b3134648e1\redhat.java\jdt_ws --pipe=\\.\pipe\lsp-95944d7388c4ba93c052ca50f7519ee0-sock

Host: 11th Gen Intel(R) Core(TM) i5-1135G7 @ 2.40GHz, 8 cores, 7G,  Windows 10 , 64 bit Build 19041 (10.0.19041.5915)
Time: Mon Jun  1 14:58:52 2026 Afr. centrale Ouest elapsed time: 8431.570826 seconds (0d 2h 20m 31s)

---------------  T H R E A D  ---------------

Current thread (0x000002006cd37da0):  JavaThread "Attach Listener" daemon [_thread_in_vm, id=18828, stack(0x0000007cd2000000,0x0000007cd2100000) (1024K)]

Stack: [0x0000007cd2000000,0x0000007cd2100000]
Native frames: (J=compiled Java code, j=interpreted, Vv=VM code, C=native code)
V  [jvm.dll+0x6d7a39]
V  [jvm.dll+0x8b4b26]
V  [jvm.dll+0x8b70de]
V  [jvm.dll+0x8b77c3]
V  [jvm.dll+0x284346]
V  [jvm.dll+0xc1277]
V  [jvm.dll+0x6d82e9]
V  [jvm.dll+0x1334a6]
V  [jvm.dll+0x3f857e]
V  [jvm.dll+0x85f59d]
V  [jvm.dll+0x6d626d]
C  [ucrtbase.dll+0x21bb2]
C  [KERNEL32.DLL+0x17374]
C  [ntdll.dll+0x4cc91]


---------------  P R O C E S S  ---------------

Threads class SMR info:
_java_thread_list=0x0000020075d2c3e0, length=34, elements={
0x0000020053fe7000, 0x000002006cd30760, 0x000002006cd31830, 0x000002006cd32c20,
0x000002006cd37da0, 0x000002006cd3ccc0, 0x000002006cd3b280, 0x000002006cd456d0,
0x000002006cd483e0, 0x000002006cd3b910, 0x000002006cd3bfa0, 0x000002006cd3a560,
0x000002006cd3c630, 0x000002006cd3abf0, 0x000002006cd3d350, 0x000002006cd39ed0,
0x00000200739d7c70, 0x00000200739d9d40, 0x00000200739d8300, 0x00000200739dbe10,
0x00000200739db0f0, 0x00000200739dc4a0, 0x00000200739dcb30, 0x00000200739da3d0,
0x00000200739dd1c0, 0x00000200739daa60, 0x00000200739dd850, 0x00000200739db780,
0x00000200739d68c0, 0x00000200739ddee0, 0x00000200739d75e0, 0x0000020075908ad0,
0x00000200759097f0, 0x0000020075907090
}

Java Threads: ( => current thread )
  0x0000020053fe7000 JavaThread "main"                              [_thread_blocked, id=14128, stack(0x0000007cd1900000,0x0000007cd1a00000) (1024K)]
  0x000002006cd30760 JavaThread "Reference Handler"          daemon [_thread_blocked, id=9928, stack(0x0000007cd1d00000,0x0000007cd1e00000) (1024K)]
  0x000002006cd31830 JavaThread "Finalizer"                  daemon [_thread_blocked, id=2052, stack(0x0000007cd1e00000,0x0000007cd1f00000) (1024K)]
  0x000002006cd32c20 JavaThread "Signal Dispatcher"          daemon [_thread_blocked, id=18328, stack(0x0000007cd1f00000,0x0000007cd2000000) (1024K)]
=>0x000002006cd37da0 JavaThread "Attach Listener"            daemon [_thread_in_vm, id=18828, stack(0x0000007cd2000000,0x0000007cd2100000) (1024K)]
  0x000002006cd3ccc0 JavaThread "Service Thread"             daemon [_thread_blocked, id=12648, stack(0x0000007cd2100000,0x0000007cd2200000) (1024K)]
  0x000002006cd3b280 JavaThread "Monitor Deflation Thread"   daemon [_thread_blocked, id=15944, stack(0x0000007cd2200000,0x0000007cd2300000) (1024K)]
  0x000002006cd456d0 JavaThread "C2 CompilerThread0"         daemon [_thread_blocked, id=20064, stack(0x0000007cd2300000,0x0000007cd2400000) (1024K)]
  0x000002006cd483e0 JavaThread "C1 CompilerThread0"         daemon [_thread_blocked, id=32, stack(0x0000007cd2400000,0x0000007cd2500000) (1024K)]
  0x000002006cd3b910 JavaThread "Common-Cleaner"             daemon [_thread_blocked, id=7628, stack(0x0000007cd2500000,0x0000007cd2600000) (1024K)]
  0x000002006cd3bfa0 JavaThread "Notification Thread"        daemon [_thread_blocked, id=20948, stack(0x0000007cd2600000,0x0000007cd2700000) (1024K)]
  0x000002006cd3a560 JavaThread "Active Thread: Equinox Container: 67f53b69-cb42-4a6d-8d96-72d8f4d13f68"        [_thread_blocked, id=21108, stack(0x0000007cd2d00000,0x0000007cd2e00000) (1024K)]
  0x000002006cd3c630 JavaThread "Refresh Thread: Equinox Container: 67f53b69-cb42-4a6d-8d96-72d8f4d13f68" daemon [_thread_blocked, id=12968, stack(0x0000007cd2f00000,0x0000007cd3000000) (1024K)]
  0x000002006cd3abf0 JavaThread "Framework Event Dispatcher: Equinox Container: 67f53b69-cb42-4a6d-8d96-72d8f4d13f68" daemon [_thread_blocked, id=4232, stack(0x0000007cd3000000,0x0000007cd3100000) (1024K)]
  0x000002006cd3d350 JavaThread "Start Level: Equinox Container: 67f53b69-cb42-4a6d-8d96-72d8f4d13f68" daemon [_thread_blocked, id=17208, stack(0x0000007cd3100000,0x0000007cd3200000) (1024K)]
  0x000002006cd39ed0 JavaThread "Bundle File Closer"         daemon [_thread_blocked, id=11716, stack(0x0000007cd3200000,0x0000007cd3300000) (1024K)]
  0x00000200739d7c70 JavaThread "SCR Component Actor"        daemon [_thread_blocked, id=20400, stack(0x0000007cd3300000,0x0000007cd3400000) (1024K)]
  0x00000200739d9d40 JavaThread "Worker-JM"                         [_thread_blocked, id=17180, stack(0x0000007cd3400000,0x0000007cd3500000) (1024K)]
  0x00000200739d8300 JavaThread "JNA Cleaner"                daemon [_thread_blocked, id=15524, stack(0x0000007cd3500000,0x0000007cd3600000) (1024K)]
  0x00000200739dbe10 JavaThread "Worker-0"                          [_thread_blocked, id=17156, stack(0x0000007cd3600000,0x0000007cd3700000) (1024K)]
  0x00000200739db0f0 JavaThread "Worker-1"                          [_thread_blocked, id=12900, stack(0x0000007cd3700000,0x0000007cd3800000) (1024K)]
  0x00000200739dc4a0 JavaThread "Java indexing"              daemon [_thread_blocked, id=7008, stack(0x0000007cd3900000,0x0000007cd3a00000) (1024K)]
  0x00000200739dcb30 JavaThread "Thread-1"                   daemon [_thread_in_native, id=20156, stack(0x0000007cd4000000,0x0000007cd4100000) (1024K)]
  0x00000200739da3d0 JavaThread "Thread-2"                   daemon [_thread_in_native, id=20080, stack(0x0000007cd4100000,0x0000007cd4200000) (1024K)]
  0x00000200739dd1c0 JavaThread "Thread-3"                   daemon [_thread_in_native, id=4344, stack(0x0000007cd4200000,0x0000007cd4300000) (1024K)]
  0x00000200739daa60 JavaThread "Thread-4"                   daemon [_thread_in_native, id=13564, stack(0x0000007cd4300000,0x0000007cd4400000) (1024K)]
  0x00000200739dd850 JavaThread "Thread-5"                   daemon [_thread_in_native, id=20452, stack(0x0000007cd4400000,0x0000007cd4500000) (1024K)]
  0x00000200739db780 JavaThread "Thread-6"                   daemon [_thread_in_native, id=9020, stack(0x0000007cd4500000,0x0000007cd4600000) (1024K)]
  0x00000200739d68c0 JavaThread "Thread-7"                   daemon [_thread_in_native, id=18972, stack(0x0000007cd4600000,0x0000007cd4700000) (1024K)]
  0x00000200739ddee0 JavaThread "Thread-8"                   daemon [_thread_in_native, id=5224, stack(0x0000007cd4700000,0x0000007cd4800000) (1024K)]
  0x00000200739d75e0 JavaThread "Thread-9"                   daemon [_thread_in_native, id=8908, stack(0x0000007cd4800000,0x0000007cd4900000) (1024K)]
  0x0000020075908ad0 JavaThread "pool-2-thread-1"                   [_thread_blocked, id=16604, stack(0x0000007cd4900000,0x0000007cd4a00000) (1024K)]
  0x00000200759097f0 JavaThread "WorkspaceEventsHandler"            [_thread_blocked, id=3000, stack(0x0000007cd4b00000,0x0000007cd4c00000) (1024K)]
  0x0000020075907090 JavaThread "pool-1-thread-1"                   [_thread_blocked, id=1040, stack(0x0000007cd4c00000,0x0000007cd4d00000) (1024K)]
Total: 34

Other Threads:
  0x000002006cd21480 VMThread "VM Thread"                           [id=9552, stack(0x0000007cd1c00000,0x0000007cd1d00000) (1024K)]
  0x000002005632ca20 WatcherThread "VM Periodic Task Thread"        [id=13744, stack(0x0000007cd1b00000,0x0000007cd1c00000) (1024K)]
  0x00000200562df2f0 WorkerThread "GC Thread#0"                     [id=20528, stack(0x0000007cd1a00000,0x0000007cd1b00000) (1024K)]
  0x000002006e91a150 WorkerThread "GC Thread#1"                     [id=19748, stack(0x0000007cd2700000,0x0000007cd2800000) (1024K)]
  0x000002006e91a500 WorkerThread "GC Thread#2"                     [id=7544, stack(0x0000007cd2800000,0x0000007cd2900000) (1024K)]
  0x000002007317a110 WorkerThread "GC Thread#3"                     [id=5888, stack(0x0000007cd2900000,0x0000007cd2a00000) (1024K)]
  0x000002007317a4c0 WorkerThread "GC Thread#4"                     [id=14940, stack(0x0000007cd2a00000,0x0000007cd2b00000) (1024K)]
  0x000002007309a1f0 WorkerThread "GC Thread#5"                     [id=20828, stack(0x0000007cd2b00000,0x0000007cd2c00000) (1024K)]
  0x000002007309a5a0 WorkerThread "GC Thread#6"                     [id=18444, stack(0x0000007cd2c00000,0x0000007cd2d00000) (1024K)]
  0x000002007314beb0 WorkerThread "GC Thread#7"                     [id=16408, stack(0x0000007cd2e00000,0x0000007cd2f00000) (1024K)]
Total: 10

Threads with active compile tasks:
Total: 0

VM state: not at safepoint (normal execution)

VM Mutex/Monitor currently owned by a thread: None

Heap address: 0x0000000080000000, size: 2048 MB, Compressed Oops mode: 32-bit

CDS archive(s) mapped at: [0x0000020000000000-0x0000020000ba0000-0x0000020000ba0000), size 12189696, SharedBaseAddress: 0x0000020000000000, ArchiveRelocationMode: 1.
Compressed class space mapped at: 0x0000020001000000-0x0000020041000000, reserved size: 1073741824
Narrow klass base: 0x0000020000000000, Narrow klass shift: 0, Narrow klass range: 0x100000000

GC Precious Log:
 CardTable entry size: 512
 CPUs: 8 total, 8 available
 Memory: 7918M
 Large Page Support: Disabled
 NUMA Support: Disabled
 Compressed Oops: Enabled (32-bit)
 Alignments: Space 512K, Generation 512K, Heap 2M
 Heap Min Capacity: 100M
 Heap Initial Capacity: 100M
 Heap Max Capacity: 2G
 Pre-touch: Disabled
 Parallel Workers: 8

Heap:
 PSYoungGen      total 17408K, used 8581K [0x00000000d5580000, 0x00000000d6780000, 0x0000000100000000)
  eden space 16896K, 49% used [0x00000000d5580000,0x00000000d5da1500,0x00000000d6600000)
  from space 512K, 50% used [0x00000000d6700000,0x00000000d6740000,0x00000000d6780000)
  to   space 512K, 0% used [0x00000000d6680000,0x00000000d6680000,0x00000000d6700000)
 ParOldGen       total 84480K, used 84020K [0x0000000080000000, 0x0000000085280000, 0x00000000d5580000)
  object space 84480K, 99% used [0x0000000080000000,0x000000008520d388,0x0000000085280000)
 Metaspace       used 67441K, committed 68928K, reserved 1114112K
  class space    used 7197K, committed 7808K, reserved 1048576K

Card table byte_map: [0x0000020055c70000,0x0000020056080000] _byte_map_base: 0x0000020055870000

Marking Bits: (ParMarkBitMap*) 0x00007ffb99c23450
 Begin Bits: [0x0000020068780000, 0x000002006a780000)
 End Bits:   [0x000002006a780000, 0x000002006c780000)

Polling page: 0x0000020054180000

Metaspace:

Usage:
  Non-class:     58.83 MB used.
      Class:      7.03 MB used.
       Both:     65.86 MB used.

Virtual space:
  Non-class space:       64.00 MB reserved,      59.69 MB ( 93%) committed,  1 nodes.
      Class space:        1.00 GB reserved,       7.62 MB ( <1%) committed,  1 nodes.
             Both:        1.06 GB reserved,      67.31 MB (  6%) committed. 

Chunk freelists:
   Non-Class:  4.10 MB
       Class:  8.20 MB
        Both:  12.30 MB

MaxMetaspaceSize: unlimited
CompressedClassSpaceSize: 1.00 GB
Initial GC threshold: 21.00 MB
Current GC threshold: 97.31 MB
CDS: on
 - commit_granule_bytes: 65536.
 - commit_granule_words: 8192.
 - virtual_space_node_default_size: 8388608.
 - enlarge_chunks_in_place: 1.
 - use_allocation_guard: 0.


Internal statistics:

num_allocs_failed_limit: 9.
num_arena_births: 1208.
num_arena_deaths: 14.
num_vsnodes_births: 2.
num_vsnodes_deaths: 0.
num_space_committed: 1077.
num_space_uncommitted: 0.
num_chunks_returned_to_freelist: 23.
num_chunks_taken_from_freelist: 4153.
num_chunk_merges: 15.
num_chunk_splits: 2585.
num_chunks_enlarged: 1483.
num_inconsistent_stats: 0.

CodeHeap 'non-profiled nmethods': size=120000Kb used=7868Kb max_used=7868Kb free=112131Kb
 bounds [0x0000020060fa0000, 0x0000020061750000, 0x00000200684d0000]
CodeHeap 'profiled nmethods': size=120000Kb used=27119Kb max_used=27119Kb free=92880Kb
 bounds [0x00000200594d0000, 0x000002005af50000, 0x0000020060a00000]
CodeHeap 'non-nmethods': size=5760Kb used=1475Kb max_used=1583Kb free=4284Kb
 bounds [0x0000020060a00000, 0x0000020060c70000, 0x0000020060fa0000]
CodeCache: size=245760Kb, used=36462Kb, max_used=36570Kb, free=209295Kb
 total_blobs=12283, nmethods=11504, adapters=684, full_count=0
Compilation: enabled, stopped_count=0, restarted_count=0

Compilation events (20 events):
Event: 7710.586 Thread 0x000002006cd456d0 12253       4       java.util.concurrent.TimeUnit::toNanos (45 bytes)
Event: 7710.594 Thread 0x000002006cd456d0 nmethod 12253 0x000002006174ef10 code [0x000002006174f0a0, 0x000002006174f198]
Event: 7715.687 Thread 0x000002006cd483e0 12254       3       java.util.concurrent.ConcurrentLinkedQueue::isEmpty (13 bytes)
Event: 7715.693 Thread 0x000002006cd483e0 nmethod 12254 0x000002005af44810 code [0x000002005af449c0, 0x000002005af44b68]
Event: 7715.693 Thread 0x000002006cd483e0 12255       3       java.util.concurrent.ConcurrentLinkedQueue::first (65 bytes)
Event: 7715.731 Thread 0x000002006cd483e0 nmethod 12255 0x000002005af44c10 code [0x000002005af44fa0, 0x000002005af46738]
Event: 7715.732 Thread 0x000002006cd483e0 12256       3       org.eclipse.core.runtime.jobs.Job::getRule (5 bytes)
Event: 7715.733 Thread 0x000002006cd483e0 nmethod 12256 0x000002005af46f10 code [0x000002005af470a0, 0x000002005af471c0]
Event: 7898.522 Thread 0x000002006cd483e0 12257   !   3       java.lang.ref.ReferenceQueue::remove (61 bytes)
Event: 7898.551 Thread 0x000002006cd483e0 nmethod 12257 0x000002005af47290 code [0x000002005af47520, 0x000002005af480a8]
Event: 7898.551 Thread 0x000002006cd483e0 12258       3       java.lang.ref.ReferenceQueue::remove0 (64 bytes)
Event: 7898.555 Thread 0x000002006cd483e0 nmethod 12258 0x000002005af48490 code [0x000002005af486a0, 0x000002005af48b20]
Event: 7958.548 Thread 0x000002006cd483e0 12259       3       java.util.concurrent.locks.AbstractQueuedSynchronizer$ConditionObject::await (202 bytes)
Event: 7958.572 Thread 0x000002006cd483e0 nmethod 12259 0x000002005af48c90 code [0x000002005af48f80, 0x000002005af49db0]
Event: 8254.809 Thread 0x000002006cd483e0 12260       3       org.eclipse.core.internal.jobs.JobQueue::isEmpty (18 bytes)
Event: 8254.812 Thread 0x000002006cd483e0 nmethod 12260 0x000002005af4a390 code [0x000002005af4a540, 0x000002005af4a6d0]
Event: 8314.812 Thread 0x000002006cd483e0 12261   !   3       org.eclipse.core.internal.jobs.JobManager::sleepHint (67 bytes)
Event: 8314.832 Thread 0x000002006cd483e0 nmethod 12261 0x000002005af4a790 code [0x000002005af4aa00, 0x000002005af4b4d0]
Event: 8377.673 Thread 0x000002006cd483e0 12262       3       java.lang.ref.ReferenceQueue::await (15 bytes)
Event: 8377.675 Thread 0x000002006cd483e0 nmethod 12262 0x000002005af4b990 code [0x000002005af4bb40, 0x000002005af4bce0]

GC Heap History (20 events):
Event: 34.295 GC heap before
{Heap before GC invocations=86 (full 3):
 PSYoungGen      total 19968K, used 19362K [0x00000000d5580000, 0x00000000d6c00000, 0x0000000100000000)
  eden space 16896K, 97% used [0x00000000d5580000,0x00000000d659bd38,0x00000000d6600000)
  from space 3072K, 93% used [0x00000000d6900000,0x00000000d6bccda8,0x00000000d6c00000)
  to   space 3072K, 0% used [0x00000000d6600000,0x00000000d6600000,0x00000000d6900000)
 ParOldGen       total 79872K, used 79810K [0x0000000080000000, 0x0000000084e00000, 0x00000000d5580000)
  object space 79872K, 99% used [0x0000000080000000,0x0000000084df0bf0,0x0000000084e00000)
 Metaspace       used 67146K, committed 68672K, reserved 1114112K
  class space    used 7182K, committed 7808K, reserved 1048576K
}
Event: 34.297 GC heap after
{Heap after GC invocations=86 (full 3):
 PSYoungGen      total 17408K, used 288K [0x00000000d5580000, 0x00000000d6980000, 0x0000000100000000)
  eden space 16896K, 0% used [0x00000000d5580000,0x00000000d5580000,0x00000000d6600000)
  from space 512K, 56% used [0x00000000d6600000,0x00000000d6648000,0x00000000d6680000)
  to   space 1536K, 0% used [0x00000000d6800000,0x00000000d6800000,0x00000000d6980000)
 ParOldGen       total 80896K, used 80522K [0x0000000080000000, 0x0000000084f00000, 0x00000000d5580000)
  object space 80896K, 99% used [0x0000000080000000,0x0000000084ea2bf0,0x0000000084f00000)
 Metaspace       used 67146K, committed 68672K, reserved 1114112K
  class space    used 7182K, committed 7808K, reserved 1048576K
}
Event: 34.387 GC heap before
{Heap before GC invocations=87 (full 3):
 PSYoungGen      total 17408K, used 17168K [0x00000000d5580000, 0x00000000d6980000, 0x0000000100000000)
  eden space 16896K, 99% used [0x00000000d5580000,0x00000000d65fc008,0x00000000d6600000)
  from space 512K, 56% used [0x00000000d6600000,0x00000000d6648000,0x00000000d6680000)
  to   space 1536K, 0% used [0x00000000d6800000,0x00000000d6800000,0x00000000d6980000)
 ParOldGen       total 80896K, used 80522K [0x0000000080000000, 0x0000000084f00000, 0x00000000d5580000)
  object space 80896K, 99% used [0x0000000080000000,0x0000000084ea2bf0,0x0000000084f00000)
 Metaspace       used 67167K, committed 68672K, reserved 1114112K
  class space    used 7182K, committed 7808K, reserved 1048576K
}
Event: 34.389 GC heap after
{Heap after GC invocations=87 (full 3):
 PSYoungGen      total 17408K, used 428K [0x00000000d5580000, 0x00000000d6880000, 0x0000000100000000)
  eden space 16896K, 0% used [0x00000000d5580000,0x00000000d5580000,0x00000000d6600000)
  from space 512K, 83% used [0x00000000d6800000,0x00000000d686b238,0x00000000d6880000)
  to   space 1024K, 0% used [0x00000000d6680000,0x00000000d6680000,0x00000000d6780000)
 ParOldGen       total 82432K, used 82011K [0x0000000080000000, 0x0000000085080000, 0x00000000d5580000)
  object space 82432K, 99% used [0x0000000080000000,0x0000000085016e88,0x0000000085080000)
 Metaspace       used 67167K, committed 68672K, reserved 1114112K
  class space    used 7182K, committed 7808K, reserved 1048576K
}
Event: 34.460 GC heap before
{Heap before GC invocations=88 (full 3):
 PSYoungGen      total 17408K, used 16756K [0x00000000d5580000, 0x00000000d6880000, 0x0000000100000000)
  eden space 16896K, 96% used [0x00000000d5580000,0x00000000d6571f68,0x00000000d6600000)
  from space 512K, 83% used [0x00000000d6800000,0x00000000d686b238,0x00000000d6880000)
  to   space 1024K, 0% used [0x00000000d6680000,0x00000000d6680000,0x00000000d6780000)
 ParOldGen       total 82432K, used 82011K [0x0000000080000000, 0x0000000085080000, 0x00000000d5580000)
  object space 82432K, 99% used [0x0000000080000000,0x0000000085016e88,0x0000000085080000)
 Metaspace       used 67178K, committed 68672K, reserved 1114112K
  class space    used 7182K, committed 7808K, reserved 1048576K
}
Event: 34.461 GC heap after
{Heap after GC invocations=88 (full 3):
 PSYoungGen      total 17920K, used 224K [0x00000000d5580000, 0x00000000d6880000, 0x0000000100000000)
  eden space 16896K, 0% used [0x00000000d5580000,0x00000000d5580000,0x00000000d6600000)
  from space 1024K, 21% used [0x00000000d6680000,0x00000000d66b8000,0x00000000d6780000)
  to   space 512K, 0% used [0x00000000d6800000,0x00000000d6800000,0x00000000d6880000)
 ParOldGen       total 82432K, used 82035K [0x0000000080000000, 0x0000000085080000, 0x00000000d5580000)
  object space 82432K, 99% used [0x0000000080000000,0x000000008501ce88,0x0000000085080000)
 Metaspace       used 67178K, committed 68672K, reserved 1114112K
  class space    used 7182K, committed 7808K, reserved 1048576K
}
Event: 34.550 GC heap before
{Heap before GC invocations=89 (full 3):
 PSYoungGen      total 17920K, used 17120K [0x00000000d5580000, 0x00000000d6880000, 0x0000000100000000)
  eden space 16896K, 100% used [0x00000000d5580000,0x00000000d6600000,0x00000000d6600000)
  from space 1024K, 21% used [0x00000000d6680000,0x00000000d66b8000,0x00000000d6780000)
  to   space 512K, 0% used [0x00000000d6800000,0x00000000d6800000,0x00000000d6880000)
 ParOldGen       total 82432K, used 82035K [0x0000000080000000, 0x0000000085080000, 0x00000000d5580000)
  object space 82432K, 99% used [0x0000000080000000,0x000000008501ce88,0x0000000085080000)
 Metaspace       used 67183K, committed 68672K, reserved 1114112K
  class space    used 7182K, committed 7808K, reserved 1048576K
}
Event: 34.552 GC heap after
{Heap after GC invocations=89 (full 3):
 PSYoungGen      total 17408K, used 512K [0x00000000d5580000, 0x00000000d6880000, 0x0000000100000000)
  eden space 16896K, 0% used [0x00000000d5580000,0x00000000d5580000,0x00000000d6600000)
  from space 512K, 100% used [0x00000000d6800000,0x00000000d6880000,0x00000000d6880000)
  to   space 1024K, 0% used [0x00000000d6680000,0x00000000d6680000,0x00000000d6780000)
 ParOldGen       total 82432K, used 82203K [0x0000000080000000, 0x0000000085080000, 0x00000000d5580000)
  object space 82432K, 99% used [0x0000000080000000,0x0000000085046e88,0x0000000085080000)
 Metaspace       used 67183K, committed 68672K, reserved 1114112K
  class space    used 7182K, committed 7808K, reserved 1048576K
}
Event: 34.694 GC heap before
{Heap before GC invocations=90 (full 3):
 PSYoungGen      total 17408K, used 16208K [0x00000000d5580000, 0x00000000d6880000, 0x0000000100000000)
  eden space 16896K, 92% used [0x00000000d5580000,0x00000000d64d42d0,0x00000000d6600000)
  from space 512K, 100% used [0x00000000d6800000,0x00000000d6880000,0x00000000d6880000)
  to   space 1024K, 0% used [0x00000000d6680000,0x00000000d6680000,0x00000000d6780000)
 ParOldGen       total 82432K, used 82203K [0x0000000080000000, 0x0000000085080000, 0x00000000d5580000)
  object space 82432K, 99% used [0x0000000080000000,0x0000000085046e88,0x0000000085080000)
 Metaspace       used 67223K, committed 68736K, reserved 1114112K
  class space    used 7188K, committed 7808K, reserved 1048576K
}
Event: 34.695 GC heap after
{Heap after GC invocations=90 (full 3):
 PSYoungGen      total 17920K, used 512K [0x00000000d5580000, 0x00000000d6880000, 0x0000000100000000)
  eden space 16896K, 0% used [0x00000000d5580000,0x00000000d5580000,0x00000000d6600000)
  from space 1024K, 50% used [0x00000000d6680000,0x00000000d6700000,0x00000000d6780000)
  to   space 1024K, 0% used [0x00000000d6780000,0x00000000d6780000,0x00000000d6880000)
 ParOldGen       total 82944K, used 82707K [0x0000000080000000, 0x0000000085100000, 0x00000000d5580000)
  object space 82944K, 99% used [0x0000000080000000,0x00000000850c4e88,0x0000000085100000)
 Metaspace       used 67223K, committed 68736K, reserved 1114112K
  class space    used 7188K, committed 7808K, reserved 1048576K
}
Event: 34.762 GC heap before
{Heap before GC invocations=91 (full 3):
 PSYoungGen      total 17920K, used 16827K [0x00000000d5580000, 0x00000000d6880000, 0x0000000100000000)
  eden space 16896K, 96% used [0x00000000d5580000,0x00000000d656efc8,0x00000000d6600000)
  from space 1024K, 50% used [0x00000000d6680000,0x00000000d6700000,0x00000000d6780000)
  to   space 1024K, 0% used [0x00000000d6780000,0x00000000d6780000,0x00000000d6880000)
 ParOldGen       total 82944K, used 82707K [0x0000000080000000, 0x0000000085100000, 0x00000000d5580000)
  object space 82944K, 99% used [0x0000000080000000,0x00000000850c4e88,0x0000000085100000)
 Metaspace       used 67253K, committed 68800K, reserved 1114112K
  class space    used 7188K, committed 7808K, reserved 1048576K
}
Event: 34.763 GC heap after
{Heap after GC invocations=91 (full 3):
 PSYoungGen      total 17408K, used 192K [0x00000000d5580000, 0x00000000d6800000, 0x0000000100000000)
  eden space 16896K, 0% used [0x00000000d5580000,0x00000000d5580000,0x00000000d6600000)
  from space 512K, 37% used [0x00000000d6780000,0x00000000d67b0000,0x00000000d6800000)
  to   space 512K, 0% used [0x00000000d6700000,0x00000000d6700000,0x00000000d6780000)
 ParOldGen       total 83456K, used 83067K [0x0000000080000000, 0x0000000085180000, 0x00000000d5580000)
  object space 83456K, 99% used [0x0000000080000000,0x000000008511ee88,0x0000000085180000)
 Metaspace       used 67253K, committed 68800K, reserved 1114112K
  class space    used 7188K, committed 7808K, reserved 1048576K
}
Event: 34.859 GC heap before
{Heap before GC invocations=92 (full 3):
 PSYoungGen      total 17408K, used 15915K [0x00000000d5580000, 0x00000000d6800000, 0x0000000100000000)
  eden space 16896K, 93% used [0x00000000d5580000,0x00000000d64dadc8,0x00000000d6600000)
  from space 512K, 37% used [0x00000000d6780000,0x00000000d67b0000,0x00000000d6800000)
  to   space 512K, 0% used [0x00000000d6700000,0x00000000d6700000,0x00000000d6780000)
 ParOldGen       total 83456K, used 83067K [0x0000000080000000, 0x0000000085180000, 0x00000000d5580000)
  object space 83456K, 99% used [0x0000000080000000,0x000000008511ee88,0x0000000085180000)
 Metaspace       used 67311K, committed 68800K, reserved 1114112K
  class space    used 7196K, committed 7808K, reserved 1048576K
}
Event: 34.861 GC heap after
{Heap after GC invocations=92 (full 3):
 PSYoungGen      total 17408K, used 481K [0x00000000d5580000, 0x00000000d6800000, 0x0000000100000000)
  eden space 16896K, 0% used [0x00000000d5580000,0x00000000d5580000,0x00000000d6600000)
  from space 512K, 94% used [0x00000000d6700000,0x00000000d6778780,0x00000000d6780000)
  to   space 512K, 0% used [0x00000000d6780000,0x00000000d6780000,0x00000000d6800000)
 ParOldGen       total 83456K, used 83239K [0x0000000080000000, 0x0000000085180000, 0x00000000d5580000)
  object space 83456K, 99% used [0x0000000080000000,0x0000000085149e98,0x0000000085180000)
 Metaspace       used 67311K, committed 68800K, reserved 1114112K
  class space    used 7196K, committed 7808K, reserved 1048576K
}
Event: 34.904 GC heap before
{Heap before GC invocations=93 (full 3):
 PSYoungGen      total 17408K, used 17377K [0x00000000d5580000, 0x00000000d6800000, 0x0000000100000000)
  eden space 16896K, 100% used [0x00000000d5580000,0x00000000d6600000,0x00000000d6600000)
  from space 512K, 94% used [0x00000000d6700000,0x00000000d6778780,0x00000000d6780000)
  to   space 512K, 0% used [0x00000000d6780000,0x00000000d6780000,0x00000000d6800000)
 ParOldGen       total 83456K, used 83239K [0x0000000080000000, 0x0000000085180000, 0x00000000d5580000)
  object space 83456K, 99% used [0x0000000080000000,0x0000000085149e98,0x0000000085180000)
 Metaspace       used 67318K, committed 68800K, reserved 1114112K
  class space    used 7196K, committed 7808K, reserved 1048576K
}
Event: 34.906 GC heap after
{Heap after GC invocations=93 (full 3):
 PSYoungGen      total 17408K, used 502K [0x00000000d5580000, 0x00000000d6800000, 0x0000000100000000)
  eden space 16896K, 0% used [0x00000000d5580000,0x00000000d5580000,0x00000000d6600000)
  from space 512K, 98% used [0x00000000d6780000,0x00000000d67fd950,0x00000000d6800000)
  to   space 1024K, 0% used [0x00000000d6600000,0x00000000d6600000,0x00000000d6700000)
 ParOldGen       total 83968K, used 83662K [0x0000000080000000, 0x0000000085200000, 0x00000000d5580000)
  object space 83968K, 99% used [0x0000000080000000,0x00000000851b3a38,0x0000000085200000)
 Metaspace       used 67318K, committed 68800K, reserved 1114112K
  class space    used 7196K, committed 7808K, reserved 1048576K
}
Event: 34.972 GC heap before
{Heap before GC invocations=94 (full 3):
 PSYoungGen      total 17408K, used 17398K [0x00000000d5580000, 0x00000000d6800000, 0x0000000100000000)
  eden space 16896K, 100% used [0x00000000d5580000,0x00000000d6600000,0x00000000d6600000)
  from space 512K, 98% used [0x00000000d6780000,0x00000000d67fd950,0x00000000d6800000)
  to   space 1024K, 0% used [0x00000000d6600000,0x00000000d6600000,0x00000000d6700000)
 ParOldGen       total 83968K, used 83662K [0x0000000080000000, 0x0000000085200000, 0x00000000d5580000)
  object space 83968K, 99% used [0x0000000080000000,0x00000000851b3a38,0x0000000085200000)
 Metaspace       used 67329K, committed 68800K, reserved 1114112K
  class space    used 7196K, committed 7808K, reserved 1048576K
}
Event: 34.973 GC heap after
{Heap after GC invocations=94 (full 3):
 PSYoungGen      total 17920K, used 288K [0x00000000d5580000, 0x00000000d6800000, 0x0000000100000000)
  eden space 16896K, 0% used [0x00000000d5580000,0x00000000d5580000,0x00000000d6600000)
  from space 1024K, 28% used [0x00000000d6600000,0x00000000d6648000,0x00000000d6700000)
  to   space 1024K, 0% used [0x00000000d6700000,0x00000000d6700000,0x00000000d6800000)
 ParOldGen       total 84480K, used 83988K [0x0000000080000000, 0x0000000085280000, 0x00000000d5580000)
  object space 84480K, 99% used [0x0000000080000000,0x0000000085205388,0x0000000085280000)
 Metaspace       used 67329K, committed 68800K, reserved 1114112K
  class space    used 7196K, committed 7808K, reserved 1048576K
}
Event: 35.043 GC heap before
{Heap before GC invocations=95 (full 3):
 PSYoungGen      total 17920K, used 17184K [0x00000000d5580000, 0x00000000d6800000, 0x0000000100000000)
  eden space 16896K, 100% used [0x00000000d5580000,0x00000000d6600000,0x00000000d6600000)
  from space 1024K, 28% used [0x00000000d6600000,0x00000000d6648000,0x00000000d6700000)
  to   space 1024K, 0% used [0x00000000d6700000,0x00000000d6700000,0x00000000d6800000)
 ParOldGen       total 84480K, used 83988K [0x0000000080000000, 0x0000000085280000, 0x00000000d5580000)
  object space 84480K, 99% used [0x0000000080000000,0x0000000085205388,0x0000000085280000)
 Metaspace       used 67365K, committed 68864K, reserved 1114112K
  class space    used 7196K, committed 7808K, reserved 1048576K
}
Event: 35.045 GC heap after
{Heap after GC invocations=95 (full 3):
 PSYoungGen      total 17408K, used 256K [0x00000000d5580000, 0x00000000d6780000, 0x0000000100000000)
  eden space 16896K, 0% used [0x00000000d5580000,0x00000000d5580000,0x00000000d6600000)
  from space 512K, 50% used [0x00000000d6700000,0x00000000d6740000,0x00000000d6780000)
  to   space 512K, 0% used [0x00000000d6680000,0x00000000d6680000,0x00000000d6700000)
 ParOldGen       total 84480K, used 84020K [0x0000000080000000, 0x0000000085280000, 0x00000000d5580000)
  object space 84480K, 99% used [0x0000000080000000,0x000000008520d388,0x0000000085280000)
 Metaspace       used 67365K, committed 68864K, reserved 1114112K
  class space    used 7196K, committed 7808K, reserved 1048576K
}

Dll operation events (12 events):
Event: 0.011 Loaded shared library c:\Users\DELL\.vscode\extensions\redhat.java-1.54.0-win32-x64\jre\21.0.10-win32-x86_64\bin\java.dll
Event: 0.085 Loaded shared library c:\Users\DELL\.vscode\extensions\redhat.java-1.54.0-win32-x64\jre\21.0.10-win32-x86_64\bin\zip.dll
Event: 0.108 Loaded shared library C:\Users\DELL\.vscode\extensions\redhat.java-1.54.0-win32-x64\jre\21.0.10-win32-x86_64\bin\instrument.dll
Event: 0.114 Loaded shared library C:\Users\DELL\.vscode\extensions\redhat.java-1.54.0-win32-x64\jre\21.0.10-win32-x86_64\bin\net.dll
Event: 0.115 Loaded shared library C:\Users\DELL\.vscode\extensions\redhat.java-1.54.0-win32-x64\jre\21.0.10-win32-x86_64\bin\nio.dll
Event: 0.118 Loaded shared library C:\Users\DELL\.vscode\extensions\redhat.java-1.54.0-win32-x64\jre\21.0.10-win32-x86_64\bin\zip.dll
Event: 0.139 Loaded shared library C:\Users\DELL\.vscode\extensions\redhat.java-1.54.0-win32-x64\jre\21.0.10-win32-x86_64\bin\jimage.dll
Event: 0.245 Loaded shared library c:\Users\DELL\.vscode\extensions\redhat.java-1.54.0-win32-x64\jre\21.0.10-win32-x86_64\bin\verify.dll
Event: 2.358 Loaded shared library C:\Users\DELL\AppData\Roaming\Code\User\globalStorage\redhat.java\1.54.0\config_win\org.eclipse.equinox.launcher\org.eclipse.equinox.launcher.win32.win32.x86_64_1.3.0.v20260203-2149\eclipse_11919.dll
Event: 6.071 Loaded shared library C:\Users\DELL\AppData\Local\Temp\jna-2094529\jna7109536029775533023.dll
Event: 8.400 Loaded shared library C:\Users\DELL\.vscode\extensions\redhat.java-1.54.0-win32-x64\jre\21.0.10-win32-x86_64\bin\sunmscapi.dll
Event: 8.525 Loaded shared library C:\Users\DELL\.vscode\extensions\redhat.java-1.54.0-win32-x64\jre\21.0.10-win32-x86_64\bin\extnet.dll

Deoptimization events (20 events):
Event: 34.998 Thread 0x000002007590b230 DEOPT PACKING pc=0x000002005ac0ad72 sp=0x0000007cd55fd8b0
Event: 34.998 Thread 0x000002007590b230 DEOPT UNPACKING pc=0x0000020060a578e2 sp=0x0000007cd55fce28 mode 0
Event: 35.002 Thread 0x000002007590b230 DEOPT PACKING pc=0x000002005ae01553 sp=0x0000007cd55fd7b0
Event: 35.002 Thread 0x000002007590b230 DEOPT UNPACKING pc=0x0000020060a578e2 sp=0x0000007cd55fce70 mode 0
Event: 35.005 Thread 0x000002007590b230 DEOPT PACKING pc=0x000002005ac0ad72 sp=0x0000007cd55fd7b0
Event: 35.005 Thread 0x000002007590b230 DEOPT UNPACKING pc=0x0000020060a578e2 sp=0x0000007cd55fcd28 mode 0
Event: 35.013 Thread 0x000002007590b230 DEOPT PACKING pc=0x000002005ac0ad72 sp=0x0000007cd55fd8b0
Event: 35.013 Thread 0x000002007590b230 DEOPT UNPACKING pc=0x0000020060a578e2 sp=0x0000007cd55fce28 mode 0
Event: 35.015 Thread 0x000002007590b230 DEOPT PACKING pc=0x000002005ae01553 sp=0x0000007cd55fd7b0
Event: 35.015 Thread 0x000002007590b230 DEOPT UNPACKING pc=0x0000020060a578e2 sp=0x0000007cd55fce70 mode 0
Event: 35.048 Thread 0x000002007590b230 Uncommon trap: trap_request=0xffffffc6 fr.pc=0x00000200616d8e3c relative=0x00000000000001dc
Event: 35.048 Thread 0x000002007590b230 Uncommon trap: reason=bimorphic_or_optimized_type_check action=maybe_recompile pc=0x00000200616d8e3c method=java.util.stream.ReduceOps$ReduceOp.evaluateSequential(Ljava/util/stream/PipelineHelper;Ljava/util/Spliterator;)Ljava/lang/Object; @ 2 c2
Event: 35.048 Thread 0x000002007590b230 DEOPT PACKING pc=0x00000200616d8e3c sp=0x0000007cd55feb30
Event: 35.048 Thread 0x000002007590b230 DEOPT UNPACKING pc=0x0000020060a56da2 sp=0x0000007cd55feab0 mode 2
Event: 35.064 Thread 0x000002007590b230 DEOPT PACKING pc=0x000002005adcfbf8 sp=0x0000007cd55fe2d0
Event: 35.064 Thread 0x000002007590b230 DEOPT UNPACKING pc=0x0000020060a578e2 sp=0x0000007cd55fd758 mode 0
Event: 35.069 Thread 0x000002007590b230 DEOPT PACKING pc=0x000002005ac0ad72 sp=0x0000007cd55fdbc0
Event: 35.069 Thread 0x000002007590b230 DEOPT UNPACKING pc=0x0000020060a578e2 sp=0x0000007cd55fd138 mode 0
Event: 35.075 Thread 0x000002007590b230 DEOPT PACKING pc=0x000002005ac71681 sp=0x0000007cd55fdee0
Event: 35.075 Thread 0x000002007590b230 DEOPT UNPACKING pc=0x0000020060a578e2 sp=0x0000007cd55fd410 mode 0

Classes loaded (20 events):
Event: 27.758 Loading class java/util/stream/DistinctOps$1
Event: 27.758 Loading class java/util/stream/DistinctOps$1 done
Event: 27.792 Loading class java/util/stream/DistinctOps$1$2
Event: 27.792 Loading class java/util/stream/DistinctOps$1$2 done
Event: 32.273 Loading class sun/nio/cs/ISO_8859_1$Encoder
Event: 32.273 Loading class sun/nio/cs/ISO_8859_1$Encoder done
Event: 32.274 Loading class sun/nio/cs/Surrogate$Parser
Event: 32.274 Loading class sun/nio/cs/Surrogate$Parser done
Event: 32.274 Loading class sun/nio/cs/Surrogate
Event: 32.274 Loading class sun/nio/cs/Surrogate done
Event: 34.769 Loading class java/util/stream/ReferencePipeline$4
Event: 34.769 Loading class java/util/stream/ReferencePipeline$4 done
Event: 34.769 Loading class java/util/stream/Nodes$IntFixedNodeBuilder
Event: 34.769 Loading class java/util/stream/Node$Builder$OfInt
Event: 34.770 Loading class java/util/stream/Node$Builder$OfInt done
Event: 34.770 Loading class java/util/stream/Nodes$IntArrayNode
Event: 34.770 Loading class java/util/stream/Nodes$IntArrayNode done
Event: 34.770 Loading class java/util/stream/Nodes$IntFixedNodeBuilder done
Event: 34.770 Loading class java/util/stream/ReferencePipeline$4$1
Event: 34.770 Loading class java/util/stream/ReferencePipeline$4$1 done

Classes unloaded (7 events):
Event: 7.022 Thread 0x000002006cd21480 Unloading class 0x00000200011ad400 'java/lang/invoke/LambdaForm$MH+0x00000200011ad400'
Event: 7.022 Thread 0x000002006cd21480 Unloading class 0x00000200011ad000 'java/lang/invoke/LambdaForm$MH+0x00000200011ad000'
Event: 7.022 Thread 0x000002006cd21480 Unloading class 0x00000200011acc00 'java/lang/invoke/LambdaForm$MH+0x00000200011acc00'
Event: 7.022 Thread 0x000002006cd21480 Unloading class 0x00000200011ac800 'java/lang/invoke/LambdaForm$MH+0x00000200011ac800'
Event: 7.022 Thread 0x000002006cd21480 Unloading class 0x00000200011ac400 'java/lang/invoke/LambdaForm$BMH+0x00000200011ac400'
Event: 7.022 Thread 0x000002006cd21480 Unloading class 0x00000200011ac000 'java/lang/invoke/LambdaForm$DMH+0x00000200011ac000'
Event: 7.022 Thread 0x000002006cd21480 Unloading class 0x00000200011aac00 'java/lang/invoke/LambdaForm$DMH+0x00000200011aac00'

Classes redefined (0 events):
No events

Internal exceptions (20 events):
Event: 33.071 Thread 0x000002007590b230 Exception <a 'sun/nio/fs/WindowsException'{0x00000000d5618468}> (0x00000000d5618468) 
thrown [s\src\hotspot\share\prims\jni.cpp, line 520]
Event: 33.071 Thread 0x000002007590b230 Exception <a 'sun/nio/fs/WindowsException'{0x00000000d5618d48}> (0x00000000d5618d48) 
thrown [s\src\hotspot\share\prims\jni.cpp, line 520]
Event: 33.994 Thread 0x000002007590b230 Implicit null exception at 0x00000200615b41c9 to 0x00000200615b4390
Event: 34.096 Thread 0x000002007590b230 Implicit null exception at 0x000002006164041d to 0x00000200616406e1
Event: 34.579 Thread 0x000002007590b230 Exception <a 'sun/nio/fs/WindowsException'{0x00000000d599fec0}> (0x00000000d599fec0) 
thrown [s\src\hotspot\share\prims\jni.cpp, line 520]
Event: 34.579 Thread 0x000002007590b230 Exception <a 'sun/nio/fs/WindowsException'{0x00000000d59a07a0}> (0x00000000d59a07a0) 
thrown [s\src\hotspot\share\prims\jni.cpp, line 520]
Event: 34.650 Thread 0x000002007590b230 Exception <a 'sun/nio/fs/WindowsException'{0x00000000d5f0a610}> (0x00000000d5f0a610) 
thrown [s\src\hotspot\share\prims\jni.cpp, line 520]
Event: 34.650 Thread 0x000002007590b230 Exception <a 'sun/nio/fs/WindowsException'{0x00000000d5f0aef0}> (0x00000000d5f0aef0) 
thrown [s\src\hotspot\share\prims\jni.cpp, line 520]
Event: 34.676 Thread 0x000002007590b230 Exception <a 'sun/nio/fs/WindowsException'{0x00000000d6224828}> (0x00000000d6224828) 
thrown [s\src\hotspot\share\prims\jni.cpp, line 520]
Event: 34.676 Thread 0x000002007590b230 Exception <a 'sun/nio/fs/WindowsException'{0x00000000d6225108}> (0x00000000d6225108) 
thrown [s\src\hotspot\share\prims\jni.cpp, line 520]
Event: 34.726 Thread 0x000002007590b230 Exception <a 'sun/nio/fs/WindowsException'{0x00000000d5fb49a8}> (0x00000000d5fb49a8) 
thrown [s\src\hotspot\share\prims\jni.cpp, line 520]
Event: 34.727 Thread 0x000002007590b230 Exception <a 'sun/nio/fs/WindowsException'{0x00000000d5fb5288}> (0x00000000d5fb5288) 
thrown [s\src\hotspot\share\prims\jni.cpp, line 520]
Event: 34.752 Thread 0x000002007590b230 Exception <a 'sun/nio/fs/WindowsException'{0x00000000d64aaaf0}> (0x00000000d64aaaf0) 
thrown [s\src\hotspot\share\prims\jni.cpp, line 520]
Event: 34.752 Thread 0x000002007590b230 Exception <a 'sun/nio/fs/WindowsException'{0x00000000d64ab3d0}> (0x00000000d64ab3d0) 
thrown [s\src\hotspot\share\prims\jni.cpp, line 520]
Event: 34.780 Thread 0x000002007590b230 Exception <a 'sun/nio/fs/WindowsException'{0x00000000d5898f18}> (0x00000000d5898f18) 
thrown [s\src\hotspot\share\prims\jni.cpp, line 520]
Event: 34.780 Thread 0x000002007590b230 Exception <a 'sun/nio/fs/WindowsException'{0x00000000d58997f8}> (0x00000000d58997f8) 
thrown [s\src\hotspot\share\prims\jni.cpp, line 520]
Event: 35.024 Thread 0x000002007590b230 Exception <a 'sun/nio/fs/WindowsException'{0x00000000d652b360}> (0x00000000d652b360) 
thrown [s\src\hotspot\share\prims\jni.cpp, line 520]
Event: 35.024 Thread 0x000002007590b230 Exception <a 'sun/nio/fs/WindowsException'{0x00000000d652bc40}> (0x00000000d652bc40) 
thrown [s\src\hotspot\share\prims\jni.cpp, line 520]
Event: 35.097 Thread 0x000002007590b230 Exception <a 'sun/nio/fs/WindowsException'{0x00000000d5cc58e0}> (0x00000000d5cc58e0) 
thrown [s\src\hotspot\share\prims\jni.cpp, line 520]
Event: 35.097 Thread 0x000002007590b230 Exception <a 'sun/nio/fs/WindowsException'{0x00000000d5cc61c0}> (0x00000000d5cc61c0) 
thrown [s\src\hotspot\share\prims\jni.cpp, line 520]

ZGC Phase Switch (0 events):
No events

VM Operations (20 events):
Event: 8005.213 Executing non-safepoint VM operation: RendezvousGCThreads
Event: 8005.213 Executing non-safepoint VM operation: RendezvousGCThreads done
Event: 8231.212 Executing non-safepoint VM operation: HandshakeAllThreads (HandshakeForDeflation)
Event: 8231.212 Executing non-safepoint VM operation: HandshakeAllThreads (HandshakeForDeflation) done
Event: 8231.212 Executing non-safepoint VM operation: RendezvousGCThreads
Event: 8231.212 Executing non-safepoint VM operation: RendezvousGCThreads done
Event: 8291.314 Executing non-safepoint VM operation: HandshakeAllThreads (HandshakeForDeflation)
Event: 8291.314 Executing non-safepoint VM operation: HandshakeAllThreads (HandshakeForDeflation) done
Event: 8291.314 Executing non-safepoint VM operation: RendezvousGCThreads
Event: 8291.314 Executing non-safepoint VM operation: RendezvousGCThreads done
Event: 8351.454 Executing non-safepoint VM operation: HandshakeAllThreads (HandshakeForDeflation)
Event: 8351.454 Executing non-safepoint VM operation: HandshakeAllThreads (HandshakeForDeflation) done
Event: 8351.455 Executing non-safepoint VM operation: RendezvousGCThreads
Event: 8351.455 Executing non-safepoint VM operation: RendezvousGCThreads done
Event: 8392.713 Executing safepoint VM operation: Cleanup
Event: 8392.713 Executing safepoint VM operation: Cleanup done
Event: 8411.640 Executing non-safepoint VM operation: HandshakeAllThreads (HandshakeForDeflation)
Event: 8411.640 Executing non-safepoint VM operation: HandshakeAllThreads (HandshakeForDeflation) done
Event: 8411.640 Executing non-safepoint VM operation: RendezvousGCThreads
Event: 8411.640 Executing non-safepoint VM operation: RendezvousGCThreads done

Memory protections (0 events):
No events

Nmethod flushes (20 events):
Event: 24.602 Thread 0x000002006cd21480 flushing  nmethod 0x0000020059ce0f10
Event: 24.602 Thread 0x000002006cd21480 flushing  nmethod 0x0000020059d5af10
Event: 24.602 Thread 0x000002006cd21480 flushing  nmethod 0x0000020059d62d10
Event: 24.602 Thread 0x000002006cd21480 flushing  nmethod 0x0000020059d79690
Event: 24.602 Thread 0x000002006cd21480 flushing  nmethod 0x0000020059d7a590
Event: 24.602 Thread 0x000002006cd21480 flushing  nmethod 0x0000020059d7a910
Event: 24.602 Thread 0x000002006cd21480 flushing  nmethod 0x0000020059d7bf10
Event: 24.602 Thread 0x000002006cd21480 flushing  nmethod 0x0000020059d96a90
Event: 24.602 Thread 0x000002006cd21480 flushing  nmethod 0x0000020059d97190
Event: 24.602 Thread 0x000002006cd21480 flushing  nmethod 0x0000020059d97790
Event: 24.602 Thread 0x000002006cd21480 flushing  nmethod 0x0000020059d98610
Event: 24.602 Thread 0x000002006cd21480 flushing  nmethod 0x0000020059d9bd10
Event: 24.602 Thread 0x000002006cd21480 flushing  nmethod 0x0000020059db4390
Event: 24.602 Thread 0x000002006cd21480 flushing  nmethod 0x0000020059e32f10
Event: 24.602 Thread 0x000002006cd21480 flushing  nmethod 0x0000020059e33e10
Event: 24.602 Thread 0x000002006cd21480 flushing  nmethod 0x0000020059e34210
Event: 24.602 Thread 0x000002006cd21480 flushing  nmethod 0x0000020059e34610
Event: 24.602 Thread 0x000002006cd21480 flushing  nmethod 0x0000020059e3f390
Event: 24.602 Thread 0x000002006cd21480 flushing  nmethod 0x0000020059e63a10
Event: 24.602 Thread 0x000002006cd21480 flushing  nmethod 0x0000020059e65b90

Events (20 events):
Event: 26.687 Thread 0x0000020076c57df0 Thread exited: 0x0000020076c57df0
Event: 27.436 Thread 0x000002006cd483e0 Thread added: 0x0000020076c54e40
Event: 30.416 Thread 0x0000020076c54e40 Thread exited: 0x0000020076c54e40
Event: 31.635 Thread 0x000002006cd483e0 Thread added: 0x0000020076c57df0
Event: 32.129 Thread 0x000002007590b230 Thread added: 0x00000200774096b0
Event: 32.160 Thread 0x00000200774096b0 Thread exited: 0x00000200774096b0
Event: 35.060 Thread 0x000002007590b230 Thread added: 0x00000200774096b0
Event: 35.060 Thread 0x00000200774096b0 Thread exited: 0x00000200774096b0
Event: 40.597 Thread 0x0000020076c57df0 Thread exited: 0x0000020076c57df0
Event: 85.981 Thread 0x00000200739d9020 Thread exited: 0x00000200739d9020
Event: 89.693 Thread 0x00000200739d8990 Thread exited: 0x00000200739d8990
Event: 90.214 Thread 0x00000200739d96b0 Thread exited: 0x00000200739d96b0
Event: 95.114 Thread 0x000002007590b230 Thread exited: 0x000002007590b230
Event: 150.445 Thread 0x00000200739d6f50 Thread exited: 0x00000200739d6f50
Event: 155.117 Thread 0x00000200759042a0 Thread exited: 0x00000200759042a0
Event: 215.127 Thread 0x0000020075909e80 Thread exited: 0x0000020075909e80
Event: 275.131 Thread 0x000002007590a510 Thread exited: 0x000002007590a510
Event: 335.132 Thread 0x0000020075909160 Thread exited: 0x0000020075909160
Event: 395.171 Thread 0x0000020075908440 Thread exited: 0x0000020075908440
Event: 455.212 Thread 0x000002007590aba0 Thread exited: 0x000002007590aba0


Dynamic libraries:
0x00007ff661c10000 - 0x00007ff661c1e000 	c:\Users\DELL\.vscode\extensions\redhat.java-1.54.0-win32-x64\jre\21.0.10-win32-x86_64\bin\java.exe
0x00007ffc450d0000 - 0x00007ffc452c8000 	C:\WINDOWS\SYSTEM32\ntdll.dll
0x00007ffc44f90000 - 0x00007ffc45052000 	C:\WINDOWS\System32\KERNEL32.DLL
0x00007ffc42930000 - 0x00007ffc42c26000 	C:\WINDOWS\System32\KERNELBASE.dll
0x00007ffc42760000 - 0x00007ffc42860000 	C:\WINDOWS\System32\ucrtbase.dll
0x00007ffbf62d0000 - 0x00007ffbf62e8000 	c:\Users\DELL\.vscode\extensions\redhat.java-1.54.0-win32-x64\jre\21.0.10-win32-x86_64\bin\jli.dll
0x00007ffc44460000 - 0x00007ffc44601000 	C:\WINDOWS\System32\USER32.dll
0x00007ffc42730000 - 0x00007ffc42752000 	C:\WINDOWS\System32\win32u.dll
0x00007ffc43120000 - 0x00007ffc4314b000 	C:\WINDOWS\System32\GDI32.dll
0x00007ffc42fa0000 - 0x00007ffc430b9000 	C:\WINDOWS\System32\gdi32full.dll
0x00007ffc42860000 - 0x00007ffc428fd000 	C:\WINDOWS\System32\msvcp_win.dll
0x00007ffbfd900000 - 0x00007ffbfd91e000 	c:\Users\DELL\.vscode\extensions\redhat.java-1.54.0-win32-x64\jre\21.0.10-win32-x86_64\bin\VCRUNTIME140.dll
0x00007ffc270c0000 - 0x00007ffc2735b000 	C:\WINDOWS\WinSxS\amd64_microsoft.windows.common-controls_6595b64144ccf1df_6.0.19041.6456_none_60b8a6cb71f64256\COMCTL32.dll
0x00007ffc44ef0000 - 0x00007ffc44f8e000 	C:\WINDOWS\System32\msvcrt.dll
0x00007ffc44100000 - 0x00007ffc4412f000 	C:\WINDOWS\System32\IMM32.DLL
0x00007ffc38b40000 - 0x00007ffc38b4c000 	c:\Users\DELL\.vscode\extensions\redhat.java-1.54.0-win32-x64\jre\21.0.10-win32-x86_64\bin\vcruntime140_1.dll
0x00007ffb9f2f0000 - 0x00007ffb9f37d000 	c:\Users\DELL\.vscode\extensions\redhat.java-1.54.0-win32-x64\jre\21.0.10-win32-x86_64\bin\msvcp140.dll
0x00007ffb98f60000 - 0x00007ffb99d01000 	c:\Users\DELL\.vscode\extensions\redhat.java-1.54.0-win32-x64\jre\21.0.10-win32-x86_64\bin\server\jvm.dll
0x00007ffc44e30000 - 0x00007ffc44ee1000 	C:\WINDOWS\System32\ADVAPI32.dll
0x00007ffc44210000 - 0x00007ffc442af000 	C:\WINDOWS\System32\sechost.dll
0x00007ffc43b70000 - 0x00007ffc43c90000 	C:\WINDOWS\System32\RPCRT4.dll
0x00007ffc42900000 - 0x00007ffc42927000 	C:\WINDOWS\System32\bcrypt.dll
0x00007ffc441a0000 - 0x00007ffc4420b000 	C:\WINDOWS\System32\WS2_32.dll
0x00007ffc41b50000 - 0x00007ffc41b9b000 	C:\WINDOWS\SYSTEM32\POWRPROF.dll
0x00007ffc31570000 - 0x00007ffc31597000 	C:\WINDOWS\SYSTEM32\WINMM.dll
0x00007ffc389f0000 - 0x00007ffc389fa000 	C:\WINDOWS\SYSTEM32\VERSION.dll
0x00007ffc41af0000 - 0x00007ffc41b02000 	C:\WINDOWS\SYSTEM32\UMPDC.dll
0x00007ffc40f00000 - 0x00007ffc40f12000 	C:\WINDOWS\SYSTEM32\kernel.appcore.dll
0x00007ffc356e0000 - 0x00007ffc356ea000 	c:\Users\DELL\.vscode\extensions\redhat.java-1.54.0-win32-x64\jre\21.0.10-win32-x86_64\bin\jimage.dll
0x00007ffc40270000 - 0x00007ffc40471000 	C:\WINDOWS\SYSTEM32\DBGHELP.DLL
0x00007ffc24960000 - 0x00007ffc24994000 	C:\WINDOWS\SYSTEM32\dbgcore.DLL
0x00007ffc42f10000 - 0x00007ffc42f92000 	C:\WINDOWS\System32\bcryptPrimitives.dll
0x00007ffc22d40000 - 0x00007ffc22d4f000 	c:\Users\DELL\.vscode\extensions\redhat.java-1.54.0-win32-x64\jre\21.0.10-win32-x86_64\bin\instrument.dll
0x00007ffbd1170000 - 0x00007ffbd1190000 	c:\Users\DELL\.vscode\extensions\redhat.java-1.54.0-win32-x64\jre\21.0.10-win32-x86_64\bin\java.dll
0x00007ffc446c0000 - 0x00007ffc44e30000 	C:\WINDOWS\System32\SHELL32.dll
0x00007ffc40740000 - 0x00007ffc40ee5000 	C:\WINDOWS\SYSTEM32\windows.storage.dll
0x00007ffc43800000 - 0x00007ffc43b54000 	C:\WINDOWS\System32\combase.dll
0x00007ffc42080000 - 0x00007ffc420ab000 	C:\WINDOWS\SYSTEM32\Wldp.dll
0x00007ffc43510000 - 0x00007ffc435dd000 	C:\WINDOWS\System32\OLEAUT32.dll
0x00007ffc43150000 - 0x00007ffc431fd000 	C:\WINDOWS\System32\SHCORE.dll
0x00007ffc435e0000 - 0x00007ffc4363b000 	C:\WINDOWS\System32\shlwapi.dll
0x00007ffc42660000 - 0x00007ffc42684000 	C:\WINDOWS\SYSTEM32\profapi.dll
0x00007ffbcf930000 - 0x00007ffbcf948000 	c:\Users\DELL\.vscode\extensions\redhat.java-1.54.0-win32-x64\jre\21.0.10-win32-x86_64\bin\zip.dll
0x00007ffc22760000 - 0x00007ffc22770000 	C:\Users\DELL\.vscode\extensions\redhat.java-1.54.0-win32-x64\jre\21.0.10-win32-x86_64\bin\net.dll
0x00007ffc3f370000 - 0x00007ffc3f47a000 	C:\WINDOWS\SYSTEM32\WINHTTP.dll
0x00007ffc41e60000 - 0x00007ffc41eca000 	C:\WINDOWS\system32\mswsock.dll
0x00007ffbb9960000 - 0x00007ffbb9976000 	C:\Users\DELL\.vscode\extensions\redhat.java-1.54.0-win32-x64\jre\21.0.10-win32-x86_64\bin\nio.dll
0x00007ffc21f60000 - 0x00007ffc21f70000 	c:\Users\DELL\.vscode\extensions\redhat.java-1.54.0-win32-x64\jre\21.0.10-win32-x86_64\bin\verify.dll
0x00007ffbf5d60000 - 0x00007ffbf5da5000 	C:\Users\DELL\AppData\Roaming\Code\User\globalStorage\redhat.java\1.54.0\config_win\org.eclipse.equinox.launcher\org.eclipse.equinox.launcher.win32.win32.x86_64_1.3.0.v20260203-2149\eclipse_11919.dll
0x00007ffc436d0000 - 0x00007ffc437fb000 	C:\WINDOWS\System32\ole32.dll
0x00007ffc420c0000 - 0x00007ffc420d8000 	C:\WINDOWS\SYSTEM32\CRYPTSP.dll
0x00007ffc41730000 - 0x00007ffc41768000 	C:\WINDOWS\system32\rsaenh.dll
0x00007ffc425e0000 - 0x00007ffc4260e000 	C:\WINDOWS\SYSTEM32\USERENV.dll
0x00007ffc41ff0000 - 0x00007ffc41ffc000 	C:\WINDOWS\SYSTEM32\CRYPTBASE.dll
0x00007ffc41b10000 - 0x00007ffc41b4b000 	C:\WINDOWS\SYSTEM32\IPHLPAPI.DLL
0x00007ffc44610000 - 0x00007ffc44618000 	C:\WINDOWS\System32\NSI.dll
0x00007ffbce800000 - 0x00007ffbce849000 	C:\Users\DELL\AppData\Local\Temp\jna-2094529\jna7109536029775533023.dll
0x00007ffc44190000 - 0x00007ffc44198000 	C:\WINDOWS\System32\PSAPI.DLL
0x00007ffc38950000 - 0x00007ffc38967000 	C:\WINDOWS\SYSTEM32\dhcpcsvc6.DLL
0x00007ffc38cc0000 - 0x00007ffc38cdd000 	C:\WINDOWS\SYSTEM32\dhcpcsvc.DLL
0x00007ffc18150000 - 0x00007ffc1815e000 	C:\Users\DELL\.vscode\extensions\redhat.java-1.54.0-win32-x64\jre\21.0.10-win32-x86_64\bin\sunmscapi.dll
0x00007ffc42cb0000 - 0x00007ffc42e0d000 	C:\WINDOWS\System32\CRYPT32.dll
0x00007ffc421d0000 - 0x00007ffc421f7000 	C:\WINDOWS\SYSTEM32\ncrypt.dll
0x00007ffc42190000 - 0x00007ffc421cb000 	C:\WINDOWS\SYSTEM32\NTASN1.dll
0x00007ffc41bb0000 - 0x00007ffc41c7a000 	C:\WINDOWS\SYSTEM32\DNSAPI.dll
0x00007ffc388d0000 - 0x00007ffc388da000 	C:\Windows\System32\rasadhlp.dll
0x00007ffc376e0000 - 0x00007ffc37760000 	C:\WINDOWS\System32\fwpuclnt.dll
0x00007ffc17a10000 - 0x00007ffc17a19000 	C:\Users\DELL\.vscode\extensions\redhat.java-1.54.0-win32-x64\jre\21.0.10-win32-x86_64\bin\extnet.dll

JVMTI agents:
c:\Users\DELL\.vscode\extensions\redhat.java-1.54.0-win32-x64\lombok\lombok-1.18.39-4050.jar path:c:\Users\DELL\.vscode\extensions\redhat.java-1.54.0-win32-x64\jre\21.0.10-win32-x86_64\bin\instrument.dll, loaded, initialized, instrumentlib options:none

dbghelp: loaded successfully - version: 4.0.5 - missing functions: none
symbol engine: initialized successfully - sym options: 0x614 - pdb path: .;c:\Users\DELL\.vscode\extensions\redhat.java-1.54.0-win32-x64\jre\21.0.10-win32-x86_64\bin;C:\WINDOWS\SYSTEM32;C:\WINDOWS\WinSxS\amd64_microsoft.windows.common-controls_6595b64144ccf1df_6.0.19041.6456_none_60b8a6cb71f64256;c:\Users\DELL\.vscode\extensions\redhat.java-1.54.0-win32-x64\jre\21.0.10-win32-x86_64\bin\server;C:\Users\DELL\AppData\Roaming\Code\User\globalStorage\redhat.java\1.54.0\config_win\org.eclipse.equinox.launcher\org.eclipse.equinox.launcher.win32.win32.x86_64_1.3.0.v20260203-2149;C:\Users\DELL\AppData\Local\Temp\jna-2094529

VM Arguments:
jvm_args: --add-modules=ALL-SYSTEM --add-opens=java.base/java.util=ALL-UNNAMED --add-opens=java.base/java.lang=ALL-UNNAMED --add-opens=java.base/sun.nio.fs=ALL-UNNAMED -Declipse.application=org.eclipse.jdt.ls.core.id1 -Dosgi.bundles.defaultStartLevel=4 -Declipse.product=org.eclipse.jdt.ls.core.product -Djava.import.generatesMetadataFilesAtProjectRoot=false -DDetectVMInstallationsJob.disabled=true -Dfile.encoding=utf8 -XX:+UseParallelGC -XX:GCTimeRatio=4 -XX:AdaptiveSizePolicyWeight=90 -Dsun.zip.disableMemoryMapping=true -Xmx2G -Xms100m -Xlog:disable -javaagent:c:\Users\DELL\.vscode\extensions\redhat.java-1.54.0-win32-x64\lombok\lombok-1.18.39-4050.jar -XX:+HeapDumpOnOutOfMemoryError -XX:HeapDumpPath=c:\Users\DELL\AppData\Roaming\Code\User\workspaceStorage\f344cfecaae3a1e706eeb4b3134648e1\redhat.java -Daether.dependencyCollector.impl=bf 
java_command: c:\Users\DELL\.vscode\extensions\redhat.java-1.54.0-win32-x64\server\plugins\org.eclipse.equinox.launcher_1.7.100.v20251111-0406.jar -configuration c:\Users\DELL\AppData\Roaming\Code\User\globalStorage\redhat.java\1.54.0\config_win -data c:\Users\DELL\AppData\Roaming\Code\User\workspaceStorage\f344cfecaae3a1e706eeb4b3134648e1\redhat.java\jdt_ws --pipe=\\.\pipe\lsp-95944d7388c4ba93c052ca50f7519ee0-sock
java_class_path (initial): c:\Users\DELL\.vscode\extensions\redhat.java-1.54.0-win32-x64\server\plugins\org.eclipse.equinox.launcher_1.7.100.v20251111-0406.jar
Launcher Type: SUN_STANDARD

[Global flags]
    uintx AdaptiveSizePolicyWeight                 = 90                                        {product} {command line}
     intx CICompilerCount                          = 4                                         {product} {ergonomic}
    uintx GCTimeRatio                              = 4                                         {product} {command line}
     bool HeapDumpOnOutOfMemoryError               = true                                   {manageable} {command line}
    ccstr HeapDumpPath                             = c:\Users\DELL\AppData\Roaming\Code\User\workspaceStorage\f344cfecaae3a1e706eeb4b3134648e1\redhat.java         {manageable} {command line}
   size_t InitialHeapSize                          = 104857600                                 {product} {command line}
   size_t MaxHeapSize                              = 2147483648                                {product} {command line}
   size_t MaxNewSize                               = 715653120                                 {product} {ergonomic}
   size_t MinHeapDeltaBytes                        = 524288                                    {product} {ergonomic}
   size_t MinHeapSize                              = 104857600                                 {product} {command line}
   size_t NewSize                                  = 34603008                                  {product} {ergonomic}
    uintx NonNMethodCodeHeapSize                   = 5839372                                {pd product} {ergonomic}
    uintx NonProfiledCodeHeapSize                  = 122909434                              {pd product} {ergonomic}
   size_t OldSize                                  = 70254592                                  {product} {ergonomic}
    uintx ProfiledCodeHeapSize                     = 122909434                              {pd product} {ergonomic}
    uintx ReservedCodeCacheSize                    = 251658240                              {pd product} {ergonomic}
     bool SegmentedCodeCache                       = true                                      {product} {ergonomic}
   size_t SoftMaxHeapSize                          = 2147483648                             {manageable} {ergonomic}
     bool UseCompressedOops                        = true                           {product lp64_product} {ergonomic}
     bool UseLargePagesIndividualAllocation        = false                                  {pd product} {ergonomic}
     bool UseParallelGC                            = true                                      {product} {command line}

Logging:
Log output configuration:
 #0: stdout all=off uptime,level,tags foldmultilines=false
 #1: stderr all=off uptime,level,tags foldmultilines=false

Release file:
JAVA_VERSION="21.0.10" 
MODULES="java.base java.compiler java.datatransfer java.xml java.prefs java.desktop java.instrument java.logging java.management java.security.sasl java.naming java.rmi java.management.rmi java.net.http java.scripting java.security.jgss java.transaction.xa java.sql java.sql.rowset java.xml.crypto java.se java.smartcardio jdk.accessibility jdk.internal.jvmstat jdk.attach jdk.charsets jdk.internal.opt jdk.zipfs jdk.compiler jdk.crypto.ec jdk.crypto.cryptoki jdk.crypto.mscapi jdk.dynalink jdk.internal.ed jdk.editpad jdk.hotspot.agent jdk.httpserver jdk.internal.le jdk.internal.vm.ci jdk.internal.vm.compiler jdk.internal.vm.compiler.management jdk.jartool jdk.javadoc jdk.jcmd jdk.management jdk.management.agent jdk.jconsole jdk.jdeps jdk.jdwp.agent jdk.jdi jdk.jfr jdk.jshell jdk.jsobject jdk.jstatd jdk.localedata jdk.management.jfr jdk.naming.dns jdk.naming.rmi jdk.net jdk.nio.mapmode jdk.random jdk.sctp jdk.security.auth jdk.security.jgss jdk.unsupported jdk.unsupported.desktop jdk.xml.dom" 

Environment Variables:
JAVA_HOME=C:\Program Files\Java\jdk-21
PATH=C:\Users\DELL\AppData\Local\Programs\Python\Python313\Scripts\;C:\Users\DELL\AppData\Local\Programs\Python\Python313\;C:\WINDOWS\system32;C:\WINDOWS;C:\WINDOWS\System32\Wbem;C:\WINDOWS\System32\WindowsPowerShell\v1.0\;C:\WINDOWS\System32\OpenSSH\;C:\Program Files\MATLAB\MATLAB Runtime\v90\runtime\win64;C:\Program Files\MATLAB\R2022a\bin;C:\Program Files (x86)\dotnet\;C:\Program Files\MiKTeX\miktex\bin\x64\;C:\Users\DELL\OneDrive\Desktop\Nouveau dossier\miktex\bin\x64\;C:\xampp\php;C:\ProgramData\ComposerSetup\bin;C:\Program Files\Git\cmd;C:\Program Files\Docker\Docker\resources\bin;C:\Program Files\nodejs\;C:\ProgramData\chocolatey\bin;C:\Program Files\dotnet\;C:\Program Files\Java\jdk-21\bin;C:\Program Files\Java\jdk-17\bin;C:\Program Files\Apache\maven\apache-maven-3.9.16\bin;C:\Users\DELL\AppData\Local\Programs\Python\Launcher\;C:\Users\DELL\AppData\Local\Programs\Python\Python310\Scripts\;C:\Users\DELL\AppData\Local\Programs\Python\Python310\;C:\Users\DELL\AppData\Local\Programs\Python\Python313\Scripts\;C:\Users\DELL\AppData\Local\Programs\Python\Python313\;C:\Users\DELL\AppData\Local\Microsoft\WindowsApps;C:\Users\DELL\AppData\Local\Programs\Microsoft VS Code\bin;C:\Users\DELL\AppData\Local\Programs\MiKTeX\miktex\bin\x64\;C:\Flex Windows\gcc\bin;C:\Flex Windows\Lex\bin;C:\Flex Windows\bison\bin;C:\Users\DELL\AppData\Roaming\Composer\vendor\bin;C:\Users\DELL\AppData\Local\Programs\cursor\resources\app\bin;C:\Users\DELL\AppData\Roaming\npm;C:\Users\DELL\AppData\Local\Programs\Antigravity IDE\bin
USERNAME=DELL
OS=Windows_NT
PROCESSOR_IDENTIFIER=Intel64 Family 6 Model 140 Stepping 1, GenuineIntel
TMP=C:\Users\DELL\AppData\Local\Temp
TEMP=C:\Users\DELL\AppData\Local\Temp




Periodic native trim disabled

---------------  S Y S T E M  ---------------

OS:
 Windows 10 , 64 bit Build 19041 (10.0.19041.5915)
OS uptime: 0 days 5:59 hours
Hyper-V role detected

CPU: total 8 (initial active 8) (4 cores per cpu, 2 threads per core) family 6 model 140 stepping 1 microcode 0xbe, cx8, cmov, fxsr, ht, mmx, 3dnowpref, sse, sse2, sse3, ssse3, sse4.1, sse4.2, popcnt, lzcnt, tsc, tscinvbit, avx, avx2, aes, erms, clmul, bmi1, bmi2, adx, avx512f, avx512dq, avx512cd, avx512bw, avx512vl, sha, fma, vzeroupper, avx512_vpopcntdq, avx512_vpclmulqdq, avx512_vaes, avx512_vnni, clflush, clflushopt, clwb, avx512_vbmi2, avx512_vbmi, hv, rdtscp, rdpid, fsrm, gfni, avx512_bitalg, f16c, cet_ibt, cet_ss, avx512_ifma
Processor Information for the first 8 processors :
  Max Mhz: 2419, Current Mhz: 2419, Mhz Limit: 2419

Memory: 4k page, system-wide physical 7918M (364M free)
TotalPageFile size 29518M (AvailPageFile size 90M)
current process WorkingSet (physical memory assigned to process): 15M, peak: 358M
current process commit charge ("private bytes"): 372M, peak: 428M

vm_info: OpenJDK 64-Bit Server VM (21.0.10+7-LTS) for windows-amd64 JRE (21.0.10+7-LTS), built on 2026-01-20T00:00:00Z by "admin" with MS VC++ 17.12 (VS2022)

END.
