#
# There is insufficient memory for the Java Runtime Environment to continue.
# Native memory allocation (malloc) failed to allocate 1048576 bytes. Error detail: AllocateHeap
# Possible reasons:
#   The system is out of physical RAM or swap space
#   This process is running with CompressedOops enabled, and the Java Heap may be blocking the growth of the native heap
# Possible solutions:
#   Reduce memory load on the system
#   Increase physical memory or swap space
#   Check if swap backing store is full
#   Decrease Java heap size (-Xmx/-Xms)
#   Decrease number of Java threads
#   Decrease Java thread stack sizes (-Xss)
#   Set larger code cache with -XX:ReservedCodeCacheSize=
#   JVM is running with Unscaled Compressed Oops mode in which the Java heap is
#     placed in the first 4GB address space. The Java Heap base address is the
#     maximum limit for the native heap growth. Please use -XX:HeapBaseMinAddress
#     to set the Java Heap base and to place the Java Heap above 4GB virtual address.
# This output file may be truncated or incomplete.
#
#  Out of Memory Error (allocation.cpp:44), pid=12276, tid=14340
#
# JRE version: OpenJDK Runtime Environment Temurin-21.0.10+7 (21.0.10+7) (build 21.0.10+7-LTS)
# Java VM: OpenJDK 64-Bit Server VM Temurin-21.0.10+7 (21.0.10+7-LTS, mixed mode, sharing, tiered, compressed oops, compressed class ptrs, parallel gc, windows-amd64)
# No core dump will be written. Minidumps are not enabled by default on client versions of Windows
#

---------------  S U M M A R Y ------------

Command Line: --add-modules=ALL-SYSTEM --add-opens=java.base/java.util=ALL-UNNAMED --add-opens=java.base/java.lang=ALL-UNNAMED --add-opens=java.base/sun.nio.fs=ALL-UNNAMED -Declipse.application=org.eclipse.jdt.ls.core.id1 -Dosgi.bundles.defaultStartLevel=4 -Declipse.product=org.eclipse.jdt.ls.core.product -Djava.import.generatesMetadataFilesAtProjectRoot=false -DDetectVMInstallationsJob.disabled=true -Dfile.encoding=utf8 -XX:+UseParallelGC -XX:GCTimeRatio=4 -XX:AdaptiveSizePolicyWeight=90 -Dsun.zip.disableMemoryMapping=true -Xmx2G -Xms100m -Xlog:disable -javaagent:c:\Users\DELL\.vscode\extensions\redhat.java-1.54.0-win32-x64\lombok\lombok-1.18.39-4050.jar -XX:+HeapDumpOnOutOfMemoryError -XX:HeapDumpPath=c:\Users\DELL\AppData\Roaming\Code\User\workspaceStorage\f344cfecaae3a1e706eeb4b3134648e1\redhat.java -Daether.dependencyCollector.impl=bf c:\Users\DELL\.vscode\extensions\redhat.java-1.54.0-win32-x64\server\plugins\org.eclipse.equinox.launcher_1.7.100.v20251111-0406.jar -configuration c:\Users\DELL\AppData\Roaming\Code\User\globalStorage\redhat.java\1.54.0\config_win -data c:\Users\DELL\AppData\Roaming\Code\User\workspaceStorage\f344cfecaae3a1e706eeb4b3134648e1\redhat.java\jdt_ws --pipe=\\.\pipe\lsp-74b496eace5ec1536f54a3aeaa36fa8e-sock

Host: 11th Gen Intel(R) Core(TM) i5-1135G7 @ 2.40GHz, 8 cores, 7G,  Windows 10 , 64 bit Build 19041 (10.0.19041.5915)
Time: Mon Jun  1 16:58:05 2026 Afr. centrale Ouest elapsed time: 2405.121521 seconds (0d 0h 40m 5s)

---------------  T H R E A D  ---------------

Current thread (0x000001c4b7245f20):  JavaThread "Attach Listener" daemon [_thread_in_vm, id=14340, stack(0x0000002358100000,0x0000002358200000) (1024K)]

Stack: [0x0000002358100000,0x0000002358200000]
Native frames: (J=compiled Java code, j=interpreted, Vv=VM code, C=native code)
V  [jvm.dll+0x6d7a39]
V  [jvm.dll+0x8b4b26]
V  [jvm.dll+0x8b70de]
V  [jvm.dll+0x8b77c3]
V  [jvm.dll+0x284346]
V  [jvm.dll+0xc1277]
V  [jvm.dll+0x6d82e9]
V  [jvm.dll+0x1334a6]
V  [jvm.dll+0x3f857e]
V  [jvm.dll+0x85f59d]
V  [jvm.dll+0x6d626d]
C  [ucrtbase.dll+0x21bb2]
C  [KERNEL32.DLL+0x17374]
C  [ntdll.dll+0x4cc91]


---------------  P R O C E S S  ---------------

Threads class SMR info:
_java_thread_list=0x000001c480664900, length=34, elements={
0x000001c49e4f7190, 0x000001c4b72415d0, 0x000001c4b72436f0, 0x000001c4b7245000,
0x000001c4b7245f20, 0x000001c4b7248520, 0x000001c4b7250050, 0x000001c4b7250ab0,
0x000001c4b725fa90, 0x000001c4f9d7b7c0, 0x000001c4f9dff590, 0x000001c4fe5baf30,
0x000001c4fe53f600, 0x000001c4fe553280, 0x000001c4fe5564a0, 0x000001c4fe70cf50,
0x000001c4fe4cc190, 0x000001c4fef959a0, 0x000001c4fec03aa0, 0x000001c4fec03410,
0x000001c4fec04e50, 0x000001c4fec05b70, 0x000001c4fec02d80, 0x000001c4809f1900,
0x000001c4809f1f90, 0x000001c4809f0be0, 0x000001c4809f2620, 0x000001c4809f2cb0,
0x000001c4809f1270, 0x000001c4809f3340, 0x000001c4809efec0, 0x000001c4809f0550,
0x000001c4ff286ab0, 0x000001c480296040
}

Java Threads: ( => current thread )
  0x000001c49e4f7190 JavaThread "main"                              [_thread_blocked, id=18984, stack(0x0000002357a00000,0x0000002357b00000) (1024K)]
  0x000001c4b72415d0 JavaThread "Reference Handler"          daemon [_thread_blocked, id=9124, stack(0x0000002357e00000,0x0000002357f00000) (1024K)]
  0x000001c4b72436f0 JavaThread "Finalizer"                  daemon [_thread_blocked, id=15628, stack(0x0000002357f00000,0x0000002358000000) (1024K)]
  0x000001c4b7245000 JavaThread "Signal Dispatcher"          daemon [_thread_blocked, id=20180, stack(0x0000002358000000,0x0000002358100000) (1024K)]
=>0x000001c4b7245f20 JavaThread "Attach Listener"            daemon [_thread_in_vm, id=14340, stack(0x0000002358100000,0x0000002358200000) (1024K)]
  0x000001c4b7248520 JavaThread "Service Thread"             daemon [_thread_blocked, id=17340, stack(0x0000002358200000,0x0000002358300000) (1024K)]
  0x000001c4b7250050 JavaThread "Monitor Deflation Thread"   daemon [_thread_blocked, id=13584, stack(0x0000002358300000,0x0000002358400000) (1024K)]
  0x000001c4b7250ab0 JavaThread "C2 CompilerThread0"         daemon [_thread_blocked, id=15992, stack(0x0000002358400000,0x0000002358500000) (1024K)]
  0x000001c4b725fa90 JavaThread "C1 CompilerThread0"         daemon [_thread_blocked, id=24424, stack(0x0000002358500000,0x0000002358600000) (1024K)]
  0x000001c4f9d7b7c0 JavaThread "Common-Cleaner"             daemon [_thread_blocked, id=5296, stack(0x0000002358600000,0x0000002358700000) (1024K)]
  0x000001c4f9dff590 JavaThread "Notification Thread"        daemon [_thread_blocked, id=10516, stack(0x0000002358700000,0x0000002358800000) (1024K)]
  0x000001c4fe5baf30 JavaThread "Active Thread: Equinox Container: 89dbfd05-2b8c-4c1f-bc17-f63482c1186c"        [_thread_blocked, id=11888, stack(0x0000002358e00000,0x0000002358f00000) (1024K)]
  0x000001c4fe53f600 JavaThread "Refresh Thread: Equinox Container: 89dbfd05-2b8c-4c1f-bc17-f63482c1186c" daemon [_thread_blocked, id=12492, stack(0x0000002359000000,0x0000002359100000) (1024K)]
  0x000001c4fe553280 JavaThread "Framework Event Dispatcher: Equinox Container: 89dbfd05-2b8c-4c1f-bc17-f63482c1186c" daemon [_thread_blocked, id=19316, stack(0x0000002359100000,0x0000002359200000) (1024K)]
  0x000001c4fe5564a0 JavaThread "Start Level: Equinox Container: 89dbfd05-2b8c-4c1f-bc17-f63482c1186c" daemon [_thread_blocked, id=16092, stack(0x0000002359200000,0x0000002359300000) (1024K)]
  0x000001c4fe70cf50 JavaThread "Bundle File Closer"         daemon [_thread_blocked, id=15392, stack(0x0000002359300000,0x0000002359400000) (1024K)]
  0x000001c4fe4cc190 JavaThread "SCR Component Actor"        daemon [_thread_blocked, id=26232, stack(0x0000002359400000,0x0000002359500000) (1024K)]
  0x000001c4fef959a0 JavaThread "Worker-JM"                         [_thread_blocked, id=19764, stack(0x0000002359500000,0x0000002359600000) (1024K)]
  0x000001c4fec03aa0 JavaThread "JNA Cleaner"                daemon [_thread_blocked, id=16120, stack(0x0000002359600000,0x0000002359700000) (1024K)]
  0x000001c4fec03410 JavaThread "Worker-0"                          [_thread_blocked, id=13012, stack(0x0000002359700000,0x0000002359800000) (1024K)]
  0x000001c4fec04e50 JavaThread "Java indexing"              daemon [_thread_blocked, id=21548, stack(0x0000002359900000,0x0000002359a00000) (1024K)]
  0x000001c4fec05b70 JavaThread "Thread-1"                   daemon [_thread_in_native, id=14116, stack(0x000000235a000000,0x000000235a100000) (1024K)]
  0x000001c4fec02d80 JavaThread "Thread-2"                   daemon [_thread_in_native, id=24548, stack(0x000000235a100000,0x000000235a200000) (1024K)]
  0x000001c4809f1900 JavaThread "Thread-3"                   daemon [_thread_in_native, id=25484, stack(0x000000235a200000,0x000000235a300000) (1024K)]
  0x000001c4809f1f90 JavaThread "Thread-4"                   daemon [_thread_in_native, id=21628, stack(0x000000235a300000,0x000000235a400000) (1024K)]
  0x000001c4809f0be0 JavaThread "Thread-5"                   daemon [_thread_in_native, id=13672, stack(0x000000235a400000,0x000000235a500000) (1024K)]
  0x000001c4809f2620 JavaThread "Thread-6"                   daemon [_thread_in_native, id=13348, stack(0x000000235a500000,0x000000235a600000) (1024K)]
  0x000001c4809f2cb0 JavaThread "Thread-7"                   daemon [_thread_in_native, id=21248, stack(0x000000235a600000,0x000000235a700000) (1024K)]
  0x000001c4809f1270 JavaThread "Thread-8"                   daemon [_thread_in_native, id=24564, stack(0x000000235a700000,0x000000235a800000) (1024K)]
  0x000001c4809f3340 JavaThread "Thread-9"                   daemon [_thread_in_native, id=11212, stack(0x000000235a800000,0x000000235a900000) (1024K)]
  0x000001c4809efec0 JavaThread "pool-2-thread-1"                   [_thread_blocked, id=17008, stack(0x000000235a900000,0x000000235aa00000) (1024K)]
  0x000001c4809f0550 JavaThread "WorkspaceEventsHandler"            [_thread_blocked, id=4260, stack(0x000000235aa00000,0x000000235ab00000) (1024K)]
  0x000001c4ff286ab0 JavaThread "pool-1-thread-1"                   [_thread_blocked, id=25508, stack(0x000000235ab00000,0x000000235ac00000) (1024K)]
  0x000001c480296040 JavaThread "Worker-5"                          [_thread_blocked, id=9740, stack(0x000000235bb00000,0x000000235bc00000) (1024K)]
Total: 34

Other Threads:
  0x000001c4b7230be0 VMThread "VM Thread"                           [id=10652, stack(0x0000002357d00000,0x0000002357e00000) (1024K)] _threads_hazard_ptr=0x000001c480664900
  0x000001c4b716c950 WatcherThread "VM Periodic Task Thread"        [id=17652, stack(0x0000002357c00000,0x0000002357d00000) (1024K)]
  0x000001c4a07f1530 WorkerThread "GC Thread#0"                     [id=14668, stack(0x0000002357b00000,0x0000002357c00000) (1024K)]
  0x000001c4fe26df80 WorkerThread "GC Thread#1"                     [id=25332, stack(0x0000002358800000,0x0000002358900000) (1024K)]
  0x000001c4fe4aef50 WorkerThread "GC Thread#2"                     [id=14356, stack(0x0000002358900000,0x0000002358a00000) (1024K)]
  0x000001c4fe4af300 WorkerThread "GC Thread#3"                     [id=6952, stack(0x0000002358a00000,0x0000002358b00000) (1024K)]
  0x000001c4fe4af6b0 WorkerThread "GC Thread#4"                     [id=23188, stack(0x0000002358b00000,0x0000002358c00000) (1024K)]
  0x000001c4fe4afa60 WorkerThread "GC Thread#5"                     [id=21244, stack(0x0000002358c00000,0x0000002358d00000) (1024K)]
  0x000001c4fe29fd30 WorkerThread "GC Thread#6"                     [id=17964, stack(0x0000002358d00000,0x0000002358e00000) (1024K)]
  0x000001c4fe548020 WorkerThread "GC Thread#7"                     [id=9304, stack(0x0000002358f00000,0x0000002359000000) (1024K)]
Total: 10

Threads with active compile tasks:
Total: 0

VM state: not at safepoint (normal execution)

VM Mutex/Monitor currently owned by a thread: None

Heap address: 0x0000000080000000, size: 2048 MB, Compressed Oops mode: 32-bit

CDS archive(s) mapped at: [0x000001c4b8000000-0x000001c4b8ba0000-0x000001c4b8ba0000), size 12189696, SharedBaseAddress: 0x000001c4b8000000, ArchiveRelocationMode: 1.
Compressed class space mapped at: 0x000001c4b9000000-0x000001c4f9000000, reserved size: 1073741824
Narrow klass base: 0x000001c4b8000000, Narrow klass shift: 0, Narrow klass range: 0x100000000

GC Precious Log:
 CardTable entry size: 512
 CPUs: 8 total, 8 available
 Memory: 7918M
 Large Page Support: Disabled
 NUMA Support: Disabled
 Compressed Oops: Enabled (32-bit)
 Alignments: Space 512K, Generation 512K, Heap 2M
 Heap Min Capacity: 100M
 Heap Initial Capacity: 100M
 Heap Max Capacity: 2G
 Pre-touch: Disabled
 Parallel Workers: 8

Heap:
 PSYoungGen      total 12288K, used 5442K [0x00000000d5580000, 0x00000000d6380000, 0x0000000100000000)
  eden space 11776K, 44% used [0x00000000d5580000,0x00000000d5a98818,0x00000000d6100000)
  from space 512K, 43% used [0x00000000d6300000,0x00000000d6338000,0x00000000d6380000)
  to   space 512K, 0% used [0x00000000d6280000,0x00000000d6280000,0x00000000d6300000)
 ParOldGen       total 86016K, used 85883K [0x0000000080000000, 0x0000000085400000, 0x00000000d5580000)
  object space 86016K, 99% used [0x0000000080000000,0x00000000853dedf0,0x0000000085400000)
 Metaspace       used 65969K, committed 67648K, reserved 1114112K
  class space    used 6998K, committed 7680K, reserved 1048576K

Card table byte_map: [0x000001c4a01b0000,0x000001c4a05c0000] _byte_map_base: 0x000001c49fdb0000

Marking Bits: (ParMarkBitMap*) 0x00007ffbce953450
 Begin Bits: [0x000001c4b2c90000, 0x000001c4b4c90000)
 End Bits:   [0x000001c4b4c90000, 0x000001c4b6c90000)

Polling page: 0x000001c49ffa0000

Metaspace:

Usage:
  Non-class:     57.59 MB used.
      Class:      6.83 MB used.
       Both:     64.42 MB used.

Virtual space:
  Non-class space:       64.00 MB reserved,      58.56 MB ( 92%) committed,  1 nodes.
      Class space:        1.00 GB reserved,       7.50 MB ( <1%) committed,  1 nodes.
             Both:        1.06 GB reserved,      66.06 MB (  6%) committed. 

Chunk freelists:
   Non-Class:  4.59 MB
       Class:  8.33 MB
        Both:  12.92 MB

MaxMetaspaceSize: unlimited
CompressedClassSpaceSize: 1.00 GB
Initial GC threshold: 21.00 MB
Current GC threshold: 97.31 MB
CDS: on
 - commit_granule_bytes: 65536.
 - commit_granule_words: 8192.
 - virtual_space_node_default_size: 8388608.
 - enlarge_chunks_in_place: 1.
 - use_allocation_guard: 0.


Internal statistics:

num_allocs_failed_limit: 9.
num_arena_births: 1284.
num_arena_deaths: 14.
num_vsnodes_births: 2.
num_vsnodes_deaths: 0.
num_space_committed: 1057.
num_space_uncommitted: 0.
num_chunks_returned_to_freelist: 23.
num_chunks_taken_from_freelist: 4459.
num_chunk_merges: 12.
num_chunk_splits: 2714.
num_chunks_enlarged: 1496.
num_inconsistent_stats: 0.

CodeHeap 'non-profiled nmethods': size=120000Kb used=7900Kb max_used=7900Kb free=112099Kb
 bounds [0x000001c4ab4b0000, 0x000001c4abc70000, 0x000001c4b29e0000]
CodeHeap 'profiled nmethods': size=120000Kb used=27256Kb max_used=27256Kb free=92743Kb
 bounds [0x000001c4a39e0000, 0x000001c4a5480000, 0x000001c4aaf10000]
CodeHeap 'non-nmethods': size=5760Kb used=1451Kb max_used=1525Kb free=4308Kb
 bounds [0x000001c4aaf10000, 0x000001c4ab180000, 0x000001c4ab4b0000]
CodeCache: size=245760Kb, used=36607Kb, max_used=36681Kb, free=209150Kb
 total_blobs=12490, nmethods=11736, adapters=659, full_count=0
Compilation: enabled, stopped_count=0, restarted_count=0

Compilation events (20 events):
Event: 2069.371 Thread 0x000001c4b725fa90 12424   !   3       java.util.concurrent.ScheduledThreadPoolExecutor$DelayedWorkQueue::offer (123 bytes)
Event: 2069.397 Thread 0x000001c4b725fa90 nmethod 12424 0x000001c4a5476a10 code [0x000001c4a5476d20, 0x000001c4a54780b0]
Event: 2069.397 Thread 0x000001c4b725fa90 12425       3       java.util.concurrent.ThreadPoolExecutor::ensurePrestart (41 bytes)
Event: 2069.403 Thread 0x000001c4b725fa90 nmethod 12425 0x000001c4a5478910 code [0x000001c4a5478ae0, 0x000001c4a5478d90]
Event: 2089.374 Thread 0x000001c4b725fa90 12426   !   3       java.util.concurrent.FutureTask::runAndReset (125 bytes)
Event: 2089.413 Thread 0x000001c4b725fa90 nmethod 12426 0x000001c4a5478e90 code [0x000001c4a5479300, 0x000001c4a547b720]
Event: 2089.413 Thread 0x000001c4b725fa90 12427       3       java.util.concurrent.ScheduledThreadPoolExecutor$ScheduledFutureTask::setNextRunTime (38 bytes)
Event: 2089.414 Thread 0x000001c4b725fa90 nmethod 12427 0x000001c4a547c290 code [0x000001c4a547c440, 0x000001c4a547c6d0]
Event: 2089.414 Thread 0x000001c4b725fa90 12428       3       java.util.concurrent.ScheduledThreadPoolExecutor::reExecutePeriodic (49 bytes)
Event: 2089.417 Thread 0x000001c4b725fa90 nmethod 12428 0x000001c4a547c790 code [0x000001c4a547c9c0, 0x000001c4a547d140]
Event: 2102.384 Thread 0x000001c4b725fa90 12429       1       org.eclipse.osgi.internal.framework.EquinoxContainer::getStorage (5 bytes)
Event: 2102.394 Thread 0x000001c4b725fa90 nmethod 12429 0x000001c4abc66910 code [0x000001c4abc66aa0, 0x000001c4abc66b68]
Event: 2106.021 Thread 0x000001c4b725fa90 12430       3       org.eclipse.core.internal.dtree.AbstractDataTreeNode::storeStrings (42 bytes)
Event: 2106.034 Thread 0x000001c4b725fa90 nmethod 12430 0x000001c4a547d390 code [0x000001c4a547d560, 0x000001c4a547d8d8]
Event: 2106.034 Thread 0x000001c4b725fa90 12431       3       org.eclipse.core.internal.utils.StringPool::add (50 bytes)
Event: 2106.042 Thread 0x000001c4b725fa90 nmethod 12431 0x000001c4a547da90 code [0x000001c4a547dc80, 0x000001c4a547e150]
Event: 2106.042 Thread 0x000001c4b725fa90 12432       1       org.eclipse.core.internal.jobs.InternalJob::setWaitQueueStamp (6 bytes)
Event: 2106.043 Thread 0x000001c4b725fa90 nmethod 12432 0x000001c4abc66c10 code [0x000001c4abc66da0, 0x000001c4abc66e68]
Event: 2286.055 Thread 0x000001c4b7250ab0 12433       4       jdk.internal.misc.Unsafe::weakCompareAndSetLong (11 bytes)
Event: 2286.059 Thread 0x000001c4b7250ab0 nmethod 12433 0x000001c4abc66f10 code [0x000001c4abc670a0, 0x000001c4abc67140]

GC Heap History (20 events):
Event: 35.450 GC heap before
{Heap before GC invocations=116 (full 3):
 PSYoungGen      total 12288K, used 11601K [0x00000000d5580000, 0x00000000d6400000, 0x0000000100000000)
  eden space 11776K, 94% used [0x00000000d5580000,0x00000000d60547d8,0x00000000d6100000)
  from space 512K, 100% used [0x00000000d6380000,0x00000000d6400000,0x00000000d6400000)
  to   space 1536K, 0% used [0x00000000d6100000,0x00000000d6100000,0x00000000d6280000)
 ParOldGen       total 83456K, used 83109K [0x0000000080000000, 0x0000000085180000, 0x00000000d5580000)
  object space 83456K, 99% used [0x0000000080000000,0x00000000851297d0,0x0000000085180000)
 Metaspace       used 65410K, committed 67008K, reserved 1114112K
  class space    used 6952K, committed 7616K, reserved 1048576K
}
Event: 35.452 GC heap after
{Heap after GC invocations=116 (full 3):
 PSYoungGen      total 13312K, used 288K [0x00000000d5580000, 0x00000000d6400000, 0x0000000100000000)
  eden space 11776K, 0% used [0x00000000d5580000,0x00000000d5580000,0x00000000d6100000)
  from space 1536K, 18% used [0x00000000d6100000,0x00000000d6148000,0x00000000d6280000)
  to   space 512K, 0% used [0x00000000d6380000,0x00000000d6380000,0x00000000d6400000)
 ParOldGen       total 83456K, used 83117K [0x0000000080000000, 0x0000000085180000, 0x00000000d5580000)
  object space 83456K, 99% used [0x0000000080000000,0x000000008512b7d0,0x0000000085180000)
 Metaspace       used 65410K, committed 67008K, reserved 1114112K
  class space    used 6952K, committed 7616K, reserved 1048576K
}
Event: 35.679 GC heap before
{Heap before GC invocations=117 (full 3):
 PSYoungGen      total 13312K, used 12064K [0x00000000d5580000, 0x00000000d6400000, 0x0000000100000000)
  eden space 11776K, 100% used [0x00000000d5580000,0x00000000d6100000,0x00000000d6100000)
  from space 1536K, 18% used [0x00000000d6100000,0x00000000d6148000,0x00000000d6280000)
  to   space 512K, 0% used [0x00000000d6380000,0x00000000d6380000,0x00000000d6400000)
 ParOldGen       total 83456K, used 83117K [0x0000000080000000, 0x0000000085180000, 0x00000000d5580000)
  object space 83456K, 99% used [0x0000000080000000,0x000000008512b7d0,0x0000000085180000)
 Metaspace       used 65446K, committed 67008K, reserved 1114112K
  class space    used 6958K, committed 7616K, reserved 1048576K
}
Event: 35.680 GC heap after
{Heap after GC invocations=117 (full 3):
 PSYoungGen      total 12288K, used 256K [0x00000000d5580000, 0x00000000d6400000, 0x0000000100000000)
  eden space 11776K, 0% used [0x00000000d5580000,0x00000000d5580000,0x00000000d6100000)
  from space 512K, 50% used [0x00000000d6380000,0x00000000d63c0000,0x00000000d6400000)
  to   space 512K, 0% used [0x00000000d6300000,0x00000000d6300000,0x00000000d6380000)
 ParOldGen       total 83456K, used 83237K [0x0000000080000000, 0x0000000085180000, 0x00000000d5580000)
  object space 83456K, 99% used [0x0000000080000000,0x00000000851497d0,0x0000000085180000)
 Metaspace       used 65446K, committed 67008K, reserved 1114112K
  class space    used 6958K, committed 7616K, reserved 1048576K
}
Event: 35.724 GC heap before
{Heap before GC invocations=118 (full 3):
 PSYoungGen      total 12288K, used 10980K [0x00000000d5580000, 0x00000000d6400000, 0x0000000100000000)
  eden space 11776K, 91% used [0x00000000d5580000,0x00000000d5ff90f0,0x00000000d6100000)
  from space 512K, 50% used [0x00000000d6380000,0x00000000d63c0000,0x00000000d6400000)
  to   space 512K, 0% used [0x00000000d6300000,0x00000000d6300000,0x00000000d6380000)
 ParOldGen       total 83456K, used 83237K [0x0000000080000000, 0x0000000085180000, 0x00000000d5580000)
  object space 83456K, 99% used [0x0000000080000000,0x00000000851497d0,0x0000000085180000)
 Metaspace       used 65466K, committed 67072K, reserved 1114112K
  class space    used 6958K, committed 7616K, reserved 1048576K
}
Event: 35.725 GC heap after
{Heap after GC invocations=118 (full 3):
 PSYoungGen      total 12288K, used 256K [0x00000000d5580000, 0x00000000d6400000, 0x0000000100000000)
  eden space 11776K, 0% used [0x00000000d5580000,0x00000000d5580000,0x00000000d6100000)
  from space 512K, 50% used [0x00000000d6300000,0x00000000d6340000,0x00000000d6380000)
  to   space 512K, 0% used [0x00000000d6380000,0x00000000d6380000,0x00000000d6400000)
 ParOldGen       total 83456K, used 83309K [0x0000000080000000, 0x0000000085180000, 0x00000000d5580000)
  object space 83456K, 99% used [0x0000000080000000,0x000000008515b7d0,0x0000000085180000)
 Metaspace       used 65466K, committed 67072K, reserved 1114112K
  class space    used 6958K, committed 7616K, reserved 1048576K
}
Event: 35.871 GC heap before
{Heap before GC invocations=119 (full 3):
 PSYoungGen      total 12288K, used 12032K [0x00000000d5580000, 0x00000000d6400000, 0x0000000100000000)
  eden space 11776K, 100% used [0x00000000d5580000,0x00000000d6100000,0x00000000d6100000)
  from space 512K, 50% used [0x00000000d6300000,0x00000000d6340000,0x00000000d6380000)
  to   space 512K, 0% used [0x00000000d6380000,0x00000000d6380000,0x00000000d6400000)
 ParOldGen       total 83456K, used 83309K [0x0000000080000000, 0x0000000085180000, 0x00000000d5580000)
  object space 83456K, 99% used [0x0000000080000000,0x000000008515b7d0,0x0000000085180000)
 Metaspace       used 65513K, committed 67072K, reserved 1114112K
  class space    used 6965K, committed 7616K, reserved 1048576K
}
Event: 35.873 GC heap after
{Heap after GC invocations=119 (full 3):
 PSYoungGen      total 12288K, used 288K [0x00000000d5580000, 0x00000000d6400000, 0x0000000100000000)
  eden space 11776K, 0% used [0x00000000d5580000,0x00000000d5580000,0x00000000d6100000)
  from space 512K, 56% used [0x00000000d6380000,0x00000000d63c8000,0x00000000d6400000)
  to   space 512K, 0% used [0x00000000d6300000,0x00000000d6300000,0x00000000d6380000)
 ParOldGen       total 83456K, used 83381K [0x0000000080000000, 0x0000000085180000, 0x00000000d5580000)
  object space 83456K, 99% used [0x0000000080000000,0x000000008516d7d0,0x0000000085180000)
 Metaspace       used 65513K, committed 67072K, reserved 1114112K
  class space    used 6965K, committed 7616K, reserved 1048576K
}
Event: 36.018 GC heap before
{Heap before GC invocations=120 (full 3):
 PSYoungGen      total 12288K, used 12052K [0x00000000d5580000, 0x00000000d6400000, 0x0000000100000000)
  eden space 11776K, 99% used [0x00000000d5580000,0x00000000d60fd3b0,0x00000000d6100000)
  from space 512K, 56% used [0x00000000d6380000,0x00000000d63c8000,0x00000000d6400000)
  to   space 512K, 0% used [0x00000000d6300000,0x00000000d6300000,0x00000000d6380000)
 ParOldGen       total 83456K, used 83381K [0x0000000080000000, 0x0000000085180000, 0x00000000d5580000)
  object space 83456K, 99% used [0x0000000080000000,0x000000008516d7d0,0x0000000085180000)
 Metaspace       used 65547K, committed 67072K, reserved 1114112K
  class space    used 6966K, committed 7616K, reserved 1048576K
}
Event: 36.020 GC heap after
{Heap after GC invocations=120 (full 3):
 PSYoungGen      total 12288K, used 502K [0x00000000d5580000, 0x00000000d6400000, 0x0000000100000000)
  eden space 11776K, 0% used [0x00000000d5580000,0x00000000d5580000,0x00000000d6100000)
  from space 512K, 98% used [0x00000000d6300000,0x00000000d637d810,0x00000000d6380000)
  to   space 512K, 0% used [0x00000000d6380000,0x00000000d6380000,0x00000000d6400000)
 ParOldGen       total 83968K, used 83552K [0x0000000080000000, 0x0000000085200000, 0x00000000d5580000)
  object space 83968K, 99% used [0x0000000080000000,0x0000000085198100,0x0000000085200000)
 Metaspace       used 65547K, committed 67072K, reserved 1114112K
  class space    used 6966K, committed 7616K, reserved 1048576K
}
Event: 36.114 GC heap before
{Heap before GC invocations=121 (full 3):
 PSYoungGen      total 12288K, used 12003K [0x00000000d5580000, 0x00000000d6400000, 0x0000000100000000)
  eden space 11776K, 97% used [0x00000000d5580000,0x00000000d60bb5a0,0x00000000d6100000)
  from space 512K, 98% used [0x00000000d6300000,0x00000000d637d810,0x00000000d6380000)
  to   space 512K, 0% used [0x00000000d6380000,0x00000000d6380000,0x00000000d6400000)
 ParOldGen       total 83968K, used 83552K [0x0000000080000000, 0x0000000085200000, 0x00000000d5580000)
  object space 83968K, 99% used [0x0000000080000000,0x0000000085198100,0x0000000085200000)
 Metaspace       used 65548K, committed 67072K, reserved 1114112K
  class space    used 6966K, committed 7616K, reserved 1048576K
}
Event: 36.118 GC heap after
{Heap after GC invocations=121 (full 3):
 PSYoungGen      total 12288K, used 503K [0x00000000d5580000, 0x00000000d6400000, 0x0000000100000000)
  eden space 11776K, 0% used [0x00000000d5580000,0x00000000d5580000,0x00000000d6100000)
  from space 512K, 98% used [0x00000000d6380000,0x00000000d63fdee8,0x00000000d6400000)
  to   space 1024K, 0% used [0x00000000d6200000,0x00000000d6200000,0x00000000d6300000)
 ParOldGen       total 85504K, used 85357K [0x0000000080000000, 0x0000000085380000, 0x00000000d5580000)
  object space 85504K, 99% used [0x0000000080000000,0x000000008535b4a0,0x0000000085380000)
 Metaspace       used 65548K, committed 67072K, reserved 1114112K
  class space    used 6966K, committed 7616K, reserved 1048576K
}
Event: 36.290 GC heap before
{Heap before GC invocations=122 (full 3):
 PSYoungGen      total 12288K, used 12279K [0x00000000d5580000, 0x00000000d6400000, 0x0000000100000000)
  eden space 11776K, 100% used [0x00000000d5580000,0x00000000d6100000,0x00000000d6100000)
  from space 512K, 98% used [0x00000000d6380000,0x00000000d63fdee8,0x00000000d6400000)
  to   space 1024K, 0% used [0x00000000d6200000,0x00000000d6200000,0x00000000d6300000)
 ParOldGen       total 85504K, used 85357K [0x0000000080000000, 0x0000000085380000, 0x00000000d5580000)
  object space 85504K, 99% used [0x0000000080000000,0x000000008535b4a0,0x0000000085380000)
 Metaspace       used 65562K, committed 67136K, reserved 1114112K
  class space    used 6966K, committed 7616K, reserved 1048576K
}
Event: 36.292 GC heap after
{Heap after GC invocations=122 (full 3):
 PSYoungGen      total 12800K, used 598K [0x00000000d5580000, 0x00000000d6400000, 0x0000000100000000)
  eden space 11776K, 0% used [0x00000000d5580000,0x00000000d5580000,0x00000000d6100000)
  from space 1024K, 58% used [0x00000000d6200000,0x00000000d6295950,0x00000000d6300000)
  to   space 1024K, 0% used [0x00000000d6300000,0x00000000d6300000,0x00000000d6400000)
 ParOldGen       total 85504K, used 85405K [0x0000000080000000, 0x0000000085380000, 0x00000000d5580000)
  object space 85504K, 99% used [0x0000000080000000,0x00000000853674a0,0x0000000085380000)
 Metaspace       used 65562K, committed 67136K, reserved 1114112K
  class space    used 6966K, committed 7616K, reserved 1048576K
}
Event: 36.380 GC heap before
{Heap before GC invocations=123 (full 3):
 PSYoungGen      total 12800K, used 12374K [0x00000000d5580000, 0x00000000d6400000, 0x0000000100000000)
  eden space 11776K, 100% used [0x00000000d5580000,0x00000000d6100000,0x00000000d6100000)
  from space 1024K, 58% used [0x00000000d6200000,0x00000000d6295950,0x00000000d6300000)
  to   space 1024K, 0% used [0x00000000d6300000,0x00000000d6300000,0x00000000d6400000)
 ParOldGen       total 85504K, used 85405K [0x0000000080000000, 0x0000000085380000, 0x00000000d5580000)
  object space 85504K, 99% used [0x0000000080000000,0x00000000853674a0,0x0000000085380000)
 Metaspace       used 65565K, committed 67136K, reserved 1114112K
  class space    used 6966K, committed 7616K, reserved 1048576K
}
Event: 36.381 GC heap after
{Heap after GC invocations=123 (full 3):
 PSYoungGen      total 12288K, used 256K [0x00000000d5580000, 0x00000000d6380000, 0x0000000100000000)
  eden space 11776K, 0% used [0x00000000d5580000,0x00000000d5580000,0x00000000d6100000)
  from space 512K, 50% used [0x00000000d6300000,0x00000000d6340000,0x00000000d6380000)
  to   space 512K, 0% used [0x00000000d6280000,0x00000000d6280000,0x00000000d6300000)
 ParOldGen       total 86016K, used 85739K [0x0000000080000000, 0x0000000085400000, 0x00000000d5580000)
  object space 86016K, 99% used [0x0000000080000000,0x00000000853badf0,0x0000000085400000)
 Metaspace       used 65565K, committed 67136K, reserved 1114112K
  class space    used 6966K, committed 7616K, reserved 1048576K
}
Event: 36.445 GC heap before
{Heap before GC invocations=124 (full 3):
 PSYoungGen      total 12288K, used 11018K [0x00000000d5580000, 0x00000000d6380000, 0x0000000100000000)
  eden space 11776K, 91% used [0x00000000d5580000,0x00000000d6002818,0x00000000d6100000)
  from space 512K, 50% used [0x00000000d6300000,0x00000000d6340000,0x00000000d6380000)
  to   space 512K, 0% used [0x00000000d6280000,0x00000000d6280000,0x00000000d6300000)
 ParOldGen       total 86016K, used 85739K [0x0000000080000000, 0x0000000085400000, 0x00000000d5580000)
  object space 86016K, 99% used [0x0000000080000000,0x00000000853badf0,0x0000000085400000)
 Metaspace       used 65595K, committed 67136K, reserved 1114112K
  class space    used 6966K, committed 7616K, reserved 1048576K
}
Event: 36.446 GC heap after
{Heap after GC invocations=124 (full 3):
 PSYoungGen      total 12288K, used 256K [0x00000000d5580000, 0x00000000d6380000, 0x0000000100000000)
  eden space 11776K, 0% used [0x00000000d5580000,0x00000000d5580000,0x00000000d6100000)
  from space 512K, 50% used [0x00000000d6280000,0x00000000d62c0000,0x00000000d6300000)
  to   space 512K, 0% used [0x00000000d6300000,0x00000000d6300000,0x00000000d6380000)
 ParOldGen       total 86016K, used 85787K [0x0000000080000000, 0x0000000085400000, 0x00000000d5580000)
  object space 86016K, 99% used [0x0000000080000000,0x00000000853c6df0,0x0000000085400000)
 Metaspace       used 65595K, committed 67136K, reserved 1114112K
  class space    used 6966K, committed 7616K, reserved 1048576K
}
Event: 36.520 GC heap before
{Heap before GC invocations=125 (full 3):
 PSYoungGen      total 12288K, used 12032K [0x00000000d5580000, 0x00000000d6380000, 0x0000000100000000)
  eden space 11776K, 100% used [0x00000000d5580000,0x00000000d6100000,0x00000000d6100000)
  from space 512K, 50% used [0x00000000d6280000,0x00000000d62c0000,0x00000000d6300000)
  to   space 512K, 0% used [0x00000000d6300000,0x00000000d6300000,0x00000000d6380000)
 ParOldGen       total 86016K, used 85787K [0x0000000080000000, 0x0000000085400000, 0x00000000d5580000)
  object space 86016K, 99% used [0x0000000080000000,0x00000000853c6df0,0x0000000085400000)
 Metaspace       used 65605K, committed 67136K, reserved 1114112K
  class space    used 6966K, committed 7616K, reserved 1048576K
}
Event: 36.521 GC heap after
{Heap after GC invocations=125 (full 3):
 PSYoungGen      total 12288K, used 224K [0x00000000d5580000, 0x00000000d6380000, 0x0000000100000000)
  eden space 11776K, 0% used [0x00000000d5580000,0x00000000d5580000,0x00000000d6100000)
  from space 512K, 43% used [0x00000000d6300000,0x00000000d6338000,0x00000000d6380000)
  to   space 512K, 0% used [0x00000000d6280000,0x00000000d6280000,0x00000000d6300000)
 ParOldGen       total 86016K, used 85883K [0x0000000080000000, 0x0000000085400000, 0x00000000d5580000)
  object space 86016K, 99% used [0x0000000080000000,0x00000000853dedf0,0x0000000085400000)
 Metaspace       used 65605K, committed 67136K, reserved 1114112K
  class space    used 6966K, committed 7616K, reserved 1048576K
}

Dll operation events (10 events):
Event: 0.010 Loaded shared library c:\Users\DELL\.vscode\extensions\redhat.java-1.54.0-win32-x64\jre\21.0.10-win32-x86_64\bin\java.dll
Event: 0.088 Loaded shared library c:\Users\DELL\.vscode\extensions\redhat.java-1.54.0-win32-x64\jre\21.0.10-win32-x86_64\bin\zip.dll
Event: 0.112 Loaded shared library C:\Users\DELL\.vscode\extensions\redhat.java-1.54.0-win32-x64\jre\21.0.10-win32-x86_64\bin\instrument.dll
Event: 0.118 Loaded shared library C:\Users\DELL\.vscode\extensions\redhat.java-1.54.0-win32-x64\jre\21.0.10-win32-x86_64\bin\net.dll
Event: 0.122 Loaded shared library C:\Users\DELL\.vscode\extensions\redhat.java-1.54.0-win32-x64\jre\21.0.10-win32-x86_64\bin\nio.dll
Event: 0.124 Loaded shared library C:\Users\DELL\.vscode\extensions\redhat.java-1.54.0-win32-x64\jre\21.0.10-win32-x86_64\bin\zip.dll
Event: 0.145 Loaded shared library C:\Users\DELL\.vscode\extensions\redhat.java-1.54.0-win32-x64\jre\21.0.10-win32-x86_64\bin\jimage.dll
Event: 0.254 Loaded shared library c:\Users\DELL\.vscode\extensions\redhat.java-1.54.0-win32-x64\jre\21.0.10-win32-x86_64\bin\verify.dll
Event: 1.776 Loaded shared library C:\Users\DELL\AppData\Roaming\Code\User\globalStorage\redhat.java\1.54.0\config_win\org.eclipse.equinox.launcher\org.eclipse.equinox.launcher.win32.win32.x86_64_1.3.0.v20260203-2149\eclipse_11919.dll
Event: 5.532 Loaded shared library C:\Users\DELL\AppData\Local\Temp\jna-2094529\jna7237368648250230027.dll

Deoptimization events (20 events):
Event: 330.169 Thread 0x000001c4fec03410 Uncommon trap: trap_request=0xffffffde fr.pc=0x000001c4abc48f44 relative=0x0000000000000b04
Event: 330.169 Thread 0x000001c4fec03410 Uncommon trap: reason=class_check action=maybe_recompile pc=0x000001c4abc48f44 method=java.io.DataOutputStream.write([BII)V @ 7 c2
Event: 330.169 Thread 0x000001c4fec03410 DEOPT PACKING pc=0x000001c4abc48f44 sp=0x00000023597feac0
Event: 330.169 Thread 0x000001c4fec03410 DEOPT UNPACKING pc=0x000001c4aaf66da2 sp=0x00000023597fe9f0 mode 2
Event: 330.170 Thread 0x000001c4fec03410 Uncommon trap: trap_request=0xffffffde fr.pc=0x000001c4abc48f44 relative=0x0000000000000b04
Event: 330.170 Thread 0x000001c4fec03410 Uncommon trap: reason=class_check action=maybe_recompile pc=0x000001c4abc48f44 method=java.io.DataOutputStream.write([BII)V @ 7 c2
Event: 330.170 Thread 0x000001c4fec03410 DEOPT PACKING pc=0x000001c4abc48f44 sp=0x00000023597fea00
Event: 330.170 Thread 0x000001c4fec03410 DEOPT UNPACKING pc=0x000001c4aaf66da2 sp=0x00000023597fe930 mode 2
Event: 330.170 Thread 0x000001c4fec03410 Uncommon trap: trap_request=0xffffffde fr.pc=0x000001c4abc48f44 relative=0x0000000000000b04
Event: 330.170 Thread 0x000001c4fec03410 Uncommon trap: reason=class_check action=maybe_recompile pc=0x000001c4abc48f44 method=java.io.DataOutputStream.write([BII)V @ 7 c2
Event: 330.170 Thread 0x000001c4fec03410 DEOPT PACKING pc=0x000001c4abc48f44 sp=0x00000023597fe950
Event: 330.170 Thread 0x000001c4fec03410 DEOPT UNPACKING pc=0x000001c4aaf66da2 sp=0x00000023597fe880 mode 2
Event: 330.170 Thread 0x000001c4fec03410 Uncommon trap: trap_request=0xffffffde fr.pc=0x000001c4ab64d074 relative=0x00000000000003b4
Event: 330.170 Thread 0x000001c4fec03410 Uncommon trap: reason=class_check action=maybe_recompile pc=0x000001c4ab64d074 method=java.io.DataOutputStream.writeInt(I)V @ 19 c2
Event: 330.170 Thread 0x000001c4fec03410 DEOPT PACKING pc=0x000001c4ab64d074 sp=0x00000023597fe540
Event: 330.170 Thread 0x000001c4fec03410 DEOPT UNPACKING pc=0x000001c4aaf66da2 sp=0x00000023597fe4e8 mode 2
Event: 330.170 Thread 0x000001c4fec03410 Uncommon trap: trap_request=0xffffffde fr.pc=0x000001c4ab5f18d4 relative=0x00000000000008b4
Event: 330.170 Thread 0x000001c4fec03410 Uncommon trap: reason=class_check action=maybe_recompile pc=0x000001c4ab5f18d4 method=java.io.DataOutputStream.write([BII)V @ 7 c2
Event: 330.170 Thread 0x000001c4fec03410 DEOPT PACKING pc=0x000001c4ab5f18d4 sp=0x00000023597fe8a0
Event: 330.170 Thread 0x000001c4fec03410 DEOPT UNPACKING pc=0x000001c4aaf66da2 sp=0x00000023597fe7c0 mode 2

Classes loaded (20 events):
Event: 35.810 Loading class java/util/stream/ReferencePipeline$4$1
Event: 35.810 Loading class java/util/stream/ReferencePipeline$4$1 done
Event: 329.898 Loading class java/util/stream/Nodes$CollectorTask$OfRef
Event: 329.903 Loading class java/util/stream/Nodes$CollectorTask
Event: 329.910 Loading class java/util/stream/Nodes$CollectorTask done
Event: 329.910 Loading class java/util/stream/Nodes$CollectorTask$OfRef done
Event: 329.913 Loading class java/util/function/LongFunction
Event: 329.914 Loading class java/util/function/LongFunction done
Event: 329.917 Loading class java/util/stream/Nodes$ConcNode
Event: 329.918 Loading class java/util/stream/Nodes$AbstractConcNode
Event: 329.920 Loading class java/util/stream/Nodes$AbstractConcNode done
Event: 329.920 Loading class java/util/stream/Nodes$ConcNode done
Event: 330.079 Loading class java/io/ObjectOutputStream$BlockDataOutputStream
Event: 330.080 Loading class java/io/ObjectOutputStream$BlockDataOutputStream done
Event: 330.080 Loading class java/io/ObjectOutputStream$HandleTable
Event: 330.081 Loading class java/io/ObjectOutputStream$HandleTable done
Event: 330.082 Loading class java/io/ObjectOutputStream$ReplaceTable
Event: 330.083 Loading class java/io/ObjectOutputStream$ReplaceTable done
Event: 330.108 Loading class java/nio/charset/CharacterCodingException
Event: 330.108 Loading class java/nio/charset/CharacterCodingException done

Classes unloaded (7 events):
Event: 6.190 Thread 0x000001c4b7230be0 Unloading class 0x000001c4b91acc00 'java/lang/invoke/LambdaForm$MH+0x000001c4b91acc00'
Event: 6.190 Thread 0x000001c4b7230be0 Unloading class 0x000001c4b91ac800 'java/lang/invoke/LambdaForm$MH+0x000001c4b91ac800'
Event: 6.190 Thread 0x000001c4b7230be0 Unloading class 0x000001c4b91ac400 'java/lang/invoke/LambdaForm$MH+0x000001c4b91ac400'
Event: 6.190 Thread 0x000001c4b7230be0 Unloading class 0x000001c4b91ac000 'java/lang/invoke/LambdaForm$MH+0x000001c4b91ac000'
Event: 6.190 Thread 0x000001c4b7230be0 Unloading class 0x000001c4b91abc00 'java/lang/invoke/LambdaForm$BMH+0x000001c4b91abc00'
Event: 6.190 Thread 0x000001c4b7230be0 Unloading class 0x000001c4b91ab800 'java/lang/invoke/LambdaForm$DMH+0x000001c4b91ab800'
Event: 6.190 Thread 0x000001c4b7230be0 Unloading class 0x000001c4b91aa400 'java/lang/invoke/LambdaForm$DMH+0x000001c4b91aa400'

Classes redefined (0 events):
No events

Internal exceptions (20 events):
Event: 35.496 Thread 0x000001c4ff28ac50 Exception <a 'sun/nio/fs/WindowsException'{0x00000000d57947f8}> (0x00000000d57947f8) 
thrown [s\src\hotspot\share\prims\jni.cpp, line 520]
Event: 35.643 Thread 0x000001c4ff28ac50 Exception <a 'sun/nio/fs/WindowsException'{0x00000000d5da8760}> (0x00000000d5da8760) 
thrown [s\src\hotspot\share\prims\jni.cpp, line 520]
Event: 35.643 Thread 0x000001c4ff28ac50 Exception <a 'sun/nio/fs/WindowsException'{0x00000000d5da9040}> (0x00000000d5da9040) 
thrown [s\src\hotspot\share\prims\jni.cpp, line 520]
Event: 35.669 Thread 0x000001c4ff28ac50 Exception <a 'sun/nio/fs/WindowsException'{0x00000000d60c4f68}> (0x00000000d60c4f68) 
thrown [s\src\hotspot\share\prims\jni.cpp, line 520]
Event: 35.669 Thread 0x000001c4ff28ac50 Exception <a 'sun/nio/fs/WindowsException'{0x00000000d60c5848}> (0x00000000d60c5848) 
thrown [s\src\hotspot\share\prims\jni.cpp, line 520]
Event: 35.735 Thread 0x000001c4ff28ac50 Exception <a 'sun/nio/fs/WindowsException'{0x00000000d574b4c0}> (0x00000000d574b4c0) 
thrown [s\src\hotspot\share\prims\jni.cpp, line 520]
Event: 35.735 Thread 0x000001c4ff28ac50 Exception <a 'sun/nio/fs/WindowsException'{0x00000000d574bda0}> (0x00000000d574bda0) 
thrown [s\src\hotspot\share\prims\jni.cpp, line 520]
Event: 35.774 Thread 0x000001c4ff28ac50 Exception <a 'sun/nio/fs/WindowsException'{0x00000000d5c6f1f8}> (0x00000000d5c6f1f8) 
thrown [s\src\hotspot\share\prims\jni.cpp, line 520]
Event: 35.775 Thread 0x000001c4ff28ac50 Exception <a 'sun/nio/fs/WindowsException'{0x00000000d5c6fad8}> (0x00000000d5c6fad8) 
thrown [s\src\hotspot\share\prims\jni.cpp, line 520]
Event: 35.822 Thread 0x000001c4ff28ac50 Exception <a 'sun/nio/fs/WindowsException'{0x00000000d60293c8}> (0x00000000d60293c8) 
thrown [s\src\hotspot\share\prims\jni.cpp, line 520]
Event: 35.822 Thread 0x000001c4ff28ac50 Exception <a 'sun/nio/fs/WindowsException'{0x00000000d6029ca8}> (0x00000000d6029ca8) 
thrown [s\src\hotspot\share\prims\jni.cpp, line 520]
Event: 36.456 Thread 0x000001c4ff28ac50 Exception <a 'sun/nio/fs/WindowsException'{0x00000000d5756e38}> (0x00000000d5756e38) 
thrown [s\src\hotspot\share\prims\jni.cpp, line 520]
Event: 36.457 Thread 0x000001c4ff28ac50 Exception <a 'sun/nio/fs/WindowsException'{0x00000000d59ee7c0}> (0x00000000d59ee7c0) 
thrown [s\src\hotspot\share\prims\jni.cpp, line 520]
Event: 36.526 Thread 0x000001c4ff28ac50 Exception <a 'sun/nio/fs/WindowsException'{0x00000000d5647a68}> (0x00000000d5647a68) 
thrown [s\src\hotspot\share\prims\jni.cpp, line 520]
Event: 36.526 Thread 0x000001c4ff28ac50 Exception <a 'sun/nio/fs/WindowsException'{0x00000000d5648348}> (0x00000000d5648348) 
thrown [s\src\hotspot\share\prims\jni.cpp, line 520]
Event: 330.042 Thread 0x000001c4fec03410 Exception <a 'sun/nio/fs/WindowsException'{0x00000000d57c8830}> (0x00000000d57c8830) 
thrown [s\src\hotspot\share\prims\jni.cpp, line 520]
Event: 330.044 Thread 0x000001c4fec03410 Exception <a 'sun/nio/fs/WindowsException'{0x00000000d57c9110}> (0x00000000d57c9110) 
thrown [s\src\hotspot\share\prims\jni.cpp, line 520]
Event: 330.052 Thread 0x000001c4fec03410 Implicit null exception at 0x000001c4aba2d40d to 0x000001c4aba2d790
Event: 330.155 Thread 0x000001c4fec03410 Exception <a 'java/lang/NoSuchMethodError'{0x00000000d587cd18}: static [J.<clinit>()V> (0x00000000d587cd18) 
thrown [s\src\hotspot\share\prims\jni.cpp, line 1111]
Event: 330.176 Thread 0x000001c4fec03410 Exception <a 'java/lang/NoSuchMethodError'{0x00000000d58ab9e8}: 'java.lang.Object java.lang.invoke.DirectMethodHandle$Holder.newInvokeSpecial(java.lang.Object, java.lang.Object, java.lang.Object, java.lang.Object, java.lang.Object, java.lang.Object, java.lang.Object, java.lang.Object)'> (0x00000000d58ab9e8) 
thrown [s\src\hotspot\share\interpreter\linkResolver.cpp, line 773]

ZGC Phase Switch (0 events):
No events

VM Operations (20 events):
Event: 1323.095 Executing non-safepoint VM operation: RendezvousGCThreads
Event: 1323.095 Executing non-safepoint VM operation: RendezvousGCThreads done
Event: 1563.587 Executing non-safepoint VM operation: HandshakeAllThreads (HandshakeForDeflation)
Event: 1563.589 Executing non-safepoint VM operation: HandshakeAllThreads (HandshakeForDeflation) done
Event: 1563.593 Executing non-safepoint VM operation: RendezvousGCThreads
Event: 1563.593 Executing non-safepoint VM operation: RendezvousGCThreads done
Event: 2069.634 Executing safepoint VM operation: Cleanup
Event: 2069.637 Executing safepoint VM operation: Cleanup done
Event: 2164.867 Executing non-safepoint VM operation: HandshakeAllThreads (HandshakeForDeflation)
Event: 2164.869 Executing non-safepoint VM operation: HandshakeAllThreads (HandshakeForDeflation) done
Event: 2164.869 Executing non-safepoint VM operation: RendezvousGCThreads
Event: 2164.869 Executing non-safepoint VM operation: RendezvousGCThreads done
Event: 2285.036 Executing non-safepoint VM operation: HandshakeAllThreads (HandshakeForDeflation)
Event: 2285.037 Executing non-safepoint VM operation: HandshakeAllThreads (HandshakeForDeflation) done
Event: 2285.037 Executing non-safepoint VM operation: RendezvousGCThreads
Event: 2285.037 Executing non-safepoint VM operation: RendezvousGCThreads done
Event: 2345.058 Executing non-safepoint VM operation: HandshakeAllThreads (HandshakeForDeflation)
Event: 2345.064 Executing non-safepoint VM operation: HandshakeAllThreads (HandshakeForDeflation) done
Event: 2345.064 Executing non-safepoint VM operation: RendezvousGCThreads
Event: 2345.064 Executing non-safepoint VM operation: RendezvousGCThreads done

Memory protections (0 events):
No events

Nmethod flushes (20 events):
Event: 31.623 Thread 0x000001c4b7230be0 flushing  nmethod 0x000001c4a426be90
Event: 31.623 Thread 0x000001c4b7230be0 flushing  nmethod 0x000001c4a427b890
Event: 31.623 Thread 0x000001c4b7230be0 flushing  nmethod 0x000001c4a427c790
Event: 31.623 Thread 0x000001c4b7230be0 flushing  nmethod 0x000001c4a427cb10
Event: 31.623 Thread 0x000001c4b7230be0 flushing  nmethod 0x000001c4a4295710
Event: 31.623 Thread 0x000001c4b7230be0 flushing  nmethod 0x000001c4a4295e10
Event: 31.623 Thread 0x000001c4b7230be0 flushing  nmethod 0x000001c4a4296410
Event: 31.623 Thread 0x000001c4b7230be0 flushing  nmethod 0x000001c4a4299b10
Event: 31.623 Thread 0x000001c4b7230be0 flushing  nmethod 0x000001c4a429a610
Event: 31.623 Thread 0x000001c4b7230be0 flushing  nmethod 0x000001c4a42a9a10
Event: 31.623 Thread 0x000001c4b7230be0 flushing  nmethod 0x000001c4a42a9f10
Event: 31.623 Thread 0x000001c4b7230be0 flushing  nmethod 0x000001c4a42abe10
Event: 31.623 Thread 0x000001c4b7230be0 flushing  nmethod 0x000001c4a4308d10
Event: 31.623 Thread 0x000001c4b7230be0 flushing  nmethod 0x000001c4a430a810
Event: 31.623 Thread 0x000001c4b7230be0 flushing  nmethod 0x000001c4a4314f90
Event: 31.623 Thread 0x000001c4b7230be0 flushing  nmethod 0x000001c4a4317510
Event: 31.623 Thread 0x000001c4b7230be0 flushing  nmethod 0x000001c4a4317c90
Event: 31.623 Thread 0x000001c4b7230be0 flushing  nmethod 0x000001c4a4318010
Event: 31.623 Thread 0x000001c4b7230be0 flushing  nmethod 0x000001c4a4318390
Event: 31.623 Thread 0x000001c4b7230be0 flushing  nmethod 0x000001c4a4324890

Events (20 events):
Event: 96.546 Thread 0x000001c4ff28ac50 Thread exited: 0x000001c4ff28ac50
Event: 153.186 Thread 0x000001c480292bc0 Thread exited: 0x000001c480292bc0
Event: 156.548 Thread 0x000001c4ff2877d0 Thread exited: 0x000001c4ff2877d0
Event: 213.193 Thread 0x000001c4802973f0 Thread exited: 0x000001c4802973f0
Event: 216.577 Thread 0x000001c4ff28a5c0 Thread exited: 0x000001c4ff28a5c0
Event: 273.212 Thread 0x000001c480290af0 Thread exited: 0x000001c480290af0
Event: 276.585 Thread 0x000001c4ff285700 Thread exited: 0x000001c4ff285700
Event: 329.876 Thread 0x000001c4fec03410 Thread added: 0x000001c480292bc0
Event: 329.927 Thread 0x000001c480292bc0 Thread exited: 0x000001c480292bc0
Event: 330.057 Thread 0x000001c4fec03410 Thread added: 0x000001c480293f70
Event: 330.066 Thread 0x000001c480293f70 Thread exited: 0x000001c480293f70
Event: 330.150 Thread 0x000001c4b725fa90 Thread added: 0x000001c4ff19c870
Event: 331.540 Thread 0x000001c480291180 Thread exited: 0x000001c480291180
Event: 333.120 Thread 0x000001c4802959b0 Thread exited: 0x000001c4802959b0
Event: 333.182 Thread 0x000001c480295320 Thread exited: 0x000001c480295320
Event: 333.229 Thread 0x000001c480296d60 Thread exited: 0x000001c480296d60
Event: 335.584 Thread 0x000001c4ff19c870 Thread exited: 0x000001c4ff19c870
Event: 336.581 Thread 0x000001c4ff287e60 Thread exited: 0x000001c4ff287e60
Event: 396.629 Thread 0x000001c4ff289f30 Thread exited: 0x000001c4ff289f30
Event: 456.635 Thread 0x000001c4ff289210 Thread exited: 0x000001c4ff289210


Dynamic libraries:
0x00007ff67d570000 - 0x00007ff67d57e000 	c:\Users\DELL\.vscode\extensions\redhat.java-1.54.0-win32-x64\jre\21.0.10-win32-x86_64\bin\java.exe
0x00007ffc450d0000 - 0x00007ffc452c8000 	C:\WINDOWS\SYSTEM32\ntdll.dll
0x00007ffc44f90000 - 0x00007ffc45052000 	C:\WINDOWS\System32\KERNEL32.DLL
0x00007ffc42930000 - 0x00007ffc42c26000 	C:\WINDOWS\System32\KERNELBASE.dll
0x00007ffc42760000 - 0x00007ffc42860000 	C:\WINDOWS\System32\ucrtbase.dll
0x00007ffbdf0e0000 - 0x00007ffbdf0f8000 	c:\Users\DELL\.vscode\extensions\redhat.java-1.54.0-win32-x64\jre\21.0.10-win32-x86_64\bin\jli.dll
0x00007ffc44460000 - 0x00007ffc44601000 	C:\WINDOWS\System32\USER32.dll
0x00007ffc42730000 - 0x00007ffc42752000 	C:\WINDOWS\System32\win32u.dll
0x00007ffbdd4b0000 - 0x00007ffbdd4ce000 	c:\Users\DELL\.vscode\extensions\redhat.java-1.54.0-win32-x64\jre\21.0.10-win32-x86_64\bin\VCRUNTIME140.dll
0x00007ffc43120000 - 0x00007ffc4314b000 	C:\WINDOWS\System32\GDI32.dll
0x00007ffc270c0000 - 0x00007ffc2735b000 	C:\WINDOWS\WinSxS\amd64_microsoft.windows.common-controls_6595b64144ccf1df_6.0.19041.6456_none_60b8a6cb71f64256\COMCTL32.dll
0x00007ffc42fa0000 - 0x00007ffc430b9000 	C:\WINDOWS\System32\gdi32full.dll
0x00007ffc44ef0000 - 0x00007ffc44f8e000 	C:\WINDOWS\System32\msvcrt.dll
0x00007ffc42860000 - 0x00007ffc428fd000 	C:\WINDOWS\System32\msvcp_win.dll
0x00007ffc44100000 - 0x00007ffc4412f000 	C:\WINDOWS\System32\IMM32.DLL
0x00007ffc33fa0000 - 0x00007ffc33fac000 	c:\Users\DELL\.vscode\extensions\redhat.java-1.54.0-win32-x64\jre\21.0.10-win32-x86_64\bin\vcruntime140_1.dll
0x00007ffbd4df0000 - 0x00007ffbd4e7d000 	c:\Users\DELL\.vscode\extensions\redhat.java-1.54.0-win32-x64\jre\21.0.10-win32-x86_64\bin\msvcp140.dll
0x00007ffbcdc90000 - 0x00007ffbcea31000 	c:\Users\DELL\.vscode\extensions\redhat.java-1.54.0-win32-x64\jre\21.0.10-win32-x86_64\bin\server\jvm.dll
0x00007ffc44e30000 - 0x00007ffc44ee1000 	C:\WINDOWS\System32\ADVAPI32.dll
0x00007ffc44210000 - 0x00007ffc442af000 	C:\WINDOWS\System32\sechost.dll
0x00007ffc43b70000 - 0x00007ffc43c90000 	C:\WINDOWS\System32\RPCRT4.dll
0x00007ffc42900000 - 0x00007ffc42927000 	C:\WINDOWS\System32\bcrypt.dll
0x00007ffc441a0000 - 0x00007ffc4420b000 	C:\WINDOWS\System32\WS2_32.dll
0x00007ffc41b50000 - 0x00007ffc41b9b000 	C:\WINDOWS\SYSTEM32\POWRPROF.dll
0x00007ffc31570000 - 0x00007ffc31597000 	C:\WINDOWS\SYSTEM32\WINMM.dll
0x00007ffc389f0000 - 0x00007ffc389fa000 	C:\WINDOWS\SYSTEM32\VERSION.dll
0x00007ffc41af0000 - 0x00007ffc41b02000 	C:\WINDOWS\SYSTEM32\UMPDC.dll
0x00007ffc40f00000 - 0x00007ffc40f12000 	C:\WINDOWS\SYSTEM32\kernel.appcore.dll
0x00007ffc244c0000 - 0x00007ffc244ca000 	c:\Users\DELL\.vscode\extensions\redhat.java-1.54.0-win32-x64\jre\21.0.10-win32-x86_64\bin\jimage.dll
0x00007ffc40270000 - 0x00007ffc40471000 	C:\WINDOWS\SYSTEM32\DBGHELP.DLL
0x00007ffc24960000 - 0x00007ffc24994000 	C:\WINDOWS\SYSTEM32\dbgcore.DLL
0x00007ffc42f10000 - 0x00007ffc42f92000 	C:\WINDOWS\System32\bcryptPrimitives.dll
0x00007ffc243a0000 - 0x00007ffc243af000 	c:\Users\DELL\.vscode\extensions\redhat.java-1.54.0-win32-x64\jre\21.0.10-win32-x86_64\bin\instrument.dll
0x00007ffbdbb20000 - 0x00007ffbdbb40000 	c:\Users\DELL\.vscode\extensions\redhat.java-1.54.0-win32-x64\jre\21.0.10-win32-x86_64\bin\java.dll
0x00007ffc446c0000 - 0x00007ffc44e30000 	C:\WINDOWS\System32\SHELL32.dll
0x00007ffc40740000 - 0x00007ffc40ee5000 	C:\WINDOWS\SYSTEM32\windows.storage.dll
0x00007ffc43800000 - 0x00007ffc43b54000 	C:\WINDOWS\System32\combase.dll
0x00007ffc42080000 - 0x00007ffc420ab000 	C:\WINDOWS\SYSTEM32\Wldp.dll
0x00007ffc43510000 - 0x00007ffc435dd000 	C:\WINDOWS\System32\OLEAUT32.dll
0x00007ffc43150000 - 0x00007ffc431fd000 	C:\WINDOWS\System32\SHCORE.dll
0x00007ffc435e0000 - 0x00007ffc4363b000 	C:\WINDOWS\System32\shlwapi.dll
0x00007ffc42660000 - 0x00007ffc42684000 	C:\WINDOWS\SYSTEM32\profapi.dll
0x00007ffbdbb00000 - 0x00007ffbdbb18000 	c:\Users\DELL\.vscode\extensions\redhat.java-1.54.0-win32-x64\jre\21.0.10-win32-x86_64\bin\zip.dll
0x00007ffc238e0000 - 0x00007ffc238f0000 	C:\Users\DELL\.vscode\extensions\redhat.java-1.54.0-win32-x64\jre\21.0.10-win32-x86_64\bin\net.dll
0x00007ffc3f370000 - 0x00007ffc3f47a000 	C:\WINDOWS\SYSTEM32\WINHTTP.dll
0x00007ffc41e60000 - 0x00007ffc41eca000 	C:\WINDOWS\system32\mswsock.dll
0x00007ffbd4dd0000 - 0x00007ffbd4de6000 	C:\Users\DELL\.vscode\extensions\redhat.java-1.54.0-win32-x64\jre\21.0.10-win32-x86_64\bin\nio.dll
0x00007ffc22b00000 - 0x00007ffc22b10000 	c:\Users\DELL\.vscode\extensions\redhat.java-1.54.0-win32-x64\jre\21.0.10-win32-x86_64\bin\verify.dll
0x00007ffbd4d30000 - 0x00007ffbd4d75000 	C:\Users\DELL\AppData\Roaming\Code\User\globalStorage\redhat.java\1.54.0\config_win\org.eclipse.equinox.launcher\org.eclipse.equinox.launcher.win32.win32.x86_64_1.3.0.v20260203-2149\eclipse_11919.dll
0x00007ffc436d0000 - 0x00007ffc437fb000 	C:\WINDOWS\System32\ole32.dll
0x00007ffc420c0000 - 0x00007ffc420d8000 	C:\WINDOWS\SYSTEM32\CRYPTSP.dll
0x00007ffc41730000 - 0x00007ffc41768000 	C:\WINDOWS\system32\rsaenh.dll
0x00007ffc425e0000 - 0x00007ffc4260e000 	C:\WINDOWS\SYSTEM32\USERENV.dll
0x00007ffc41ff0000 - 0x00007ffc41ffc000 	C:\WINDOWS\SYSTEM32\CRYPTBASE.dll
0x00007ffc41b10000 - 0x00007ffc41b4b000 	C:\WINDOWS\SYSTEM32\IPHLPAPI.DLL
0x00007ffc44610000 - 0x00007ffc44618000 	C:\WINDOWS\System32\NSI.dll
0x00007ffbd4e80000 - 0x00007ffbd4ec9000 	C:\Users\DELL\AppData\Local\Temp\jna-2094529\jna7237368648250230027.dll
0x00007ffc44190000 - 0x00007ffc44198000 	C:\WINDOWS\System32\PSAPI.DLL
0x00007ffc38950000 - 0x00007ffc38967000 	C:\WINDOWS\SYSTEM32\dhcpcsvc6.DLL
0x00007ffc38cc0000 - 0x00007ffc38cdd000 	C:\WINDOWS\SYSTEM32\dhcpcsvc.DLL

JVMTI agents:
c:\Users\DELL\.vscode\extensions\redhat.java-1.54.0-win32-x64\lombok\lombok-1.18.39-4050.jar path:c:\Users\DELL\.vscode\extensions\redhat.java-1.54.0-win32-x64\jre\21.0.10-win32-x86_64\bin\instrument.dll, loaded, initialized, instrumentlib options:none

dbghelp: loaded successfully - version: 4.0.5 - missing functions: none
symbol engine: initialized successfully - sym options: 0x614 - pdb path: .;c:\Users\DELL\.vscode\extensions\redhat.java-1.54.0-win32-x64\jre\21.0.10-win32-x86_64\bin;C:\WINDOWS\SYSTEM32;C:\WINDOWS\WinSxS\amd64_microsoft.windows.common-controls_6595b64144ccf1df_6.0.19041.6456_none_60b8a6cb71f64256;c:\Users\DELL\.vscode\extensions\redhat.java-1.54.0-win32-x64\jre\21.0.10-win32-x86_64\bin\server;C:\Users\DELL\AppData\Roaming\Code\User\globalStorage\redhat.java\1.54.0\config_win\org.eclipse.equinox.launcher\org.eclipse.equinox.launcher.win32.win32.x86_64_1.3.0.v20260203-2149;C:\Users\DELL\AppData\Local\Temp\jna-2094529

VM Arguments:
jvm_args: --add-modules=ALL-SYSTEM --add-opens=java.base/java.util=ALL-UNNAMED --add-opens=java.base/java.lang=ALL-UNNAMED --add-opens=java.base/sun.nio.fs=ALL-UNNAMED -Declipse.application=org.eclipse.jdt.ls.core.id1 -Dosgi.bundles.defaultStartLevel=4 -Declipse.product=org.eclipse.jdt.ls.core.product -Djava.import.generatesMetadataFilesAtProjectRoot=false -DDetectVMInstallationsJob.disabled=true -Dfile.encoding=utf8 -XX:+UseParallelGC -XX:GCTimeRatio=4 -XX:AdaptiveSizePolicyWeight=90 -Dsun.zip.disableMemoryMapping=true -Xmx2G -Xms100m -Xlog:disable -javaagent:c:\Users\DELL\.vscode\extensions\redhat.java-1.54.0-win32-x64\lombok\lombok-1.18.39-4050.jar -XX:+HeapDumpOnOutOfMemoryError -XX:HeapDumpPath=c:\Users\DELL\AppData\Roaming\Code\User\workspaceStorage\f344cfecaae3a1e706eeb4b3134648e1\redhat.java -Daether.dependencyCollector.impl=bf 
java_command: c:\Users\DELL\.vscode\extensions\redhat.java-1.54.0-win32-x64\server\plugins\org.eclipse.equinox.launcher_1.7.100.v20251111-0406.jar -configuration c:\Users\DELL\AppData\Roaming\Code\User\globalStorage\redhat.java\1.54.0\config_win -data c:\Users\DELL\AppData\Roaming\Code\User\workspaceStorage\f344cfecaae3a1e706eeb4b3134648e1\redhat.java\jdt_ws --pipe=\\.\pipe\lsp-74b496eace5ec1536f54a3aeaa36fa8e-sock
java_class_path (initial): c:\Users\DELL\.vscode\extensions\redhat.java-1.54.0-win32-x64\server\plugins\org.eclipse.equinox.launcher_1.7.100.v20251111-0406.jar
Launcher Type: SUN_STANDARD

[Global flags]
    uintx AdaptiveSizePolicyWeight                 = 90                                        {product} {command line}
     intx CICompilerCount                          = 4                                         {product} {ergonomic}
    uintx GCTimeRatio                              = 4                                         {product} {command line}
     bool HeapDumpOnOutOfMemoryError               = true                                   {manageable} {command line}
    ccstr HeapDumpPath                             = c:\Users\DELL\AppData\Roaming\Code\User\workspaceStorage\f344cfecaae3a1e706eeb4b3134648e1\redhat.java         {manageable} {command line}
   size_t InitialHeapSize                          = 104857600                                 {product} {command line}
   size_t MaxHeapSize                              = 2147483648                                {product} {command line}
   size_t MaxNewSize                               = 715653120                                 {product} {ergonomic}
   size_t MinHeapDeltaBytes                        = 524288                                    {product} {ergonomic}
   size_t MinHeapSize                              = 104857600                                 {product} {command line}
   size_t NewSize                                  = 34603008                                  {product} {ergonomic}
    uintx NonNMethodCodeHeapSize                   = 5839372                                {pd product} {ergonomic}
    uintx NonProfiledCodeHeapSize                  = 122909434                              {pd product} {ergonomic}
   size_t OldSize                                  = 70254592                                  {product} {ergonomic}
    uintx ProfiledCodeHeapSize                     = 122909434                              {pd product} {ergonomic}
    uintx ReservedCodeCacheSize                    = 251658240                              {pd product} {ergonomic}
     bool SegmentedCodeCache                       = true                                      {product} {ergonomic}
   size_t SoftMaxHeapSize                          = 2147483648                             {manageable} {ergonomic}
     bool UseCompressedOops                        = true                           {product lp64_product} {ergonomic}
     bool UseLargePagesIndividualAllocation        = false                                  {pd product} {ergonomic}
     bool UseParallelGC                            = true                                      {product} {command line}

Logging:
Log output configuration:
 #0: stdout all=off uptime,level,tags foldmultilines=false
 #1: stderr all=off uptime,level,tags foldmultilines=false

Release file:
JAVA_VERSION="21.0.10" 
MODULES="java.base java.compiler java.datatransfer java.xml java.prefs java.desktop java.instrument java.logging java.management java.security.sasl java.naming java.rmi java.management.rmi java.net.http java.scripting java.security.jgss java.transaction.xa java.sql java.sql.rowset java.xml.crypto java.se java.smartcardio jdk.accessibility jdk.internal.jvmstat jdk.attach jdk.charsets jdk.internal.opt jdk.zipfs jdk.compiler jdk.crypto.ec jdk.crypto.cryptoki jdk.crypto.mscapi jdk.dynalink jdk.internal.ed jdk.editpad jdk.hotspot.agent jdk.httpserver jdk.internal.le jdk.internal.vm.ci jdk.internal.vm.compiler jdk.internal.vm.compiler.management jdk.jartool jdk.javadoc jdk.jcmd jdk.management jdk.management.agent jdk.jconsole jdk.jdeps jdk.jdwp.agent jdk.jdi jdk.jfr jdk.jshell jdk.jsobject jdk.jstatd jdk.localedata jdk.management.jfr jdk.naming.dns jdk.naming.rmi jdk.net jdk.nio.mapmode jdk.random jdk.sctp jdk.security.auth jdk.security.jgss jdk.unsupported jdk.unsupported.desktop jdk.xml.dom" 

Environment Variables:
JAVA_HOME=C:\Program Files\Java\jdk-21
PATH=C:\Users\DELL\AppData\Local\Programs\Python\Python313\Scripts\;C:\Users\DELL\AppData\Local\Programs\Python\Python313\;C:\WINDOWS\system32;C:\WINDOWS;C:\WINDOWS\System32\Wbem;C:\WINDOWS\System32\WindowsPowerShell\v1.0\;C:\WINDOWS\System32\OpenSSH\;C:\Program Files (x86)\dotnet\;C:\Program Files\MiKTeX\miktex\bin\x64\;C:\Users\DELL\OneDrive\Desktop\Nouveau dossier\miktex\bin\x64\;C:\xampp\php;C:\ProgramData\ComposerSetup\bin;C:\Program Files\Git\cmd;C:\Program Files\Docker\Docker\resources\bin;C:\Program Files\nodejs\;C:\ProgramData\chocolatey\bin;C:\Program Files\dotnet\;C:\Program Files\Java\jdk-21\bin;C:\Program Files\Java\jdk-17\bin;C:\Program Files\Apache\maven\apache-maven-3.9.16\bin;C:\Users\DELL\AppData\Local\Programs\Python\Launcher\;C:\Users\DELL\AppData\Local\Programs\Python\Python310\Scripts\;C:\Users\DELL\AppData\Local\Programs\Python\Python310\;C:\Users\DELL\AppData\Local\Programs\Python\Python313\Scripts\;C:\Users\DELL\AppData\Local\Programs\Python\Python313\;C:\Users\DELL\AppData\Local\Microsoft\WindowsApps;C:\Users\DELL\AppData\Local\Programs\Microsoft VS Code\bin;C:\Users\DELL\AppData\Local\Programs\MiKTeX\miktex\bin\x64\;C:\Flex Windows\gcc\bin;C:\Flex Windows\Lex\bin;C:\Flex Windows\bison\bin;C:\Users\DELL\AppData\Roaming\Composer\vendor\bin;C:\Users\DELL\AppData\Local\Programs\cursor\resources\app\bin;C:\Users\DELL\AppData\Roaming\npm;C:\Users\DELL\AppData\Local\Programs\Antigravity IDE\bin
USERNAME=DELL
OS=Windows_NT
PROCESSOR_IDENTIFIER=Intel64 Family 6 Model 140 Stepping 1, GenuineIntel
TMP=C:\Users\DELL\AppData\Local\Temp
TEMP=C:\Users\DELL\AppData\Local\Temp




Periodic native trim disabled

---------------  S Y S T E M  ---------------

OS:
 Windows 10 , 64 bit Build 19041 (10.0.19041.5915)
OS uptime: 0 days 7:58 hours
Hyper-V role detected

CPU: total 8 (initial active 8) (4 cores per cpu, 2 threads per core) family 6 model 140 stepping 1 microcode 0xbe, cx8, cmov, fxsr, ht, mmx, 3dnowpref, sse, sse2, sse3, ssse3, sse4.1, sse4.2, popcnt, lzcnt, tsc, tscinvbit, avx, avx2, aes, erms, clmul, bmi1, bmi2, adx, avx512f, avx512dq, avx512cd, avx512bw, avx512vl, sha, fma, vzeroupper, avx512_vpopcntdq, avx512_vpclmulqdq, avx512_vaes, avx512_vnni, clflush, clflushopt, clwb, avx512_vbmi2, avx512_vbmi, hv, rdtscp, rdpid, fsrm, gfni, avx512_bitalg, f16c, cet_ibt, cet_ss, avx512_ifma
Processor Information for the first 8 processors :
  Max Mhz: 2419, Current Mhz: 2419, Mhz Limit: 2419

Memory: 4k page, system-wide physical 7918M (57M free)
TotalPageFile size 32494M (AvailPageFile size 0M)
current process WorkingSet (physical memory assigned to process): 6M, peak: 335M
current process commit charge ("private bytes"): 358M, peak: 412M

vm_info: OpenJDK 64-Bit Server VM (21.0.10+7-LTS) for windows-amd64 JRE (21.0.10+7-LTS), built on 2026-01-20T00:00:00Z by "admin" with MS VC++ 17.12 (VS2022)

END.
