#
# There is insufficient memory for the Java Runtime Environment to continue.
# Native memory allocation (malloc) failed to allocate 186752 bytes. Error detail: Chunk::new
# Possible reasons:
#   The system is out of physical RAM or swap space
#   This process is running with CompressedOops enabled, and the Java Heap may be blocking the growth of the native heap
# Possible solutions:
#   Reduce memory load on the system
#   Increase physical memory or swap space
#   Check if swap backing store is full
#   Decrease Java heap size (-Xmx/-Xms)
#   Decrease number of Java threads
#   Decrease Java thread stack sizes (-Xss)
#   Set larger code cache with -XX:ReservedCodeCacheSize=
#   JVM is running with Unscaled Compressed Oops mode in which the Java heap is
#     placed in the first 4GB address space. The Java Heap base address is the
#     maximum limit for the native heap growth. Please use -XX:HeapBaseMinAddress
#     to set the Java Heap base and to place the Java Heap above 4GB virtual address.
# This output file may be truncated or incomplete.
#
#  Out of Memory Error (arena.cpp:168), pid=29552, tid=18776
#
# JRE version: OpenJDK Runtime Environment Temurin-21.0.10+7 (21.0.10+7) (build 21.0.10+7-LTS)
# Java VM: OpenJDK 64-Bit Server VM Temurin-21.0.10+7 (21.0.10+7-LTS, mixed mode, sharing, tiered, compressed oops, compressed class ptrs, parallel gc, windows-amd64)
# No core dump will be written. Minidumps are not enabled by default on client versions of Windows
#

---------------  S U M M A R Y ------------

Command Line: --add-modules=ALL-SYSTEM --add-opens=java.base/java.util=ALL-UNNAMED --add-opens=java.base/java.lang=ALL-UNNAMED --add-opens=java.base/sun.nio.fs=ALL-UNNAMED -Declipse.application=org.eclipse.jdt.ls.core.id1 -Dosgi.bundles.defaultStartLevel=4 -Declipse.product=org.eclipse.jdt.ls.core.product -Djava.import.generatesMetadataFilesAtProjectRoot=false -DDetectVMInstallationsJob.disabled=true -Dfile.encoding=utf8 -XX:+UseParallelGC -XX:GCTimeRatio=4 -XX:AdaptiveSizePolicyWeight=90 -Dsun.zip.disableMemoryMapping=true -Xmx2G -Xms100m -Xlog:disable -javaagent:c:\Users\DELL\.vscode\extensions\redhat.java-1.54.0-win32-x64\lombok\lombok-1.18.39-4050.jar -XX:+HeapDumpOnOutOfMemoryError -XX:HeapDumpPath=c:\Users\DELL\AppData\Roaming\Code\User\workspaceStorage\4fbf31a4fcdd675cf8be9086d376c036\redhat.java -Daether.dependencyCollector.impl=bf c:\Users\DELL\.vscode\extensions\redhat.java-1.54.0-win32-x64\server\plugins\org.eclipse.equinox.launcher_1.7.100.v20251111-0406.jar -configuration c:\Users\DELL\AppData\Roaming\Code\User\globalStorage\redhat.java\1.54.0\config_win -data c:\Users\DELL\AppData\Roaming\Code\User\workspaceStorage\4fbf31a4fcdd675cf8be9086d376c036\redhat.java\jdt_ws --pipe=\\.\pipe\lsp-96f2cd7f67ed7fb3041f9991c3bbea40-sock

Host: 11th Gen Intel(R) Core(TM) i5-1135G7 @ 2.40GHz, 8 cores, 7G,  Windows 10 , 64 bit Build 19041 (10.0.19041.5915)
Time: Sat Jun  6 08:16:28 2026 Afr. centrale Ouest elapsed time: 56893.060982 seconds (0d 15h 48m 13s)

---------------  T H R E A D  ---------------

Current thread (0x0000023b7d40c180):  JavaThread "C2 CompilerThread0" daemon [_thread_in_native, id=18776, stack(0x000000ef43900000,0x000000ef43a00000) (1024K)]


Current CompileTask:
C2:56893061 13888       4       org.eclipse.jdt.internal.core.dom.rewrite.ASTRewriteAnalyzer::voidVisit (45 bytes)

Stack: [0x000000ef43900000,0x000000ef43a00000]
Native frames: (J=compiled Java code, j=interpreted, Vv=VM code, C=native code)
V  [jvm.dll+0x6d7a39]
V  [jvm.dll+0x8b4b26]
V  [jvm.dll+0x8b70de]
V  [jvm.dll+0x8b77c3]
V  [jvm.dll+0x284346]
V  [jvm.dll+0xc66ed]
V  [jvm.dll+0xc6c31]
V  [jvm.dll+0x3bec3b]
V  [jvm.dll+0x1e3bc4]
V  [jvm.dll+0x24c6b3]
V  [jvm.dll+0x24bb40]
V  [jvm.dll+0x1cb34e]
V  [jvm.dll+0x25b85d]
V  [jvm.dll+0x259dea]
V  [jvm.dll+0x3f857e]
V  [jvm.dll+0x85f59d]
V  [jvm.dll+0x6d626d]
C  [ucrtbase.dll+0x21bb2]
C  [KERNEL32.DLL+0x17374]
C  [ntdll.dll+0x4cc91]


---------------  P R O C E S S  ---------------

Threads class SMR info:
_java_thread_list=0x0000023b50636180, length=40, elements={
0x0000023b66992990, 0x0000023b7d400680, 0x0000023b7d401f90, 0x0000023b7d405b30,
0x0000023b7d406a50, 0x0000023b7d407970, 0x0000023b7d40b3f0, 0x0000023b7d40c180,
0x0000023b7d44d950, 0x0000023b7ee35a70, 0x0000023b7efb5a60, 0x0000023b7f32e080,
0x0000023b7f442ad0, 0x0000023b7f7b3a40, 0x0000023b7f7b4480, 0x0000023b453b7770,
0x0000023b452040e0, 0x0000023b453df460, 0x0000023b7eead410, 0x0000023b7eeadaa0,
0x0000023b7eeac060, 0x0000023b7eeac6f0, 0x0000023b7eeaf4e0, 0x0000023b45e62750,
0x0000023b45e613a0, 0x0000023b45e64eb0, 0x0000023b45e63b00, 0x0000023b45e62de0,
0x0000023b45e5fff0, 0x0000023b45e63470, 0x0000023b45e66260, 0x0000023b45e64190,
0x0000023b45e60d10, 0x0000023b4619d9f0, 0x0000023b461a1b90, 0x0000023b461a0150,
0x0000023b461a2220, 0x0000023b4619fac0, 0x0000023b461a35d0, 0x0000023b461a28b0
}

Java Threads: ( => current thread )
  0x0000023b66992990 JavaThread "main"                              [_thread_blocked, id=3300, stack(0x000000ef42f00000,0x000000ef43000000) (1024K)]
  0x0000023b7d400680 JavaThread "Reference Handler"          daemon [_thread_blocked, id=9120, stack(0x000000ef43300000,0x000000ef43400000) (1024K)]
  0x0000023b7d401f90 JavaThread "Finalizer"                  daemon [_thread_blocked, id=17612, stack(0x000000ef43400000,0x000000ef43500000) (1024K)]
  0x0000023b7d405b30 JavaThread "Signal Dispatcher"          daemon [_thread_blocked, id=3928, stack(0x000000ef43500000,0x000000ef43600000) (1024K)]
  0x0000023b7d406a50 JavaThread "Attach Listener"            daemon [_thread_blocked, id=5060, stack(0x000000ef43600000,0x000000ef43700000) (1024K)]
  0x0000023b7d407970 JavaThread "Service Thread"             daemon [_thread_blocked, id=29112, stack(0x000000ef43700000,0x000000ef43800000) (1024K)]
  0x0000023b7d40b3f0 JavaThread "Monitor Deflation Thread"   daemon [_thread_blocked, id=13592, stack(0x000000ef43800000,0x000000ef43900000) (1024K)]
=>0x0000023b7d40c180 JavaThread "C2 CompilerThread0"         daemon [_thread_in_native, id=18776, stack(0x000000ef43900000,0x000000ef43a00000) (1024K)]
  0x0000023b7d44d950 JavaThread "C1 CompilerThread0"         daemon [_thread_blocked, id=16208, stack(0x000000ef43a00000,0x000000ef43b00000) (1024K)]
  0x0000023b7ee35a70 JavaThread "Common-Cleaner"             daemon [_thread_blocked, id=13088, stack(0x000000ef43b00000,0x000000ef43c00000) (1024K)]
  0x0000023b7efb5a60 JavaThread "Notification Thread"        daemon [_thread_blocked, id=3228, stack(0x000000ef43c00000,0x000000ef43d00000) (1024K)]
  0x0000023b7f32e080 JavaThread "Active Thread: Equinox Container: 6aad0724-f157-4b34-9715-131f8ff8cab0"        [_thread_blocked, id=12240, stack(0x000000ef44300000,0x000000ef44400000) (1024K)]
  0x0000023b7f442ad0 JavaThread "Refresh Thread: Equinox Container: 6aad0724-f157-4b34-9715-131f8ff8cab0" daemon [_thread_blocked, id=24788, stack(0x000000ef44500000,0x000000ef44600000) (1024K)]
  0x0000023b7f7b3a40 JavaThread "Framework Event Dispatcher: Equinox Container: 6aad0724-f157-4b34-9715-131f8ff8cab0" daemon [_thread_blocked, id=25244, stack(0x000000ef44600000,0x000000ef44700000) (1024K)]
  0x0000023b7f7b4480 JavaThread "Start Level: Equinox Container: 6aad0724-f157-4b34-9715-131f8ff8cab0" daemon [_thread_blocked, id=18492, stack(0x000000ef44700000,0x000000ef44800000) (1024K)]
  0x0000023b453b7770 JavaThread "Bundle File Closer"         daemon [_thread_blocked, id=24920, stack(0x000000ef44800000,0x000000ef44900000) (1024K)]
  0x0000023b452040e0 JavaThread "SCR Component Actor"        daemon [_thread_blocked, id=27464, stack(0x000000ef44900000,0x000000ef44a00000) (1024K)]
  0x0000023b453df460 JavaThread "Worker-JM"                         [_thread_blocked, id=23304, stack(0x000000ef44a00000,0x000000ef44b00000) (1024K)]
  0x0000023b7eead410 JavaThread "JNA Cleaner"                daemon [_thread_blocked, id=20424, stack(0x000000ef44b00000,0x000000ef44c00000) (1024K)]
  0x0000023b7eeadaa0 JavaThread "Worker-1"                          [_thread_blocked, id=14656, stack(0x000000ef44d00000,0x000000ef44e00000) (1024K)]
  0x0000023b7eeac060 JavaThread "Java indexing"              daemon [_thread_blocked, id=29832, stack(0x000000ef44f00000,0x000000ef45000000) (1024K)]
  0x0000023b7eeac6f0 JavaThread "Thread-1"                   daemon [_thread_in_native, id=11012, stack(0x000000ef45400000,0x000000ef45500000) (1024K)]
  0x0000023b7eeaf4e0 JavaThread "Thread-2"                   daemon [_thread_in_native, id=20040, stack(0x000000ef45500000,0x000000ef45600000) (1024K)]
  0x0000023b45e62750 JavaThread "Thread-3"                   daemon [_thread_in_native, id=24192, stack(0x000000ef45600000,0x000000ef45700000) (1024K)]
  0x0000023b45e613a0 JavaThread "Thread-4"                   daemon [_thread_in_native, id=11164, stack(0x000000ef45700000,0x000000ef45800000) (1024K)]
  0x0000023b45e64eb0 JavaThread "Thread-5"                   daemon [_thread_in_native, id=30680, stack(0x000000ef45800000,0x000000ef45900000) (1024K)]
  0x0000023b45e63b00 JavaThread "Thread-6"                   daemon [_thread_in_native, id=10404, stack(0x000000ef45900000,0x000000ef45a00000) (1024K)]
  0x0000023b45e62de0 JavaThread "Thread-7"                   daemon [_thread_in_native, id=22712, stack(0x000000ef45a00000,0x000000ef45b00000) (1024K)]
  0x0000023b45e5fff0 JavaThread "Thread-8"                   daemon [_thread_in_native, id=23632, stack(0x000000ef45b00000,0x000000ef45c00000) (1024K)]
  0x0000023b45e63470 JavaThread "Thread-9"                   daemon [_thread_in_native, id=11524, stack(0x000000ef45c00000,0x000000ef45d00000) (1024K)]
  0x0000023b45e66260 JavaThread "pool-2-thread-1"                   [_thread_blocked, id=5700, stack(0x000000ef45d00000,0x000000ef45e00000) (1024K)]
  0x0000023b45e64190 JavaThread "WorkspaceEventsHandler"            [_thread_blocked, id=28816, stack(0x000000ef45f00000,0x000000ef46000000) (1024K)]
  0x0000023b45e60d10 JavaThread "pool-1-thread-1"                   [_thread_blocked, id=27572, stack(0x000000ef46000000,0x000000ef46100000) (1024K)]
  0x0000023b4619d9f0 JavaThread "Cleaner-0"                  daemon [_thread_blocked, id=22200, stack(0x000000ef42e00000,0x000000ef42f00000) (1024K)]
  0x0000023b461a1b90 JavaThread "Worker-5"                          [_thread_blocked, id=19896, stack(0x000000ef42c00000,0x000000ef42d00000) (1024K)]
  0x0000023b461a0150 JavaThread "ForkJoinPool.commonPool-worker-19" daemon [_thread_blocked, id=16948, stack(0x000000ef42d00000,0x000000ef42e00000) (1024K)]
  0x0000023b461a2220 JavaThread "ForkJoinPool.commonPool-worker-20" daemon [_thread_blocked, id=19004, stack(0x000000ef44c00000,0x000000ef44d00000) (1024K)]
  0x0000023b4619fac0 JavaThread "ForkJoinPool.commonPool-worker-21" daemon [_thread_blocked, id=13392, stack(0x000000ef44e00000,0x000000ef44f00000) (1024K)]
  0x0000023b461a35d0 JavaThread "ForkJoinPool.commonPool-worker-22" daemon [_thread_blocked, id=3984, stack(0x000000ef45000000,0x000000ef45100000) (1024K)]
  0x0000023b461a28b0 JavaThread "ForkJoinPool.commonPool-worker-23" daemon [_thread_blocked, id=20852, stack(0x000000ef45100000,0x000000ef45200000) (1024K)]
Total: 40

Other Threads:
  0x0000023b7d3f0c40 VMThread "VM Thread"                           [id=9952, stack(0x000000ef43200000,0x000000ef43300000) (1024K)]
  0x0000023b669ff020 WatcherThread "VM Periodic Task Thread"        [id=4444, stack(0x000000ef43100000,0x000000ef43200000) (1024K)]
  0x0000023b669b1f00 WorkerThread "GC Thread#0"                     [id=23020, stack(0x000000ef43000000,0x000000ef43100000) (1024K)]
  0x0000023b7f0bc090 WorkerThread "GC Thread#1"                     [id=29648, stack(0x000000ef43d00000,0x000000ef43e00000) (1024K)]
  0x0000023b7f5f46b0 WorkerThread "GC Thread#2"                     [id=15328, stack(0x000000ef43e00000,0x000000ef43f00000) (1024K)]
  0x0000023b7f5f4a60 WorkerThread "GC Thread#3"                     [id=7364, stack(0x000000ef43f00000,0x000000ef44000000) (1024K)]
  0x0000023b7f0bc440 WorkerThread "GC Thread#4"                     [id=19984, stack(0x000000ef44000000,0x000000ef44100000) (1024K)]
  0x0000023b7f0bc7f0 WorkerThread "GC Thread#5"                     [id=25048, stack(0x000000ef44100000,0x000000ef44200000) (1024K)]
  0x0000023b7f0bcba0 WorkerThread "GC Thread#6"                     [id=16044, stack(0x000000ef44200000,0x000000ef44300000) (1024K)]
  0x0000023b7f1e8d60 WorkerThread "GC Thread#7"                     [id=10532, stack(0x000000ef44400000,0x000000ef44500000) (1024K)]
Total: 10

Threads with active compile tasks:
C2 CompilerThread0  56893104 13888       4       org.eclipse.jdt.internal.core.dom.rewrite.ASTRewriteAnalyzer::voidVisit (45 bytes)
Total: 1

VM state: not at safepoint (normal execution)

VM Mutex/Monitor currently owned by a thread: None

Heap address: 0x0000000080000000, size: 2048 MB, Compressed Oops mode: 32-bit

CDS archive(s) mapped at: [0x0000023b00000000-0x0000023b00ba0000-0x0000023b00ba0000), size 12189696, SharedBaseAddress: 0x0000023b00000000, ArchiveRelocationMode: 1.
Compressed class space mapped at: 0x0000023b01000000-0x0000023b41000000, reserved size: 1073741824
Narrow klass base: 0x0000023b00000000, Narrow klass shift: 0, Narrow klass range: 0x100000000

GC Precious Log:
 CardTable entry size: 512
 CPUs: 8 total, 8 available
 Memory: 7918M
 Large Page Support: Disabled
 NUMA Support: Disabled
 Compressed Oops: Enabled (32-bit)
 Alignments: Space 512K, Generation 512K, Heap 2M
 Heap Min Capacity: 100M
 Heap Initial Capacity: 100M
 Heap Max Capacity: 2G
 Pre-touch: Disabled
 Parallel Workers: 8

Heap:
 PSYoungGen      total 9216K, used 8318K [0x00000000d5580000, 0x00000000d6000000, 0x0000000100000000)
  eden space 8704K, 92% used [0x00000000d5580000,0x00000000d5d57b40,0x00000000d5e00000)
  from space 512K, 56% used [0x00000000d5f80000,0x00000000d5fc8020,0x00000000d6000000)
  to   space 512K, 0% used [0x00000000d5f00000,0x00000000d5f00000,0x00000000d5f80000)
 ParOldGen       total 222720K, used 222275K [0x0000000080000000, 0x000000008d980000, 0x00000000d5580000)
  object space 222720K, 99% used [0x0000000080000000,0x000000008d910c38,0x000000008d980000)
 Metaspace       used 75424K, committed 77056K, reserved 1179648K
  class space    used 7939K, committed 8704K, reserved 1048576K

Card table byte_map: [0x0000023b66340000,0x0000023b66750000] _byte_map_base: 0x0000023b65f40000

Marking Bits: (ParMarkBitMap*) 0x00007fff4aec3450
 Begin Bits: [0x0000023b78e50000, 0x0000023b7ae50000)
 End Bits:   [0x0000023b7ae50000, 0x0000023b7ce50000)

Polling page: 0x0000023b64840000

Metaspace:

Usage:
  Non-class:     65.90 MB used.
      Class:      7.75 MB used.
       Both:     73.66 MB used.

Virtual space:
  Non-class space:      128.00 MB reserved,      66.75 MB ( 52%) committed,  2 nodes.
      Class space:        1.00 GB reserved,       8.50 MB ( <1%) committed,  1 nodes.
             Both:        1.12 GB reserved,      75.25 MB (  7%) committed. 

Chunk freelists:
   Non-Class:  12.50 MB
       Class:  7.46 MB
        Both:  19.96 MB

MaxMetaspaceSize: unlimited
CompressedClassSpaceSize: 1.00 GB
Initial GC threshold: 21.00 MB
Current GC threshold: 97.31 MB
CDS: on
 - commit_granule_bytes: 65536.
 - commit_granule_words: 8192.
 - virtual_space_node_default_size: 8388608.
 - enlarge_chunks_in_place: 1.
 - use_allocation_guard: 0.


Internal statistics:

num_allocs_failed_limit: 9.
num_arena_births: 1424.
num_arena_deaths: 14.
num_vsnodes_births: 3.
num_vsnodes_deaths: 0.
num_space_committed: 1204.
num_space_uncommitted: 0.
num_chunks_returned_to_freelist: 23.
num_chunks_taken_from_freelist: 4945.
num_chunk_merges: 11.
num_chunk_splits: 2998.
num_chunks_enlarged: 1611.
num_inconsistent_stats: 0.

CodeHeap 'non-profiled nmethods': size=120000Kb used=8148Kb max_used=8148Kb free=111851Kb
 bounds [0x0000023b71670000, 0x0000023b71e70000, 0x0000023b78ba0000]
CodeHeap 'profiled nmethods': size=120000Kb used=29061Kb max_used=29061Kb free=90938Kb
 bounds [0x0000023b69ba0000, 0x0000023b6b810000, 0x0000023b710d0000]
CodeHeap 'non-nmethods': size=5760Kb used=1506Kb max_used=1563Kb free=4254Kb
 bounds [0x0000023b710d0000, 0x0000023b71340000, 0x0000023b71670000]
CodeCache: size=245760Kb, used=38715Kb, max_used=38772Kb, free=207043Kb
 total_blobs=13911, nmethods=13093, adapters=723, full_count=0
Compilation: enabled, stopped_count=0, restarted_count=0

Compilation events (20 events):
Event: 56892.824 Thread 0x0000023b7d40c180 13881       4       org.eclipse.jdt.internal.core.dom.rewrite.RewriteEventStore::getEvent (121 bytes)
Event: 56892.897 Thread 0x0000023b7d40c180 nmethod 13881 0x0000023b71e62a10 code [0x0000023b71e62ca0, 0x0000023b71e638e8]
Event: 56892.898 Thread 0x0000023b7d40c180 13884       4       org.eclipse.jdt.core.dom.ASTNode::getStructuralProperty (108 bytes)
Event: 56892.909 Thread 0x0000023b7d40c180 nmethod 13884 0x0000023b71e64310 code [0x0000023b71e644c0, 0x0000023b71e64680]
Event: 56892.958 Thread 0x0000023b7d44d950 nmethod 13878 0x0000023b6b7f9f10 code [0x0000023b6b7fa440, 0x0000023b6b7fd3d0]
Event: 56892.958 Thread 0x0000023b7d44d950 13885       3       org.eclipse.jdt.core.dom.VariableDeclarationFragment::accept0 (55 bytes)
Event: 56892.958 Thread 0x0000023b7d40c180 13888       4       org.eclipse.jdt.internal.core.dom.rewrite.ASTRewriteAnalyzer::voidVisit (45 bytes)
Event: 56892.959 Thread 0x0000023b7d44d950 nmethod 13885 0x0000023b6b7fe090 code [0x0000023b6b7fe2a0, 0x0000023b6b7fe910]
Event: 56892.959 Thread 0x0000023b7d44d950 13879       3       org.eclipse.jdt.internal.formatter.Token::getLineBreaksBefore (16 bytes)
Event: 56892.959 Thread 0x0000023b7d44d950 nmethod 13879 0x0000023b6b7feb10 code [0x0000023b6b7fecc0, 0x0000023b6b7fee40]
Event: 56892.959 Thread 0x0000023b7d44d950 13880   !   3       org.eclipse.jdt.core.dom.ImportDeclaration::getName (78 bytes)
Event: 56892.961 Thread 0x0000023b7d44d950 nmethod 13880 0x0000023b6b7fef10 code [0x0000023b6b7ff200, 0x0000023b6b800220]
Event: 56892.961 Thread 0x0000023b7d44d950 13883       3       org.eclipse.jdt.core.dom.SingleMemberAnnotation::accept0 (34 bytes)
Event: 56892.962 Thread 0x0000023b7d44d950 nmethod 13883 0x0000023b6b800c90 code [0x0000023b6b800ea0, 0x0000023b6b801410]
Event: 56892.962 Thread 0x0000023b7d44d950 13882       1       org.eclipse.jdt.core.dom.ParameterizedType::typeArguments (5 bytes)
Event: 56892.962 Thread 0x0000023b7d44d950 nmethod 13882 0x0000023b71e64890 code [0x0000023b71e64a20, 0x0000023b71e64ae8]
Event: 56892.962 Thread 0x0000023b7d44d950 13889       1       org.eclipse.lsp4j.CodeActionCapabilities::getResolveSupport (5 bytes)
Event: 56892.964 Thread 0x0000023b7d44d950 nmethod 13889 0x0000023b71e64b90 code [0x0000023b71e64d20, 0x0000023b71e64de8]
Event: 56892.964 Thread 0x0000023b7d44d950 13886       1       org.eclipse.jdt.core.dom.FieldDeclaration::getNodeType0 (3 bytes)
Event: 56892.964 Thread 0x0000023b7d44d950 nmethod 13886 0x0000023b71e64e90 code [0x0000023b71e65020, 0x0000023b71e650e8]

GC Heap History (20 events):
Event: 96.874 GC heap before
{Heap before GC invocations=250 (full 3):
 PSYoungGen      total 10240K, used 10224K [0x00000000d5580000, 0x00000000d6100000, 0x0000000100000000)
  eden space 9728K, 100% used [0x00000000d5580000,0x00000000d5f00000,0x00000000d5f00000)
  from space 512K, 96% used [0x00000000d6000000,0x00000000d607c190,0x00000000d6080000)
  to   space 1024K, 0% used [0x00000000d5f00000,0x00000000d5f00000,0x00000000d6000000)
 ParOldGen       total 219136K, used 218990K [0x0000000080000000, 0x000000008d600000, 0x00000000d5580000)
  object space 219136K, 99% used [0x0000000080000000,0x000000008d5dbba0,0x000000008d600000)
 Metaspace       used 72057K, committed 73600K, reserved 1179648K
  class space    used 7557K, committed 8256K, reserved 1048576K
}
Event: 96.933 GC heap after
{Heap after GC invocations=250 (full 3):
 PSYoungGen      total 10752K, used 256K [0x00000000d5580000, 0x00000000d6080000, 0x0000000100000000)
  eden space 9728K, 0% used [0x00000000d5580000,0x00000000d5580000,0x00000000d5f00000)
  from space 1024K, 25% used [0x00000000d5f00000,0x00000000d5f40000,0x00000000d6000000)
  to   space 512K, 0% used [0x00000000d6000000,0x00000000d6000000,0x00000000d6080000)
 ParOldGen       total 219136K, used 219078K [0x0000000080000000, 0x000000008d600000, 0x00000000d5580000)
  object space 219136K, 99% used [0x0000000080000000,0x000000008d5f1ba0,0x000000008d600000)
 Metaspace       used 72057K, committed 73600K, reserved 1179648K
  class space    used 7557K, committed 8256K, reserved 1048576K
}
Event: 97.103 GC heap before
{Heap before GC invocations=251 (full 3):
 PSYoungGen      total 10752K, used 9984K [0x00000000d5580000, 0x00000000d6080000, 0x0000000100000000)
  eden space 9728K, 100% used [0x00000000d5580000,0x00000000d5f00000,0x00000000d5f00000)
  from space 1024K, 25% used [0x00000000d5f00000,0x00000000d5f40000,0x00000000d6000000)
  to   space 512K, 0% used [0x00000000d6000000,0x00000000d6000000,0x00000000d6080000)
 ParOldGen       total 219136K, used 219078K [0x0000000080000000, 0x000000008d600000, 0x00000000d5580000)
  object space 219136K, 99% used [0x0000000080000000,0x000000008d5f1ba0,0x000000008d600000)
 Metaspace       used 72057K, committed 73600K, reserved 1179648K
  class space    used 7557K, committed 8256K, reserved 1048576K
}
Event: 97.105 GC heap after
{Heap after GC invocations=251 (full 3):
 PSYoungGen      total 10240K, used 96K [0x00000000d5580000, 0x00000000d6080000, 0x0000000100000000)
  eden space 9728K, 0% used [0x00000000d5580000,0x00000000d5580000,0x00000000d5f00000)
  from space 512K, 18% used [0x00000000d6000000,0x00000000d6018000,0x00000000d6080000)
  to   space 512K, 0% used [0x00000000d5f80000,0x00000000d5f80000,0x00000000d6000000)
 ParOldGen       total 219136K, used 219126K [0x0000000080000000, 0x000000008d600000, 0x00000000d5580000)
  object space 219136K, 99% used [0x0000000080000000,0x000000008d5fdba0,0x000000008d600000)
 Metaspace       used 72057K, committed 73600K, reserved 1179648K
  class space    used 7557K, committed 8256K, reserved 1048576K
}
Event: 22617.288 GC heap before
{Heap before GC invocations=252 (full 3):
 PSYoungGen      total 10240K, used 9822K [0x00000000d5580000, 0x00000000d6080000, 0x0000000100000000)
  eden space 9728K, 99% used [0x00000000d5580000,0x00000000d5effb78,0x00000000d5f00000)
  from space 512K, 18% used [0x00000000d6000000,0x00000000d6018000,0x00000000d6080000)
  to   space 512K, 0% used [0x00000000d5f80000,0x00000000d5f80000,0x00000000d6000000)
 ParOldGen       total 219136K, used 219126K [0x0000000080000000, 0x000000008d600000, 0x00000000d5580000)
  object space 219136K, 99% used [0x0000000080000000,0x000000008d5fdba0,0x000000008d600000)
 Metaspace       used 72203K, committed 73728K, reserved 1179648K
  class space    used 7561K, committed 8256K, reserved 1048576K
}
Event: 22617.477 GC heap after
{Heap after GC invocations=252 (full 3):
 PSYoungGen      total 10240K, used 224K [0x00000000d5580000, 0x00000000d6080000, 0x0000000100000000)
  eden space 9728K, 0% used [0x00000000d5580000,0x00000000d5580000,0x00000000d5f00000)
  from space 512K, 43% used [0x00000000d5f80000,0x00000000d5fb8000,0x00000000d6000000)
  to   space 512K, 0% used [0x00000000d6000000,0x00000000d6000000,0x00000000d6080000)
 ParOldGen       total 219136K, used 219134K [0x0000000080000000, 0x000000008d600000, 0x00000000d5580000)
  object space 219136K, 99% used [0x0000000080000000,0x000000008d5ffba0,0x000000008d600000)
 Metaspace       used 72203K, committed 73728K, reserved 1179648K
  class space    used 7561K, committed 8256K, reserved 1048576K
}
Event: 22619.648 GC heap before
{Heap before GC invocations=253 (full 3):
 PSYoungGen      total 10240K, used 9945K [0x00000000d5580000, 0x00000000d6080000, 0x0000000100000000)
  eden space 9728K, 99% used [0x00000000d5580000,0x00000000d5efe468,0x00000000d5f00000)
  from space 512K, 43% used [0x00000000d5f80000,0x00000000d5fb8000,0x00000000d6000000)
  to   space 512K, 0% used [0x00000000d6000000,0x00000000d6000000,0x00000000d6080000)
 ParOldGen       total 219136K, used 219134K [0x0000000080000000, 0x000000008d600000, 0x00000000d5580000)
  object space 219136K, 99% used [0x0000000080000000,0x000000008d5ffba0,0x000000008d600000)
 Metaspace       used 72485K, committed 74048K, reserved 1179648K
  class space    used 7588K, committed 8320K, reserved 1048576K
}
Event: 22619.654 GC heap after
{Heap after GC invocations=253 (full 3):
 PSYoungGen      total 9216K, used 494K [0x00000000d5580000, 0x00000000d6300000, 0x0000000100000000)
  eden space 8704K, 0% used [0x00000000d5580000,0x00000000d5580000,0x00000000d5e00000)
  from space 512K, 96% used [0x00000000d6000000,0x00000000d607b9a0,0x00000000d6080000)
  to   space 2048K, 0% used [0x00000000d5e00000,0x00000000d5e00000,0x00000000d6000000)
 ParOldGen       total 220672K, used 220290K [0x0000000080000000, 0x000000008d780000, 0x00000000d5580000)
  object space 220672K, 99% used [0x0000000080000000,0x000000008d720a68,0x000000008d780000)
 Metaspace       used 72485K, committed 74048K, reserved 1179648K
  class space    used 7588K, committed 8320K, reserved 1048576K
}
Event: 22619.873 GC heap before
{Heap before GC invocations=254 (full 3):
 PSYoungGen      total 9216K, used 9188K [0x00000000d5580000, 0x00000000d6300000, 0x0000000100000000)
  eden space 8704K, 99% used [0x00000000d5580000,0x00000000d5dfd680,0x00000000d5e00000)
  from space 512K, 96% used [0x00000000d6000000,0x00000000d607b9a0,0x00000000d6080000)
  to   space 2048K, 0% used [0x00000000d5e00000,0x00000000d5e00000,0x00000000d6000000)
 ParOldGen       total 220672K, used 220290K [0x0000000080000000, 0x000000008d780000, 0x00000000d5580000)
  object space 220672K, 99% used [0x0000000080000000,0x000000008d720a68,0x000000008d780000)
 Metaspace       used 72746K, committed 74304K, reserved 1179648K
  class space    used 7620K, committed 8320K, reserved 1048576K
}
Event: 22619.881 GC heap after
{Heap after GC invocations=254 (full 3):
 PSYoungGen      total 10752K, used 1832K [0x00000000d5580000, 0x00000000d6200000, 0x0000000100000000)
  eden space 8704K, 0% used [0x00000000d5580000,0x00000000d5580000,0x00000000d5e00000)
  from space 2048K, 89% used [0x00000000d5e00000,0x00000000d5fca120,0x00000000d6000000)
  to   space 2048K, 0% used [0x00000000d6000000,0x00000000d6000000,0x00000000d6200000)
 ParOldGen       total 220672K, used 220609K [0x0000000080000000, 0x000000008d780000, 0x00000000d5580000)
  object space 220672K, 99% used [0x0000000080000000,0x000000008d7704e0,0x000000008d780000)
 Metaspace       used 72746K, committed 74304K, reserved 1179648K
  class space    used 7620K, committed 8320K, reserved 1048576K
}
Event: 22619.968 GC heap before
{Heap before GC invocations=255 (full 3):
 PSYoungGen      total 10752K, used 10536K [0x00000000d5580000, 0x00000000d6200000, 0x0000000100000000)
  eden space 8704K, 100% used [0x00000000d5580000,0x00000000d5e00000,0x00000000d5e00000)
  from space 2048K, 89% used [0x00000000d5e00000,0x00000000d5fca120,0x00000000d6000000)
  to   space 2048K, 0% used [0x00000000d6000000,0x00000000d6000000,0x00000000d6200000)
 ParOldGen       total 220672K, used 220609K [0x0000000080000000, 0x000000008d780000, 0x00000000d5580000)
  object space 220672K, 99% used [0x0000000080000000,0x000000008d7704e0,0x000000008d780000)
 Metaspace       used 73065K, committed 74624K, reserved 1179648K
  class space    used 7641K, committed 8384K, reserved 1048576K
}
Event: 22619.970 GC heap after
{Heap after GC invocations=255 (full 3):
 PSYoungGen      total 9728K, used 991K [0x00000000d5580000, 0x00000000d6100000, 0x0000000100000000)
  eden space 8704K, 0% used [0x00000000d5580000,0x00000000d5580000,0x00000000d5e00000)
  from space 1024K, 96% used [0x00000000d6000000,0x00000000d60f7c20,0x00000000d6100000)
  to   space 1536K, 0% used [0x00000000d5e00000,0x00000000d5e00000,0x00000000d5f80000)
 ParOldGen       total 221696K, used 221437K [0x0000000080000000, 0x000000008d880000, 0x00000000d5580000)
  object space 221696K, 99% used [0x0000000080000000,0x000000008d83f6a8,0x000000008d880000)
 Metaspace       used 73065K, committed 74624K, reserved 1179648K
  class space    used 7641K, committed 8384K, reserved 1048576K
}
Event: 22620.959 GC heap before
{Heap before GC invocations=256 (full 3):
 PSYoungGen      total 9728K, used 9695K [0x00000000d5580000, 0x00000000d6100000, 0x0000000100000000)
  eden space 8704K, 100% used [0x00000000d5580000,0x00000000d5e00000,0x00000000d5e00000)
  from space 1024K, 96% used [0x00000000d6000000,0x00000000d60f7c20,0x00000000d6100000)
  to   space 1536K, 0% used [0x00000000d5e00000,0x00000000d5e00000,0x00000000d5f80000)
 ParOldGen       total 221696K, used 221437K [0x0000000080000000, 0x000000008d880000, 0x00000000d5580000)
  object space 221696K, 99% used [0x0000000080000000,0x000000008d83f6a8,0x000000008d880000)
 Metaspace       used 73921K, committed 75456K, reserved 1179648K
  class space    used 7784K, committed 8512K, reserved 1048576K
}
Event: 22620.961 GC heap after
{Heap after GC invocations=256 (full 3):
 PSYoungGen      total 10240K, used 564K [0x00000000d5580000, 0x00000000d6080000, 0x0000000100000000)
  eden space 8704K, 0% used [0x00000000d5580000,0x00000000d5580000,0x00000000d5e00000)
  from space 1536K, 36% used [0x00000000d5e00000,0x00000000d5e8d220,0x00000000d5f80000)
  to   space 1024K, 0% used [0x00000000d5f80000,0x00000000d5f80000,0x00000000d6080000)
 ParOldGen       total 221696K, used 221614K [0x0000000080000000, 0x000000008d880000, 0x00000000d5580000)
  object space 221696K, 99% used [0x0000000080000000,0x000000008d86bbc8,0x000000008d880000)
 Metaspace       used 73921K, committed 75456K, reserved 1179648K
  class space    used 7784K, committed 8512K, reserved 1048576K
}
Event: 22621.155 GC heap before
{Heap before GC invocations=257 (full 3):
 PSYoungGen      total 10240K, used 9226K [0x00000000d5580000, 0x00000000d6080000, 0x0000000100000000)
  eden space 8704K, 99% used [0x00000000d5580000,0x00000000d5df55f0,0x00000000d5e00000)
  from space 1536K, 36% used [0x00000000d5e00000,0x00000000d5e8d220,0x00000000d5f80000)
  to   space 1024K, 0% used [0x00000000d5f80000,0x00000000d5f80000,0x00000000d6080000)
 ParOldGen       total 221696K, used 221614K [0x0000000080000000, 0x000000008d880000, 0x00000000d5580000)
  object space 221696K, 99% used [0x0000000080000000,0x000000008d86bbc8,0x000000008d880000)
 Metaspace       used 74429K, committed 76032K, reserved 1179648K
  class space    used 7846K, committed 8576K, reserved 1048576K
}
Event: 22621.157 GC heap after
{Heap after GC invocations=257 (full 3):
 PSYoungGen      total 9216K, used 224K [0x00000000d5580000, 0x00000000d6000000, 0x0000000100000000)
  eden space 8704K, 0% used [0x00000000d5580000,0x00000000d5580000,0x00000000d5e00000)
  from space 512K, 43% used [0x00000000d5f80000,0x00000000d5fb8000,0x00000000d6000000)
  to   space 512K, 0% used [0x00000000d5f00000,0x00000000d5f00000,0x00000000d5f80000)
 ParOldGen       total 222208K, used 221926K [0x0000000080000000, 0x000000008d900000, 0x00000000d5580000)
  object space 222208K, 99% used [0x0000000080000000,0x000000008d8b9be8,0x000000008d900000)
 Metaspace       used 74429K, committed 76032K, reserved 1179648K
  class space    used 7846K, committed 8576K, reserved 1048576K
}
Event: 56253.826 GC heap before
{Heap before GC invocations=258 (full 3):
 PSYoungGen      total 9216K, used 8928K [0x00000000d5580000, 0x00000000d6000000, 0x0000000100000000)
  eden space 8704K, 100% used [0x00000000d5580000,0x00000000d5e00000,0x00000000d5e00000)
  from space 512K, 43% used [0x00000000d5f80000,0x00000000d5fb8000,0x00000000d6000000)
  to   space 512K, 0% used [0x00000000d5f00000,0x00000000d5f00000,0x00000000d5f80000)
 ParOldGen       total 222208K, used 221926K [0x0000000080000000, 0x000000008d900000, 0x00000000d5580000)
  object space 222208K, 99% used [0x0000000080000000,0x000000008d8b9be8,0x000000008d900000)
 Metaspace       used 75322K, committed 76992K, reserved 1179648K
  class space    used 7939K, committed 8704K, reserved 1048576K
}
Event: 56253.943 GC heap after
{Heap after GC invocations=258 (full 3):
 PSYoungGen      total 9216K, used 384K [0x00000000d5580000, 0x00000000d6000000, 0x0000000100000000)
  eden space 8704K, 0% used [0x00000000d5580000,0x00000000d5580000,0x00000000d5e00000)
  from space 512K, 75% used [0x00000000d5f00000,0x00000000d5f60000,0x00000000d5f80000)
  to   space 512K, 0% used [0x00000000d5f80000,0x00000000d5f80000,0x00000000d6000000)
 ParOldGen       total 222208K, used 222006K [0x0000000080000000, 0x000000008d900000, 0x00000000d5580000)
  object space 222208K, 99% used [0x0000000080000000,0x000000008d8cdbe8,0x000000008d900000)
 Metaspace       used 75322K, committed 76992K, reserved 1179648K
  class space    used 7939K, committed 8704K, reserved 1048576K
}
Event: 56884.255 GC heap before
{Heap before GC invocations=259 (full 3):
 PSYoungGen      total 9216K, used 9088K [0x00000000d5580000, 0x00000000d6000000, 0x0000000100000000)
  eden space 8704K, 100% used [0x00000000d5580000,0x00000000d5e00000,0x00000000d5e00000)
  from space 512K, 75% used [0x00000000d5f00000,0x00000000d5f60000,0x00000000d5f80000)
  to   space 512K, 0% used [0x00000000d5f80000,0x00000000d5f80000,0x00000000d6000000)
 ParOldGen       total 222208K, used 222006K [0x0000000080000000, 0x000000008d900000, 0x00000000d5580000)
  object space 222208K, 99% used [0x0000000080000000,0x000000008d8cdbe8,0x000000008d900000)
 Metaspace       used 75390K, committed 77056K, reserved 1179648K
  class space    used 7939K, committed 8704K, reserved 1048576K
}
Event: 56884.325 GC heap after
{Heap after GC invocations=259 (full 3):
 PSYoungGen      total 9216K, used 288K [0x00000000d5580000, 0x00000000d6000000, 0x0000000100000000)
  eden space 8704K, 0% used [0x00000000d5580000,0x00000000d5580000,0x00000000d5e00000)
  from space 512K, 56% used [0x00000000d5f80000,0x00000000d5fc8020,0x00000000d6000000)
  to   space 512K, 0% used [0x00000000d5f00000,0x00000000d5f00000,0x00000000d5f80000)
 ParOldGen       total 222720K, used 222275K [0x0000000080000000, 0x000000008d980000, 0x00000000d5580000)
  object space 222720K, 99% used [0x0000000080000000,0x000000008d910c38,0x000000008d980000)
 Metaspace       used 75390K, committed 77056K, reserved 1179648K
  class space    used 7939K, committed 8704K, reserved 1048576K
}

Dll operation events (12 events):
Event: 0.012 Loaded shared library c:\Users\DELL\.vscode\extensions\redhat.java-1.54.0-win32-x64\jre\21.0.10-win32-x86_64\bin\java.dll
Event: 0.178 Loaded shared library c:\Users\DELL\.vscode\extensions\redhat.java-1.54.0-win32-x64\jre\21.0.10-win32-x86_64\bin\zip.dll
Event: 0.237 Loaded shared library C:\Users\DELL\.vscode\extensions\redhat.java-1.54.0-win32-x64\jre\21.0.10-win32-x86_64\bin\instrument.dll
Event: 0.247 Loaded shared library C:\Users\DELL\.vscode\extensions\redhat.java-1.54.0-win32-x64\jre\21.0.10-win32-x86_64\bin\net.dll
Event: 0.252 Loaded shared library C:\Users\DELL\.vscode\extensions\redhat.java-1.54.0-win32-x64\jre\21.0.10-win32-x86_64\bin\nio.dll
Event: 0.258 Loaded shared library C:\Users\DELL\.vscode\extensions\redhat.java-1.54.0-win32-x64\jre\21.0.10-win32-x86_64\bin\zip.dll
Event: 0.317 Loaded shared library C:\Users\DELL\.vscode\extensions\redhat.java-1.54.0-win32-x64\jre\21.0.10-win32-x86_64\bin\jimage.dll
Event: 0.532 Loaded shared library c:\Users\DELL\.vscode\extensions\redhat.java-1.54.0-win32-x64\jre\21.0.10-win32-x86_64\bin\verify.dll
Event: 2.211 Loaded shared library C:\Users\DELL\AppData\Roaming\Code\User\globalStorage\redhat.java\1.54.0\config_win\org.eclipse.equinox.launcher\org.eclipse.equinox.launcher.win32.win32.x86_64_1.3.0.v20260203-2149\eclipse_11919.dll
Event: 6.109 Loaded shared library C:\Users\DELL\AppData\Local\Temp\jna-2094529\jna5919045640188553091.dll
Event: 9.847 Loaded shared library C:\Users\DELL\.vscode\extensions\redhat.java-1.54.0-win32-x64\jre\21.0.10-win32-x86_64\bin\sunmscapi.dll
Event: 10.221 Loaded shared library C:\Users\DELL\.vscode\extensions\redhat.java-1.54.0-win32-x64\jre\21.0.10-win32-x86_64\bin\extnet.dll

Deoptimization events (20 events):
Event: 22625.762 Thread 0x0000023b461a0150 Uncommon trap: trap_request=0xffffffd6 fr.pc=0x0000023b71e01ee8 relative=0x00000000000074c8
Event: 22625.762 Thread 0x0000023b461a0150 Uncommon trap: reason=array_check action=maybe_recompile pc=0x0000023b71e01ee8 method=org.eclipse.jdt.internal.compiler.classfmt.ModuleInfo.readModuleAttribute(I)V @ 1029 c2
Event: 22625.762 Thread 0x0000023b461a0150 DEOPT PACKING pc=0x0000023b71e01ee8 sp=0x000000ef44efdda0
Event: 22625.762 Thread 0x0000023b461a0150 DEOPT UNPACKING pc=0x0000023b71126da2 sp=0x000000ef44efdd48 mode 2
Event: 22625.762 Thread 0x0000023b461a0150 Uncommon trap: trap_request=0xffffffd6 fr.pc=0x0000023b71e01ee8 relative=0x00000000000074c8
Event: 22625.762 Thread 0x0000023b461a0150 Uncommon trap: reason=array_check action=maybe_recompile pc=0x0000023b71e01ee8 method=org.eclipse.jdt.internal.compiler.classfmt.ModuleInfo.readModuleAttribute(I)V @ 1029 c2
Event: 22625.763 Thread 0x0000023b461a0150 DEOPT PACKING pc=0x0000023b71e01ee8 sp=0x000000ef44efdda0
Event: 22625.763 Thread 0x0000023b461a0150 DEOPT UNPACKING pc=0x0000023b71126da2 sp=0x000000ef44efdd48 mode 2
Event: 22625.763 Thread 0x0000023b461a0150 DEOPT PACKING pc=0x0000023b6b0d2df2 sp=0x000000ef44efde70
Event: 22625.763 Thread 0x0000023b461a0150 DEOPT UNPACKING pc=0x0000023b711278e2 sp=0x000000ef44efd3e8 mode 0
Event: 56253.528 Thread 0x0000023b4619d360 Uncommon trap: trap_request=0xffffff45 fr.pc=0x0000023b71d15fb0 relative=0x0000000000000170
Event: 56253.529 Thread 0x0000023b4619d360 Uncommon trap: reason=unstable_if action=reinterpret pc=0x0000023b71d15fb0 method=java.util.concurrent.locks.ReentrantReadWriteLock$Sync.tryReleaseShared(I)Z @ 59 c2
Event: 56253.529 Thread 0x0000023b4619d360 DEOPT PACKING pc=0x0000023b71d15fb0 sp=0x000000ef44cfdfa0
Event: 56253.532 Thread 0x0000023b4619d360 DEOPT UNPACKING pc=0x0000023b71126da2 sp=0x000000ef44cfdf28 mode 2
Event: 56264.228 Thread 0x0000023b461a2220 DEOPT PACKING pc=0x0000023b6b652ed3 sp=0x000000ef42dfea20
Event: 56264.228 Thread 0x0000023b461a2220 DEOPT UNPACKING pc=0x0000023b711278e2 sp=0x000000ef42dfdea8 mode 0
Event: 56884.091 Thread 0x0000023b461a0150 DEOPT PACKING pc=0x0000023b6a3c301a sp=0x000000ef42dfe710
Event: 56884.092 Thread 0x0000023b461a0150 DEOPT UNPACKING pc=0x0000023b711278e2 sp=0x000000ef42dfdb78 mode 0
Event: 56892.648 Thread 0x0000023b461a2220 DEOPT PACKING pc=0x0000023b6b26dc9e sp=0x000000ef44cfe3d0
Event: 56892.648 Thread 0x0000023b461a2220 DEOPT UNPACKING pc=0x0000023b711278e2 sp=0x000000ef44cfd810 mode 0

Classes loaded (20 events):
Event: 44.342 Loading class java/util/AbstractList$SubList$1
Event: 44.342 Loading class java/util/AbstractList$SubList$1 done
Event: 45.479 Loading class java/util/stream/ReferencePipeline$4
Event: 45.479 Loading class java/util/stream/ReferencePipeline$4 done
Event: 45.480 Loading class java/util/stream/Nodes$IntFixedNodeBuilder
Event: 45.480 Loading class java/util/stream/Node$Builder$OfInt
Event: 45.480 Loading class java/util/stream/Node$Builder$OfInt done
Event: 45.480 Loading class java/util/stream/Nodes$IntArrayNode
Event: 45.481 Loading class java/util/stream/Nodes$IntArrayNode done
Event: 45.481 Loading class java/util/stream/Nodes$IntFixedNodeBuilder done
Event: 45.481 Loading class java/util/stream/ReferencePipeline$4$1
Event: 45.481 Loading class java/util/stream/ReferencePipeline$4$1 done
Event: 22620.066 Loading class java/util/regex/Pattern$Behind
Event: 22620.067 Loading class java/util/regex/Pattern$Behind done
Event: 22620.068 Loading class java/util/regex/Pattern$Neg
Event: 22620.068 Loading class java/util/regex/Pattern$Neg done
Event: 22621.787 Loading class java/util/function/IntPredicate
Event: 22621.787 Loading class java/util/function/IntPredicate done
Event: 22622.019 Loading class java/util/regex/Pattern$Bound
Event: 22622.019 Loading class java/util/regex/Pattern$Bound done

Classes unloaded (7 events):
Event: 7.295 Thread 0x0000023b7d3f0c40 Unloading class 0x0000023b011ac000 'java/lang/invoke/LambdaForm$MH+0x0000023b011ac000'
Event: 7.295 Thread 0x0000023b7d3f0c40 Unloading class 0x0000023b011abc00 'java/lang/invoke/LambdaForm$MH+0x0000023b011abc00'
Event: 7.295 Thread 0x0000023b7d3f0c40 Unloading class 0x0000023b011ab800 'java/lang/invoke/LambdaForm$MH+0x0000023b011ab800'
Event: 7.295 Thread 0x0000023b7d3f0c40 Unloading class 0x0000023b011ab400 'java/lang/invoke/LambdaForm$MH+0x0000023b011ab400'
Event: 7.295 Thread 0x0000023b7d3f0c40 Unloading class 0x0000023b011ab000 'java/lang/invoke/LambdaForm$BMH+0x0000023b011ab000'
Event: 7.295 Thread 0x0000023b7d3f0c40 Unloading class 0x0000023b011aac00 'java/lang/invoke/LambdaForm$DMH+0x0000023b011aac00'
Event: 7.295 Thread 0x0000023b7d3f0c40 Unloading class 0x0000023b011a9800 'java/lang/invoke/LambdaForm$DMH+0x0000023b011a9800'

Classes redefined (0 events):
No events

Internal exceptions (20 events):
Event: 44.359 Thread 0x0000023b45e64820 Exception <a 'sun/nio/fs/WindowsException'{0x00000000d5d0de08}> (0x00000000d5d0de08) 
thrown [s\src\hotspot\share\prims\jni.cpp, line 520]
Event: 44.360 Thread 0x0000023b45e64820 Exception <a 'sun/nio/fs/WindowsException'{0x00000000d5d117d0}> (0x00000000d5d117d0) 
thrown [s\src\hotspot\share\prims\jni.cpp, line 520]
Event: 44.360 Thread 0x0000023b45e64820 Exception <a 'sun/nio/fs/WindowsException'{0x00000000d5d12328}> (0x00000000d5d12328) 
thrown [s\src\hotspot\share\prims\jni.cpp, line 520]
Event: 44.368 Thread 0x0000023b45e64820 Exception <a 'sun/nio/fs/WindowsException'{0x00000000d5db1a18}> (0x00000000d5db1a18) 
thrown [s\src\hotspot\share\prims\jni.cpp, line 520]
Event: 44.368 Thread 0x0000023b45e64820 Exception <a 'sun/nio/fs/WindowsException'{0x00000000d5db22f8}> (0x00000000d5db22f8) 
thrown [s\src\hotspot\share\prims\jni.cpp, line 520]
Event: 45.532 Thread 0x0000023b7eeacd80 Exception <a 'java/lang/NoSuchMethodError'{0x00000000d5eb1ed8}: 'java.lang.Object java.lang.invoke.DirectMethodHandle$Holder.invokeStatic(java.lang.Object, java.lang.Object, int, java.lang.Object)'> (0x00000000d5eb1ed8) 
thrown [s\src\hotspot\share\interpreter\linkResolver.cpp, line 773]
Event: 45.533 Thread 0x0000023b7eeacd80 Exception <a 'java/lang/NoSuchMethodError'{0x00000000d5eb8748}: 'java.lang.Object java.lang.invoke.DirectMethodHandle$Holder.newInvokeSpecial(java.lang.Object, java.lang.Object, int)'> (0x00000000d5eb8748) 
thrown [s\src\hotspot\share\interpreter\linkResolver.cpp, line 773]
Event: 49.460 Thread 0x0000023b45e60d10 Exception <a 'java/lang/IncompatibleClassChangeError'{0x00000000d5efa718}: Found class java.lang.Object, but interface was expected> (0x00000000d5efa718) 
thrown [s\src\hotspot\share\interpreter\linkResolver.cpp, line 840]
Event: 49.492 Thread 0x0000023b45e64820 Exception <a 'java/lang/NoSuchMethodError'{0x00000000d55b5ce8}: 'java.lang.Object java.lang.invoke.DirectMethodHandle$Holder.invokeSpecial(java.lang.Object, java.lang.Object, java.lang.Object, java.lang.Object, int, java.lang.Object, java.lang.Object)'> (0x00000000d55b5ce8) 
thrown [s\src\hotspot\share\interpreter\linkResolver.cpp, line 773]
Event: 49.700 Thread 0x0000023b45e65540 Implicit null exception at 0x0000023b71c843e8 to 0x0000023b71c84c2c
Event: 50.136 Thread 0x0000023b7eeadaa0 Exception <a 'sun/nio/fs/WindowsException'{0x00000000d564fcf0}> (0x00000000d564fcf0) 
thrown [s\src\hotspot\share\prims\jni.cpp, line 520]
Event: 50.136 Thread 0x0000023b7eeadaa0 Exception <a 'sun/nio/fs/WindowsException'{0x00000000d5656ad0}> (0x00000000d5656ad0) 
thrown [s\src\hotspot\share\prims\jni.cpp, line 520]
Event: 50.139 Thread 0x0000023b7eeadaa0 Exception <a 'sun/nio/fs/WindowsException'{0x00000000d566c150}> (0x00000000d566c150) 
thrown [s\src\hotspot\share\prims\jni.cpp, line 520]
Event: 50.139 Thread 0x0000023b7eeadaa0 Exception <a 'sun/nio/fs/WindowsException'{0x00000000d566c9e8}> (0x00000000d566c9e8) 
thrown [s\src\hotspot\share\prims\jni.cpp, line 520]
Event: 22617.980 Thread 0x0000023b45e60d10 Exception <a 'java/lang/IncompatibleClassChangeError'{0x00000000d56f34d8}: Found class java.lang.Object, but interface was expected> (0x00000000d56f34d8) 
thrown [s\src\hotspot\share\interpreter\linkResolver.cpp, line 840]
Event: 22619.855 Thread 0x0000023b461a28b0 Implicit null exception at 0x0000023b71bb955a to 0x0000023b71bb95b3
Event: 22620.000 Thread 0x0000023b461a0150 Exception <a 'java/lang/NoSuchMethodError'{0x00000000d577b090}: 'void java.lang.invoke.DirectMethodHandle$Holder.invokeSpecial(java.lang.Object, java.lang.Object, int)'> (0x00000000d577b090) 
thrown [s\src\hotspot\share\interpreter\linkResolver.cpp, line 773]
Event: 22620.087 Thread 0x0000023b461a0150 Exception <a 'java/lang/NoSuchMethodError'{0x00000000d5b22aa0}: 'int java.lang.invoke.DirectMethodHandle$Holder.invokeVirtual(java.lang.Object, java.lang.Object, java.lang.Object, int)'> (0x00000000d5b22aa0) 
thrown [s\src\hotspot\share\interpreter\linkResolver.cpp, line 773]
Event: 22621.113 Thread 0x0000023b461a0150 Exception <a 'java/lang/NoSuchMethodError'{0x00000000d5cdbc28}: 'java.lang.Object java.lang.invoke.DirectMethodHandle$Holder.invokeStatic(java.lang.Object, int, java.lang.Object)'> (0x00000000d5cdbc28) 
thrown [s\src\hotspot\share\interpreter\linkResolver.cpp, line 773]
Event: 22621.788 Thread 0x0000023b461a0150 Exception <a 'java/lang/NoSuchMethodError'{0x00000000d58294d0}: 'int java.lang.invoke.DirectMethodHandle$Holder.invokeStaticInit(java.lang.Object, int)'> (0x00000000d58294d0) 
thrown [s\src\hotspot\share\interpreter\linkResolver.cpp, line 773]

ZGC Phase Switch (0 events):
No events

VM Operations (20 events):
Event: 56261.159 Executing safepoint VM operation: Cleanup
Event: 56261.159 Executing safepoint VM operation: Cleanup done
Event: 56264.188 Executing safepoint VM operation: Cleanup
Event: 56264.204 Executing safepoint VM operation: Cleanup done
Event: 56282.345 Executing non-safepoint VM operation: HandshakeAllThreads (HandshakeForDeflation)
Event: 56282.345 Executing non-safepoint VM operation: HandshakeAllThreads (HandshakeForDeflation) done
Event: 56282.345 Executing non-safepoint VM operation: RendezvousGCThreads
Event: 56282.345 Executing non-safepoint VM operation: RendezvousGCThreads done
Event: 56522.745 Executing non-safepoint VM operation: HandshakeAllThreads (HandshakeForDeflation)
Event: 56522.750 Executing non-safepoint VM operation: HandshakeAllThreads (HandshakeForDeflation) done
Event: 56522.751 Executing non-safepoint VM operation: RendezvousGCThreads
Event: 56522.751 Executing non-safepoint VM operation: RendezvousGCThreads done
Event: 56642.951 Executing non-safepoint VM operation: HandshakeAllThreads (HandshakeForDeflation)
Event: 56642.951 Executing non-safepoint VM operation: HandshakeAllThreads (HandshakeForDeflation) done
Event: 56642.951 Executing non-safepoint VM operation: RendezvousGCThreads
Event: 56642.951 Executing non-safepoint VM operation: RendezvousGCThreads done
Event: 56884.238 Executing safepoint VM operation: ParallelGCFailedAllocation (Allocation Failure)
Event: 56884.325 Executing safepoint VM operation: ParallelGCFailedAllocation (Allocation Failure) done
Event: 56885.335 Executing safepoint VM operation: Cleanup
Event: 56885.335 Executing safepoint VM operation: Cleanup done

Memory protections (0 events):
No events

Nmethod flushes (20 events):
Event: 32.487 Thread 0x0000023b7d3f0c40 flushing  nmethod 0x0000023b6a4f2a10
Event: 32.487 Thread 0x0000023b7d3f0c40 flushing  nmethod 0x0000023b6a4f3510
Event: 32.487 Thread 0x0000023b7d3f0c40 flushing  nmethod 0x0000023b6a4f4a90
Event: 32.487 Thread 0x0000023b7d3f0c40 flushing  nmethod 0x0000023b6a4f5410
Event: 32.487 Thread 0x0000023b7d3f0c40 flushing  nmethod 0x0000023b6a4f5790
Event: 32.487 Thread 0x0000023b7d3f0c40 flushing  nmethod 0x0000023b6a4f6110
Event: 32.487 Thread 0x0000023b7d3f0c40 flushing  nmethod 0x0000023b6a4f9910
Event: 32.487 Thread 0x0000023b7d3f0c40 flushing  nmethod 0x0000023b6a4f9d10
Event: 32.487 Thread 0x0000023b7d3f0c40 flushing  nmethod 0x0000023b6a4fa090
Event: 32.487 Thread 0x0000023b7d3f0c40 flushing  nmethod 0x0000023b6a4fa610
Event: 32.487 Thread 0x0000023b7d3f0c40 flushing  nmethod 0x0000023b6a4faa10
Event: 32.487 Thread 0x0000023b7d3f0c40 flushing  nmethod 0x0000023b6a502e10
Event: 32.487 Thread 0x0000023b7d3f0c40 flushing  nmethod 0x0000023b6a504290
Event: 32.487 Thread 0x0000023b7d3f0c40 flushing  nmethod 0x0000023b6a504690
Event: 32.487 Thread 0x0000023b7d3f0c40 flushing  nmethod 0x0000023b6a504c90
Event: 32.487 Thread 0x0000023b7d3f0c40 flushing  nmethod 0x0000023b6a50bb90
Event: 32.487 Thread 0x0000023b7d3f0c40 flushing  nmethod 0x0000023b6a50bf90
Event: 32.487 Thread 0x0000023b7d3f0c40 flushing  nmethod 0x0000023b6a50c410
Event: 32.487 Thread 0x0000023b7d3f0c40 flushing  nmethod 0x0000023b6a50c810
Event: 32.487 Thread 0x0000023b7d3f0c40 flushing  nmethod 0x0000023b6a50d610

Events (20 events):
Event: 22686.180 Thread 0x0000023b461a0150 Thread exited: 0x0000023b461a0150
Event: 22746.186 Thread 0x0000023b461a28b0 Thread exited: 0x0000023b461a28b0
Event: 22806.191 Thread 0x0000023b4619d360 Thread exited: 0x0000023b4619d360
Event: 22866.195 Thread 0x0000023b4619e080 Thread exited: 0x0000023b4619e080
Event: 22926.200 Thread 0x0000023b4619e710 Thread exited: 0x0000023b4619e710
Event: 22986.206 Thread 0x0000023b461a35d0 Thread exited: 0x0000023b461a35d0
Event: 23046.209 Thread 0x0000023b461a2220 Thread exited: 0x0000023b461a2220
Event: 56253.260 Thread 0x0000023b45e60d10 Thread added: 0x0000023b461a2220
Event: 56253.329 Thread 0x0000023b45e60d10 Thread added: 0x0000023b4619d360
Event: 56253.348 Thread 0x0000023b45e60d10 Thread added: 0x0000023b4619e710
Event: 56253.694 Thread 0x0000023b4619d360 Thread added: 0x0000023b461a28b0
Event: 56402.230 Thread 0x0000023b461a2220 Thread exited: 0x0000023b461a2220
Event: 56462.226 Thread 0x0000023b4619d360 Thread exited: 0x0000023b4619d360
Event: 56522.233 Thread 0x0000023b4619e710 Thread exited: 0x0000023b4619e710
Event: 56582.246 Thread 0x0000023b461a28b0 Thread exited: 0x0000023b461a28b0
Event: 56884.054 Thread 0x0000023b45e60d10 Thread added: 0x0000023b461a0150
Event: 56884.074 Thread 0x0000023b461a0150 Thread added: 0x0000023b461a2220
Event: 56884.076 Thread 0x0000023b461a2220 Thread added: 0x0000023b4619fac0
Event: 56884.217 Thread 0x0000023b45e60d10 Thread added: 0x0000023b461a35d0
Event: 56884.226 Thread 0x0000023b461a2220 Thread added: 0x0000023b461a28b0


Dynamic libraries:
0x00007ff6272c0000 - 0x00007ff6272ce000 	c:\Users\DELL\.vscode\extensions\redhat.java-1.54.0-win32-x64\jre\21.0.10-win32-x86_64\bin\java.exe
0x00007fffc9270000 - 0x00007fffc9468000 	C:\WINDOWS\SYSTEM32\ntdll.dll
0x00007fffc7430000 - 0x00007fffc74f2000 	C:\WINDOWS\System32\KERNEL32.DLL
0x00007fffc6a80000 - 0x00007fffc6d76000 	C:\WINDOWS\System32\KERNELBASE.dll
0x00007fffc0040000 - 0x00007fffc005e000 	c:\Users\DELL\.vscode\extensions\redhat.java-1.54.0-win32-x64\jre\21.0.10-win32-x86_64\bin\VCRUNTIME140.dll
0x00007fffc0110000 - 0x00007fffc0128000 	c:\Users\DELL\.vscode\extensions\redhat.java-1.54.0-win32-x64\jre\21.0.10-win32-x86_64\bin\jli.dll
0x00007fffab670000 - 0x00007fffab90b000 	C:\WINDOWS\WinSxS\amd64_microsoft.windows.common-controls_6595b64144ccf1df_6.0.19041.6456_none_60b8a6cb71f64256\COMCTL32.dll
0x00007fffc7620000 - 0x00007fffc77c1000 	C:\WINDOWS\System32\USER32.dll
0x00007fffc6fd0000 - 0x00007fffc6ff2000 	C:\WINDOWS\System32\win32u.dll
0x00007fffc7ae0000 - 0x00007fffc7b7e000 	C:\WINDOWS\System32\msvcrt.dll
0x00007fffc8d00000 - 0x00007fffc8d2b000 	C:\WINDOWS\System32\GDI32.dll
0x00007fffc6eb0000 - 0x00007fffc6fc9000 	C:\WINDOWS\System32\gdi32full.dll
0x00007fffc7190000 - 0x00007fffc722d000 	C:\WINDOWS\System32\msvcp_win.dll
0x00007fffc7000000 - 0x00007fffc7100000 	C:\WINDOWS\System32\ucrtbase.dll
0x00007fffc7980000 - 0x00007fffc79af000 	C:\WINDOWS\System32\IMM32.DLL
0x00007fffc2f30000 - 0x00007fffc2f3c000 	c:\Users\DELL\.vscode\extensions\redhat.java-1.54.0-win32-x64\jre\21.0.10-win32-x86_64\bin\vcruntime140_1.dll
0x00007fff87c30000 - 0x00007fff87cbd000 	c:\Users\DELL\.vscode\extensions\redhat.java-1.54.0-win32-x64\jre\21.0.10-win32-x86_64\bin\msvcp140.dll
0x00007fff4a200000 - 0x00007fff4afa1000 	c:\Users\DELL\.vscode\extensions\redhat.java-1.54.0-win32-x64\jre\21.0.10-win32-x86_64\bin\server\jvm.dll
0x00007fffc7860000 - 0x00007fffc7911000 	C:\WINDOWS\System32\ADVAPI32.dll
0x00007fffc7c40000 - 0x00007fffc7cdf000 	C:\WINDOWS\System32\sechost.dll
0x00007fffc7f60000 - 0x00007fffc8080000 	C:\WINDOWS\System32\RPCRT4.dll
0x00007fffc7230000 - 0x00007fffc7257000 	C:\WINDOWS\System32\bcrypt.dll
0x00007fffc7ce0000 - 0x00007fffc7d4b000 	C:\WINDOWS\System32\WS2_32.dll
0x00007fffc5dd0000 - 0x00007fffc5e1b000 	C:\WINDOWS\SYSTEM32\POWRPROF.dll
0x00007fffbf4b0000 - 0x00007fffbf4ba000 	C:\WINDOWS\SYSTEM32\VERSION.dll
0x00007fffb5ef0000 - 0x00007fffb5f17000 	C:\WINDOWS\SYSTEM32\WINMM.dll
0x00007fffc5c90000 - 0x00007fffc5ca2000 	C:\WINDOWS\SYSTEM32\UMPDC.dll
0x00007fffc50a0000 - 0x00007fffc50b2000 	C:\WINDOWS\SYSTEM32\kernel.appcore.dll
0x00007fffc0030000 - 0x00007fffc003a000 	c:\Users\DELL\.vscode\extensions\redhat.java-1.54.0-win32-x64\jre\21.0.10-win32-x86_64\bin\jimage.dll
0x00007fffc4410000 - 0x00007fffc4611000 	C:\WINDOWS\SYSTEM32\DBGHELP.DLL
0x00007fffb9190000 - 0x00007fffb91c4000 	C:\WINDOWS\SYSTEM32\dbgcore.DLL
0x00007fffc7100000 - 0x00007fffc7182000 	C:\WINDOWS\System32\bcryptPrimitives.dll
0x00007fffc0020000 - 0x00007fffc002f000 	c:\Users\DELL\.vscode\extensions\redhat.java-1.54.0-win32-x64\jre\21.0.10-win32-x86_64\bin\instrument.dll
0x00007fffaf830000 - 0x00007fffaf850000 	c:\Users\DELL\.vscode\extensions\redhat.java-1.54.0-win32-x64\jre\21.0.10-win32-x86_64\bin\java.dll
0x00007fffc8080000 - 0x00007fffc87f0000 	C:\WINDOWS\System32\SHELL32.dll
0x00007fffc48e0000 - 0x00007fffc5085000 	C:\WINDOWS\SYSTEM32\windows.storage.dll
0x00007fffc8920000 - 0x00007fffc8c74000 	C:\WINDOWS\System32\combase.dll
0x00007fffc6220000 - 0x00007fffc624b000 	C:\WINDOWS\SYSTEM32\Wldp.dll
0x00007fffc7d50000 - 0x00007fffc7e1d000 	C:\WINDOWS\System32\OLEAUT32.dll
0x00007fffc7a30000 - 0x00007fffc7add000 	C:\WINDOWS\System32\SHCORE.dll
0x00007fffc7f00000 - 0x00007fffc7f5b000 	C:\WINDOWS\System32\shlwapi.dll
0x00007fffc6800000 - 0x00007fffc6824000 	C:\WINDOWS\SYSTEM32\profapi.dll
0x00007fffaf810000 - 0x00007fffaf828000 	c:\Users\DELL\.vscode\extensions\redhat.java-1.54.0-win32-x64\jre\21.0.10-win32-x86_64\bin\zip.dll
0x00007fffc0010000 - 0x00007fffc0020000 	C:\Users\DELL\.vscode\extensions\redhat.java-1.54.0-win32-x64\jre\21.0.10-win32-x86_64\bin\net.dll
0x00007fffc3500000 - 0x00007fffc360a000 	C:\WINDOWS\SYSTEM32\WINHTTP.dll
0x00007fffc6000000 - 0x00007fffc606a000 	C:\WINDOWS\system32\mswsock.dll
0x00007fffac8f0000 - 0x00007fffac906000 	C:\Users\DELL\.vscode\extensions\redhat.java-1.54.0-win32-x64\jre\21.0.10-win32-x86_64\bin\nio.dll
0x00007fffb9400000 - 0x00007fffb9410000 	c:\Users\DELL\.vscode\extensions\redhat.java-1.54.0-win32-x64\jre\21.0.10-win32-x86_64\bin\verify.dll
0x00007fff66590000 - 0x00007fff665d5000 	C:\Users\DELL\AppData\Roaming\Code\User\globalStorage\redhat.java\1.54.0\config_win\org.eclipse.equinox.launcher\org.eclipse.equinox.launcher.win32.win32.x86_64_1.3.0.v20260203-2149\eclipse_11919.dll
0x00007fffc87f0000 - 0x00007fffc891b000 	C:\WINDOWS\System32\ole32.dll
0x00007fffc6260000 - 0x00007fffc6278000 	C:\WINDOWS\SYSTEM32\CRYPTSP.dll
0x00007fffc58d0000 - 0x00007fffc5908000 	C:\WINDOWS\system32\rsaenh.dll
0x00007fffc67c0000 - 0x00007fffc67ee000 	C:\WINDOWS\SYSTEM32\USERENV.dll
0x00007fffc6190000 - 0x00007fffc619c000 	C:\WINDOWS\SYSTEM32\CRYPTBASE.dll
0x00007fffc5cb0000 - 0x00007fffc5ceb000 	C:\WINDOWS\SYSTEM32\IPHLPAPI.DLL
0x00007fffc7260000 - 0x00007fffc7268000 	C:\WINDOWS\System32\NSI.dll
0x00007fff613d0000 - 0x00007fff61419000 	C:\Users\DELL\AppData\Local\Temp\jna-2094529\jna5919045640188553091.dll
0x00007fffc7270000 - 0x00007fffc7278000 	C:\WINDOWS\System32\PSAPI.DLL
0x00007fffc0870000 - 0x00007fffc0887000 	C:\WINDOWS\SYSTEM32\dhcpcsvc6.DLL
0x00007fffc0840000 - 0x00007fffc085d000 	C:\WINDOWS\SYSTEM32\dhcpcsvc.DLL
0x00007fffaf0a0000 - 0x00007fffaf0ae000 	C:\Users\DELL\.vscode\extensions\redhat.java-1.54.0-win32-x64\jre\21.0.10-win32-x86_64\bin\sunmscapi.dll
0x00007fffc6920000 - 0x00007fffc6a7d000 	C:\WINDOWS\System32\CRYPT32.dll
0x00007fffc6370000 - 0x00007fffc6397000 	C:\WINDOWS\SYSTEM32\ncrypt.dll
0x00007fffc6330000 - 0x00007fffc636b000 	C:\WINDOWS\SYSTEM32\NTASN1.dll
0x00007fffc5cf0000 - 0x00007fffc5dba000 	C:\WINDOWS\SYSTEM32\DNSAPI.dll
0x00007fffbf2c0000 - 0x00007fffbf2ca000 	C:\Windows\System32\rasadhlp.dll
0x00007fffbb8a0000 - 0x00007fffbb920000 	C:\WINDOWS\System32\fwpuclnt.dll
0x00007fffaedc0000 - 0x00007fffaedc9000 	C:\Users\DELL\.vscode\extensions\redhat.java-1.54.0-win32-x64\jre\21.0.10-win32-x86_64\bin\extnet.dll

JVMTI agents:
c:\Users\DELL\.vscode\extensions\redhat.java-1.54.0-win32-x64\lombok\lombok-1.18.39-4050.jar path:c:\Users\DELL\.vscode\extensions\redhat.java-1.54.0-win32-x64\jre\21.0.10-win32-x86_64\bin\instrument.dll, loaded, initialized, instrumentlib options:none

dbghelp: loaded successfully - version: 4.0.5 - missing functions: none
symbol engine: initialized successfully - sym options: 0x614 - pdb path: .;c:\Users\DELL\.vscode\extensions\redhat.java-1.54.0-win32-x64\jre\21.0.10-win32-x86_64\bin;C:\WINDOWS\SYSTEM32;C:\WINDOWS\WinSxS\amd64_microsoft.windows.common-controls_6595b64144ccf1df_6.0.19041.6456_none_60b8a6cb71f64256;c:\Users\DELL\.vscode\extensions\redhat.java-1.54.0-win32-x64\jre\21.0.10-win32-x86_64\bin\server;C:\Users\DELL\AppData\Roaming\Code\User\globalStorage\redhat.java\1.54.0\config_win\org.eclipse.equinox.launcher\org.eclipse.equinox.launcher.win32.win32.x86_64_1.3.0.v20260203-2149;C:\Users\DELL\AppData\Local\Temp\jna-2094529

VM Arguments:
jvm_args: --add-modules=ALL-SYSTEM --add-opens=java.base/java.util=ALL-UNNAMED --add-opens=java.base/java.lang=ALL-UNNAMED --add-opens=java.base/sun.nio.fs=ALL-UNNAMED -Declipse.application=org.eclipse.jdt.ls.core.id1 -Dosgi.bundles.defaultStartLevel=4 -Declipse.product=org.eclipse.jdt.ls.core.product -Djava.import.generatesMetadataFilesAtProjectRoot=false -DDetectVMInstallationsJob.disabled=true -Dfile.encoding=utf8 -XX:+UseParallelGC -XX:GCTimeRatio=4 -XX:AdaptiveSizePolicyWeight=90 -Dsun.zip.disableMemoryMapping=true -Xmx2G -Xms100m -Xlog:disable -javaagent:c:\Users\DELL\.vscode\extensions\redhat.java-1.54.0-win32-x64\lombok\lombok-1.18.39-4050.jar -XX:+HeapDumpOnOutOfMemoryError -XX:HeapDumpPath=c:\Users\DELL\AppData\Roaming\Code\User\workspaceStorage\4fbf31a4fcdd675cf8be9086d376c036\redhat.java -Daether.dependencyCollector.impl=bf 
java_command: c:\Users\DELL\.vscode\extensions\redhat.java-1.54.0-win32-x64\server\plugins\org.eclipse.equinox.launcher_1.7.100.v20251111-0406.jar -configuration c:\Users\DELL\AppData\Roaming\Code\User\globalStorage\redhat.java\1.54.0\config_win -data c:\Users\DELL\AppData\Roaming\Code\User\workspaceStorage\4fbf31a4fcdd675cf8be9086d376c036\redhat.java\jdt_ws --pipe=\\.\pipe\lsp-96f2cd7f67ed7fb3041f9991c3bbea40-sock
java_class_path (initial): c:\Users\DELL\.vscode\extensions\redhat.java-1.54.0-win32-x64\server\plugins\org.eclipse.equinox.launcher_1.7.100.v20251111-0406.jar
Launcher Type: SUN_STANDARD

[Global flags]
    uintx AdaptiveSizePolicyWeight                 = 90                                        {product} {command line}
     intx CICompilerCount                          = 4                                         {product} {ergonomic}
    uintx GCTimeRatio                              = 4                                         {product} {command line}
     bool HeapDumpOnOutOfMemoryError               = true                                   {manageable} {command line}
    ccstr HeapDumpPath                             = c:\Users\DELL\AppData\Roaming\Code\User\workspaceStorage\4fbf31a4fcdd675cf8be9086d376c036\redhat.java         {manageable} {command line}
   size_t InitialHeapSize                          = 104857600                                 {product} {command line}
   size_t MaxHeapSize                              = 2147483648                                {product} {command line}
   size_t MaxNewSize                               = 715653120                                 {product} {ergonomic}
   size_t MinHeapDeltaBytes                        = 524288                                    {product} {ergonomic}
   size_t MinHeapSize                              = 104857600                                 {product} {command line}
   size_t NewSize                                  = 34603008                                  {product} {ergonomic}
    uintx NonNMethodCodeHeapSize                   = 5839372                                {pd product} {ergonomic}
    uintx NonProfiledCodeHeapSize                  = 122909434                              {pd product} {ergonomic}
   size_t OldSize                                  = 70254592                                  {product} {ergonomic}
    uintx ProfiledCodeHeapSize                     = 122909434                              {pd product} {ergonomic}
    uintx ReservedCodeCacheSize                    = 251658240                              {pd product} {ergonomic}
     bool SegmentedCodeCache                       = true                                      {product} {ergonomic}
   size_t SoftMaxHeapSize                          = 2147483648                             {manageable} {ergonomic}
     bool UseCompressedOops                        = true                           {product lp64_product} {ergonomic}
     bool UseLargePagesIndividualAllocation        = false                                  {pd product} {ergonomic}
     bool UseParallelGC                            = true                                      {product} {command line}

Logging:
Log output configuration:
 #0: stdout all=off uptime,level,tags foldmultilines=false
 #1: stderr all=off uptime,level,tags foldmultilines=false

Release file:
JAVA_VERSION="21.0.10" 
MODULES="java.base java.compiler java.datatransfer java.xml java.prefs java.desktop java.instrument java.logging java.management java.security.sasl java.naming java.rmi java.management.rmi java.net.http java.scripting java.security.jgss java.transaction.xa java.sql java.sql.rowset java.xml.crypto java.se java.smartcardio jdk.accessibility jdk.internal.jvmstat jdk.attach jdk.charsets jdk.internal.opt jdk.zipfs jdk.compiler jdk.crypto.ec jdk.crypto.cryptoki jdk.crypto.mscapi jdk.dynalink jdk.internal.ed jdk.editpad jdk.hotspot.agent jdk.httpserver jdk.internal.le jdk.internal.vm.ci jdk.internal.vm.compiler jdk.internal.vm.compiler.management jdk.jartool jdk.javadoc jdk.jcmd jdk.management jdk.management.agent jdk.jconsole jdk.jdeps jdk.jdwp.agent jdk.jdi jdk.jfr jdk.jshell jdk.jsobject jdk.jstatd jdk.localedata jdk.management.jfr jdk.naming.dns jdk.naming.rmi jdk.net jdk.nio.mapmode jdk.random jdk.sctp jdk.security.auth jdk.security.jgss jdk.unsupported jdk.unsupported.desktop jdk.xml.dom" 

Environment Variables:
JAVA_HOME=C:\Program Files\Java\jdk-21
PATH=C:\Users\DELL\AppData\Local\Programs\Python\Python313\Scripts\;C:\Users\DELL\AppData\Local\Programs\Python\Python313\;C:\WINDOWS\system32;C:\WINDOWS;C:\WINDOWS\System32\Wbem;C:\WINDOWS\System32\WindowsPowerShell\v1.0\;C:\WINDOWS\System32\OpenSSH\;C:\Program Files (x86)\dotnet\;C:\Program Files\MiKTeX\miktex\bin\x64\;C:\Users\DELL\OneDrive\Desktop\Nouveau dossier\miktex\bin\x64\;C:\xampp\php;C:\ProgramData\ComposerSetup\bin;C:\Program Files\Git\cmd;C:\Program Files\Docker\Docker\resources\bin;C:\Program Files\nodejs\;C:\ProgramData\chocolatey\bin;C:\Program Files\dotnet\;C:\Program Files\Java\jdk-21\bin;C:\Program Files\Java\jdk-17\bin;C:\Program Files\Apache\maven\apache-maven-3.9.16\bin;C:\Users\DELL\AppData\Local\Programs\Python\Launcher\;C:\Users\DELL\AppData\Local\Programs\Python\Python310\Scripts\;C:\Users\DELL\AppData\Local\Programs\Python\Python310\;C:\Users\DELL\AppData\Local\Programs\Python\Python313\Scripts\;C:\Users\DELL\AppData\Local\Programs\Python\Python313\;C:\Users\DELL\AppData\Local\Microsoft\WindowsApps;C:\Users\DELL\AppData\Local\Programs\Microsoft VS Code\bin;C:\Users\DELL\AppData\Local\Programs\MiKTeX\miktex\bin\x64\;C:\Flex Windows\gcc\bin;C:\Flex Windows\Lex\bin;C:\Flex Windows\bison\bin;C:\Users\DELL\AppData\Roaming\Composer\vendor\bin;C:\Users\DELL\AppData\Local\Programs\cursor\resources\app\bin;C:\Users\DELL\AppData\Roaming\npm;C:\Users\DELL\AppData\Local\Programs\Antigravity IDE\bin
USERNAME=DELL
OS=Windows_NT
PROCESSOR_IDENTIFIER=Intel64 Family 6 Model 140 Stepping 1, GenuineIntel
TMP=C:\Users\DELL\AppData\Local\Temp
TEMP=C:\Users\DELL\AppData\Local\Temp




Periodic native trim disabled

---------------  S Y S T E M  ---------------

OS:
 Windows 10 , 64 bit Build 19041 (10.0.19041.5915)
OS uptime: 3 days 16:22 hours
Hyper-V role detected

CPU: total 8 (initial active 8) (4 cores per cpu, 2 threads per core) family 6 model 140 stepping 1 microcode 0xbe, cx8, cmov, fxsr, ht, mmx, 3dnowpref, sse, sse2, sse3, ssse3, sse4.1, sse4.2, popcnt, lzcnt, tsc, tscinvbit, avx, avx2, aes, erms, clmul, bmi1, bmi2, adx, avx512f, avx512dq, avx512cd, avx512bw, avx512vl, sha, fma, vzeroupper, avx512_vpopcntdq, avx512_vpclmulqdq, avx512_vaes, avx512_vnni, clflush, clflushopt, clwb, avx512_vbmi2, avx512_vbmi, hv, rdtscp, rdpid, fsrm, gfni, avx512_bitalg, f16c, cet_ibt, cet_ss, avx512_ifma
Processor Information for the first 8 processors :
  Max Mhz: 2419, Current Mhz: 2419, Mhz Limit: 2419

Memory: 4k page, system-wide physical 7918M (227M free)
TotalPageFile size 32494M (AvailPageFile size 0M)
current process WorkingSet (physical memory assigned to process): 91M, peak: 420M
current process commit charge ("private bytes"): 513M, peak: 545M

vm_info: OpenJDK 64-Bit Server VM (21.0.10+7-LTS) for windows-amd64 JRE (21.0.10+7-LTS), built on 2026-01-20T00:00:00Z by "admin" with MS VC++ 17.12 (VS2022)

END.
