#
# There is insufficient memory for the Java Runtime Environment to continue.
# Native memory allocation (malloc) failed to allocate 1048576 bytes. Error detail: AllocateHeap
# Possible reasons:
#   The system is out of physical RAM or swap space
#   This process is running with CompressedOops enabled, and the Java Heap may be blocking the growth of the native heap
# Possible solutions:
#   Reduce memory load on the system
#   Increase physical memory or swap space
#   Check if swap backing store is full
#   Decrease Java heap size (-Xmx/-Xms)
#   Decrease number of Java threads
#   Decrease Java thread stack sizes (-Xss)
#   Set larger code cache with -XX:ReservedCodeCacheSize=
#   JVM is running with Unscaled Compressed Oops mode in which the Java heap is
#     placed in the first 4GB address space. The Java Heap base address is the
#     maximum limit for the native heap growth. Please use -XX:HeapBaseMinAddress
#     to set the Java Heap base and to place the Java Heap above 4GB virtual address.
# This output file may be truncated or incomplete.
#
#  Out of Memory Error (allocation.cpp:44), pid=7484, tid=6884
#
# JRE version: OpenJDK Runtime Environment Temurin-21.0.10+7 (21.0.10+7) (build 21.0.10+7-LTS)
# Java VM: OpenJDK 64-Bit Server VM Temurin-21.0.10+7 (21.0.10+7-LTS, mixed mode, sharing, tiered, compressed oops, compressed class ptrs, parallel gc, windows-amd64)
# No core dump will be written. Minidumps are not enabled by default on client versions of Windows
#

---------------  S U M M A R Y ------------

Command Line: --add-modules=ALL-SYSTEM --add-opens=java.base/java.util=ALL-UNNAMED --add-opens=java.base/java.lang=ALL-UNNAMED --add-opens=java.base/sun.nio.fs=ALL-UNNAMED -Declipse.application=org.eclipse.jdt.ls.core.id1 -Dosgi.bundles.defaultStartLevel=4 -Declipse.product=org.eclipse.jdt.ls.core.product -Djava.import.generatesMetadataFilesAtProjectRoot=false -DDetectVMInstallationsJob.disabled=true -Dfile.encoding=utf8 -XX:+UseParallelGC -XX:GCTimeRatio=4 -XX:AdaptiveSizePolicyWeight=90 -Dsun.zip.disableMemoryMapping=true -Xmx2G -Xms100m -Xlog:disable -javaagent:c:\Users\DELL\.vscode\extensions\redhat.java-1.54.0-win32-x64\lombok\lombok-1.18.39-4050.jar -XX:+HeapDumpOnOutOfMemoryError -XX:HeapDumpPath=c:\Users\DELL\AppData\Roaming\Code\User\workspaceStorage\c36a406808beeea959499bd62585d388\redhat.java -Daether.dependencyCollector.impl=bf c:\Users\DELL\.vscode\extensions\redhat.java-1.54.0-win32-x64\server\plugins\org.eclipse.equinox.launcher_1.7.100.v20251111-0406.jar -configuration c:\Users\DELL\AppData\Roaming\Code\User\globalStorage\redhat.java\1.54.0\config_win -data c:\Users\DELL\AppData\Roaming\Code\User\workspaceStorage\c36a406808beeea959499bd62585d388\redhat.java\jdt_ws --pipe=\\.\pipe\lsp-0224be0fa93072922ef44627c6458f6d-sock

Host: 11th Gen Intel(R) Core(TM) i5-1135G7 @ 2.40GHz, 8 cores, 7G,  Windows 10 , 64 bit Build 19041 (10.0.19041.5915)
Time: Sat Jun  6 09:40:01 2026 Afr. centrale Ouest elapsed time: 537.069730 seconds (0d 0h 8m 57s)

---------------  T H R E A D  ---------------

Current thread (0x000002d428e66480):  JavaThread "Attach Listener" daemon [_thread_in_vm, id=6884, stack(0x000000f2d1c00000,0x000000f2d1d00000) (1024K)]

Stack: [0x000000f2d1c00000,0x000000f2d1d00000]
Native frames: (J=compiled Java code, j=interpreted, Vv=VM code, C=native code)
V  [jvm.dll+0x6d7a39]
V  [jvm.dll+0x8b4b26]
V  [jvm.dll+0x8b70de]
V  [jvm.dll+0x8b77c3]
V  [jvm.dll+0x284346]
V  [jvm.dll+0xc1277]
V  [jvm.dll+0x6d82e9]
V  [jvm.dll+0x1334a6]
V  [jvm.dll+0x3f857e]
V  [jvm.dll+0x85f59d]
V  [jvm.dll+0x6d626d]
C  [ucrtbase.dll+0x21bb2]
C  [KERNEL32.DLL+0x17374]
C  [ntdll.dll+0x4cc91]


---------------  P R O C E S S  ---------------

Threads class SMR info:
_java_thread_list=0x000002d4713b4490, length=40, elements={
0x000002d4104c60c0, 0x000002d428e61f10, 0x000002d428e63570, 0x000002d428e65560,
0x000002d428e66480, 0x000002d428e68660, 0x000002d428e707f0, 0x000002d428e7acf0,
0x000002d428e80c70, 0x000002d46baa68a0, 0x000002d46bb94ab0, 0x000002d470703c60,
0x000002d470871430, 0x000002d4708a2cf0, 0x000002d4708a3360, 0x000002d470c2d610,
0x000002d470fdb4b0, 0x000002d470c2c1f0, 0x000002d47029a630, 0x000002d470298560,
0x000002d470298bf0, 0x000002d470299fa0, 0x000002d47029b350, 0x000002d472285a00,
0x000002d472288e80, 0x000002d472287440, 0x000002d472285370, 0x000002d472284ce0,
0x000002d472286090, 0x000002d472284650, 0x000002d472286720, 0x000002d472286db0,
0x000002d4722887f0, 0x000002d470489590, 0x000002d470488f00, 0x000002d46b8d1a20,
0x000002d46b8cf950, 0x000002d46b8d3af0, 0x000002d46b8d0670, 0x000002d46b8d1390
}

Java Threads: ( => current thread )
  0x000002d4104c60c0 JavaThread "main"                              [_thread_blocked, id=21916, stack(0x000000f2d1500000,0x000000f2d1600000) (1024K)]
  0x000002d428e61f10 JavaThread "Reference Handler"          daemon [_thread_blocked, id=8808, stack(0x000000f2d1900000,0x000000f2d1a00000) (1024K)]
  0x000002d428e63570 JavaThread "Finalizer"                  daemon [_thread_blocked, id=17416, stack(0x000000f2d1a00000,0x000000f2d1b00000) (1024K)]
  0x000002d428e65560 JavaThread "Signal Dispatcher"          daemon [_thread_blocked, id=10924, stack(0x000000f2d1b00000,0x000000f2d1c00000) (1024K)]
=>0x000002d428e66480 JavaThread "Attach Listener"            daemon [_thread_in_vm, id=6884, stack(0x000000f2d1c00000,0x000000f2d1d00000) (1024K)]
  0x000002d428e68660 JavaThread "Service Thread"             daemon [_thread_blocked, id=9684, stack(0x000000f2d1d00000,0x000000f2d1e00000) (1024K)]
  0x000002d428e707f0 JavaThread "Monitor Deflation Thread"   daemon [_thread_blocked, id=24048, stack(0x000000f2d1e00000,0x000000f2d1f00000) (1024K)]
  0x000002d428e7acf0 JavaThread "C2 CompilerThread0"         daemon [_thread_in_native, id=17272, stack(0x000000f2d1f00000,0x000000f2d2000000) (1024K)]
  0x000002d428e80c70 JavaThread "C1 CompilerThread0"         daemon [_thread_blocked, id=24916, stack(0x000000f2d2000000,0x000000f2d2100000) (1024K)]
  0x000002d46baa68a0 JavaThread "Common-Cleaner"             daemon [_thread_blocked, id=12924, stack(0x000000f2d2100000,0x000000f2d2200000) (1024K)]
  0x000002d46bb94ab0 JavaThread "Notification Thread"        daemon [_thread_blocked, id=29344, stack(0x000000f2d2200000,0x000000f2d2300000) (1024K)]
  0x000002d470703c60 JavaThread "Active Thread: Equinox Container: af4d31bb-8d51-4d7b-acec-3730f5258dbc"        [_thread_blocked, id=11324, stack(0x000000f2d2a00000,0x000000f2d2b00000) (1024K)]
  0x000002d470871430 JavaThread "Refresh Thread: Equinox Container: af4d31bb-8d51-4d7b-acec-3730f5258dbc" daemon [_thread_blocked, id=9460, stack(0x000000f2d2c00000,0x000000f2d2d00000) (1024K)]
  0x000002d4708a2cf0 JavaThread "Framework Event Dispatcher: Equinox Container: af4d31bb-8d51-4d7b-acec-3730f5258dbc" daemon [_thread_blocked, id=20108, stack(0x000000f2d2d00000,0x000000f2d2e00000) (1024K)]
  0x000002d4708a3360 JavaThread "Start Level: Equinox Container: af4d31bb-8d51-4d7b-acec-3730f5258dbc" daemon [_thread_blocked, id=15180, stack(0x000000f2d2e00000,0x000000f2d2f00000) (1024K)]
  0x000002d470c2d610 JavaThread "Bundle File Closer"         daemon [_thread_blocked, id=22808, stack(0x000000f2d2f00000,0x000000f2d3000000) (1024K)]
  0x000002d470fdb4b0 JavaThread "SCR Component Actor"        daemon [_thread_blocked, id=8436, stack(0x000000f2d2300000,0x000000f2d2400000) (1024K)]
  0x000002d470c2c1f0 JavaThread "Worker-JM"                         [_thread_blocked, id=23972, stack(0x000000f2d3100000,0x000000f2d3200000) (1024K)]
  0x000002d47029a630 JavaThread "JNA Cleaner"                daemon [_thread_blocked, id=8836, stack(0x000000f2d3000000,0x000000f2d3100000) (1024K)]
  0x000002d470298560 JavaThread "Worker-1"                          [_thread_blocked, id=3228, stack(0x000000f2d3300000,0x000000f2d3400000) (1024K)]
  0x000002d470298bf0 JavaThread "Java indexing"              daemon [_thread_blocked, id=21040, stack(0x000000f2d3500000,0x000000f2d3600000) (1024K)]
  0x000002d470299fa0 JavaThread "Thread-1"                   daemon [_thread_in_native, id=15300, stack(0x000000f2d3a00000,0x000000f2d3b00000) (1024K)]
  0x000002d47029b350 JavaThread "Thread-2"                   daemon [_thread_in_native, id=1720, stack(0x000000f2d3b00000,0x000000f2d3c00000) (1024K)]
  0x000002d472285a00 JavaThread "Thread-3"                   daemon [_thread_in_native, id=8924, stack(0x000000f2d3c00000,0x000000f2d3d00000) (1024K)]
  0x000002d472288e80 JavaThread "Thread-4"                   daemon [_thread_in_native, id=17608, stack(0x000000f2d3d00000,0x000000f2d3e00000) (1024K)]
  0x000002d472287440 JavaThread "Thread-5"                   daemon [_thread_in_native, id=25488, stack(0x000000f2d3e00000,0x000000f2d3f00000) (1024K)]
  0x000002d472285370 JavaThread "Thread-6"                   daemon [_thread_in_native, id=7984, stack(0x000000f2d3f00000,0x000000f2d4000000) (1024K)]
  0x000002d472284ce0 JavaThread "Thread-7"                   daemon [_thread_in_native, id=25968, stack(0x000000f2d4000000,0x000000f2d4100000) (1024K)]
  0x000002d472286090 JavaThread "Thread-8"                   daemon [_thread_in_native, id=2696, stack(0x000000f2d4100000,0x000000f2d4200000) (1024K)]
  0x000002d472284650 JavaThread "Thread-9"                   daemon [_thread_in_native, id=29688, stack(0x000000f2d4200000,0x000000f2d4300000) (1024K)]
  0x000002d472286720 JavaThread "pool-2-thread-1"                   [_thread_blocked, id=6236, stack(0x000000f2d4300000,0x000000f2d4400000) (1024K)]
  0x000002d472286db0 JavaThread "WorkspaceEventsHandler"            [_thread_blocked, id=30708, stack(0x000000f2d4400000,0x000000f2d4500000) (1024K)]
  0x000002d4722887f0 JavaThread "pool-1-thread-1"                   [_thread_blocked, id=29248, stack(0x000000f2d4500000,0x000000f2d4600000) (1024K)]
  0x000002d470489590 JavaThread "Worker-4"                          [_thread_blocked, id=6012, stack(0x000000f2d4d00000,0x000000f2d4e00000) (1024K)]
  0x000002d470488f00 JavaThread "Cleaner-0"                  daemon [_thread_blocked, id=10164, stack(0x000000f2d5e00000,0x000000f2d5f00000) (1024K)]
  0x000002d46b8d1a20 JavaThread "ForkJoinPool.commonPool-worker-8" daemon [_thread_blocked, id=24192, stack(0x000000f2d1200000,0x000000f2d1300000) (1024K)]
  0x000002d46b8cf950 JavaThread "ForkJoinPool.commonPool-worker-9" daemon [_thread_in_Java, id=29392, stack(0x000000f2d1300000,0x000000f2d1400000) (1024K)]
  0x000002d46b8d3af0 JavaThread "ForkJoinPool.commonPool-worker-10" daemon [_thread_blocked, id=12132, stack(0x000000f2d1400000,0x000000f2d1500000) (1024K)]
  0x000002d46b8d0670 JavaThread "ForkJoinPool.commonPool-worker-11" daemon [_thread_blocked, id=5364, stack(0x000000f2d3200000,0x000000f2d3300000) (1024K)]
  0x000002d46b8d1390 JavaThread "ForkJoinPool.commonPool-worker-12" daemon [_thread_blocked, id=25632, stack(0x000000f2d3400000,0x000000f2d3500000) (1024K)]
Total: 40

Other Threads:
  0x000002d410581840 VMThread "VM Thread"                           [id=22800, stack(0x000000f2d1800000,0x000000f2d1900000) (1024K)]
  0x000002d428d8c950 WatcherThread "VM Periodic Task Thread"        [id=18096, stack(0x000000f2d1700000,0x000000f2d1800000) (1024K)]
  0x000002d4104e67b0 WorkerThread "GC Thread#0"                     [id=20304, stack(0x000000f2d1600000,0x000000f2d1700000) (1024K)]
  0x000002d47042c940 WorkerThread "GC Thread#1"                     [id=18200, stack(0x000000f2d2400000,0x000000f2d2500000) (1024K)]
  0x000002d47042ccf0 WorkerThread "GC Thread#2"                     [id=11412, stack(0x000000f2d2500000,0x000000f2d2600000) (1024K)]
  0x000002d4706c7470 WorkerThread "GC Thread#3"                     [id=26316, stack(0x000000f2d2600000,0x000000f2d2700000) (1024K)]
  0x000002d4706c7820 WorkerThread "GC Thread#4"                     [id=11380, stack(0x000000f2d2700000,0x000000f2d2800000) (1024K)]
  0x000002d4706c7bd0 WorkerThread "GC Thread#5"                     [id=11768, stack(0x000000f2d2800000,0x000000f2d2900000) (1024K)]
  0x000002d4702ce530 WorkerThread "GC Thread#6"                     [id=1380, stack(0x000000f2d2900000,0x000000f2d2a00000) (1024K)]
  0x000002d470678f40 WorkerThread "GC Thread#7"                     [id=1824, stack(0x000000f2d2b00000,0x000000f2d2c00000) (1024K)]
Total: 10

Threads with active compile tasks:
C2 CompilerThread0  537135 12920       4       com.google.gson.internal.bind.TypeAdapterRuntimeTypeWrapper::write (80 bytes)
Total: 1

VM state: not at safepoint (normal execution)

VM Mutex/Monitor currently owned by a thread: None

Heap address: 0x0000000080000000, size: 2048 MB, Compressed Oops mode: 32-bit

CDS archive(s) mapped at: [0x000002d429000000-0x000002d429ba0000-0x000002d429ba0000), size 12189696, SharedBaseAddress: 0x000002d429000000, ArchiveRelocationMode: 1.
Compressed class space mapped at: 0x000002d42a000000-0x000002d46a000000, reserved size: 1073741824
Narrow klass base: 0x000002d429000000, Narrow klass shift: 0, Narrow klass range: 0x100000000

GC Precious Log:
 CardTable entry size: 512
 CPUs: 8 total, 8 available
 Memory: 7918M
 Large Page Support: Disabled
 NUMA Support: Disabled
 Compressed Oops: Enabled (32-bit)
 Alignments: Space 512K, Generation 512K, Heap 2M
 Heap Min Capacity: 100M
 Heap Initial Capacity: 100M
 Heap Max Capacity: 2G
 Pre-touch: Disabled
 Parallel Workers: 8

Heap:
 PSYoungGen      total 7168K, used 6882K [0x00000000d5580000, 0x00000000d6180000, 0x0000000100000000)
  eden space 6656K, 96% used [0x00000000d5580000,0x00000000d5bc0940,0x00000000d5c00000)
  from space 512K, 93% used [0x00000000d6100000,0x00000000d6178030,0x00000000d6180000)
  to   space 1536K, 0% used [0x00000000d5e80000,0x00000000d5e80000,0x00000000d6000000)
 ParOldGen       total 243200K, used 242880K [0x0000000080000000, 0x000000008ed80000, 0x00000000d5580000)
  object space 243200K, 99% used [0x0000000080000000,0x000000008ed302b8,0x000000008ed80000)
 Metaspace       used 70725K, committed 72384K, reserved 1114112K
  class space    used 7347K, committed 8064K, reserved 1048576K

Card table byte_map: [0x000002d4241c0000,0x000002d4245d0000] _byte_map_base: 0x000002d423dc0000

Marking Bits: (ParMarkBitMap*) 0x00007fff4aec3450
 Begin Bits: [0x000002d424880000, 0x000002d426880000)
 End Bits:   [0x000002d426880000, 0x000002d428880000)

Polling page: 0x000002d414fb0000

Metaspace:

Usage:
  Non-class:     61.89 MB used.
      Class:      7.18 MB used.
       Both:     69.07 MB used.

Virtual space:
  Non-class space:       64.00 MB reserved,      62.81 MB ( 98%) committed,  1 nodes.
      Class space:        1.00 GB reserved,       7.88 MB ( <1%) committed,  1 nodes.
             Both:        1.06 GB reserved,      70.69 MB (  6%) committed. 

Chunk freelists:
   Non-Class:  358.00 KB
       Class:  8.06 MB
        Both:  8.41 MB

MaxMetaspaceSize: unlimited
CompressedClassSpaceSize: 1.00 GB
Initial GC threshold: 21.00 MB
Current GC threshold: 97.31 MB
CDS: on
 - commit_granule_bytes: 65536.
 - commit_granule_words: 8192.
 - virtual_space_node_default_size: 8388608.
 - enlarge_chunks_in_place: 1.
 - use_allocation_guard: 0.


Internal statistics:

num_allocs_failed_limit: 11.
num_arena_births: 1372.
num_arena_deaths: 14.
num_vsnodes_births: 2.
num_vsnodes_deaths: 0.
num_space_committed: 1131.
num_space_uncommitted: 0.
num_chunks_returned_to_freelist: 25.
num_chunks_taken_from_freelist: 4738.
num_chunk_merges: 17.
num_chunk_splits: 2930.
num_chunks_enlarged: 1648.
num_inconsistent_stats: 0.

CodeHeap 'non-profiled nmethods': size=120000Kb used=7797Kb max_used=7797Kb free=112202Kb
 bounds [0x000002d41caa0000, 0x000002d41d240000, 0x000002d423fd0000]
CodeHeap 'profiled nmethods': size=120000Kb used=26560Kb max_used=26560Kb free=93439Kb
 bounds [0x000002d414fd0000, 0x000002d4169d0000, 0x000002d41c500000]
CodeHeap 'non-nmethods': size=5760Kb used=1469Kb max_used=1529Kb free=4290Kb
 bounds [0x000002d41c500000, 0x000002d41c770000, 0x000002d41caa0000]
CodeCache: size=245760Kb, used=35826Kb, max_used=35886Kb, free=209931Kb
 total_blobs=12948, nmethods=12166, adapters=686, full_count=0
Compilation: enabled, stopped_count=0, restarted_count=0

Compilation events (20 events):
Event: 536.633 Thread 0x000002d428e7acf0 nmethod 12911 0x000002d41d23b810 code [0x000002d41d23b9a0, 0x000002d41d23ba78]
Event: 536.633 Thread 0x000002d428e7acf0 12926   !   4       org.eclipse.jdt.internal.core.JavaModelManager::getPerProjectInfo (80 bytes)
Event: 536.643 Thread 0x000002d428e80c70 12927       3       org.eclipse.core.runtime.NullProgressMonitor::<init> (10 bytes)
Event: 536.644 Thread 0x000002d428e80c70 nmethod 12927 0x000002d4169b4510 code [0x000002d4169b46c0, 0x000002d4169b4838]
Event: 536.659 Thread 0x000002d428e7acf0 nmethod 12926 0x000002d41d23bb90 code [0x000002d41d23bd60, 0x000002d41d23c438]
Event: 536.659 Thread 0x000002d428e7acf0 12914       4       org.eclipse.jdt.internal.core.JavaElement::getElementInfo (18 bytes)
Event: 536.671 Thread 0x000002d428e80c70 12928       3       org.eclipse.core.filesystem.provider.FileInfo::exists (7 bytes)
Event: 536.671 Thread 0x000002d428e7acf0 nmethod 12914 0x000002d41d23c810 code [0x000002d41d23c9c0, 0x000002d41d23cb98]
Event: 536.671 Thread 0x000002d428e7acf0 12920       4       com.google.gson.internal.bind.TypeAdapterRuntimeTypeWrapper::write (80 bytes)
Event: 536.672 Thread 0x000002d428e80c70 nmethod 12928 0x000002d4169b4910 code [0x000002d4169b4ac0, 0x000002d4169b4c20]
Event: 536.696 Thread 0x000002d428e80c70 12929       3       org.eclipse.jdt.core.Signature::getSignatureQualifier (121 bytes)
Event: 536.698 Thread 0x000002d428e80c70 nmethod 12929 0x000002d4169b4d10 code [0x000002d4169b4f00, 0x000002d4169b53d8]
Event: 536.874 Thread 0x000002d428e80c70 12931       1       org.eclipse.jdt.core.dom.ASTVisitor::visit (2 bytes)
Event: 536.875 Thread 0x000002d428e80c70 nmethod 12931 0x000002d41d23cd90 code [0x000002d41d23cf20, 0x000002d41d23cfe8]
Event: 536.956 Thread 0x000002d428e80c70 12932       1       org.eclipse.jdt.core.dom.MethodInvocation::arguments (5 bytes)
Event: 536.957 Thread 0x000002d428e80c70 nmethod 12932 0x000002d41d23d090 code [0x000002d41d23d220, 0x000002d41d23d2e8]
Event: 536.957 Thread 0x000002d428e80c70 12933       3       org.eclipse.jdt.internal.core.util.MementoTokenizer::hasMoreTokens (15 bytes)
Event: 536.957 Thread 0x000002d428e80c70 nmethod 12933 0x000002d4169b5590 code [0x000002d4169b5740, 0x000002d4169b58b8]
Event: 536.957 Thread 0x000002d428e80c70 12934       3       org.eclipse.jdt.internal.core.util.MementoTokenizer::getStringDelimitedBy (39 bytes)
Event: 536.958 Thread 0x000002d428e80c70 nmethod 12934 0x000002d4169b5990 code [0x000002d4169b5b60, 0x000002d4169b5d90]

GC Heap History (20 events):
Event: 19.434 GC heap before
{Heap before GC invocations=318 (full 3):
 PSYoungGen      total 12800K, used 12782K [0x00000000d5580000, 0x00000000d7900000, 0x0000000100000000)
  eden space 11264K, 100% used [0x00000000d5580000,0x00000000d6080000,0x00000000d6080000)
  from space 1536K, 98% used [0x00000000d6980000,0x00000000d6afbb60,0x00000000d6b00000)
  to   space 9216K, 0% used [0x00000000d6080000,0x00000000d6080000,0x00000000d6980000)
 ParOldGen       total 229376K, used 228903K [0x0000000080000000, 0x000000008e000000, 0x00000000d5580000)
  object space 229376K, 99% used [0x0000000080000000,0x000000008df89c40,0x000000008e000000)
 Metaspace       used 66561K, committed 68096K, reserved 1114112K
  class space    used 6997K, committed 7680K, reserved 1048576K
}
Event: 19.441 GC heap after
{Heap after GC invocations=318 (full 3):
 PSYoungGen      total 13824K, used 2230K [0x00000000d5580000, 0x00000000d6a00000, 0x0000000100000000)
  eden space 11264K, 0% used [0x00000000d5580000,0x00000000d5580000,0x00000000d6080000)
  from space 2560K, 87% used [0x00000000d6080000,0x00000000d62ad9d8,0x00000000d6300000)
  to   space 4608K, 0% used [0x00000000d6580000,0x00000000d6580000,0x00000000d6a00000)
 ParOldGen       total 230912K, used 230440K [0x0000000080000000, 0x000000008e180000, 0x00000000d5580000)
  object space 230912K, 99% used [0x0000000080000000,0x000000008e10a2a8,0x000000008e180000)
 Metaspace       used 66561K, committed 68096K, reserved 1114112K
  class space    used 6997K, committed 7680K, reserved 1048576K
}
Event: 19.829 GC heap before
{Heap before GC invocations=319 (full 3):
 PSYoungGen      total 13824K, used 13494K [0x00000000d5580000, 0x00000000d6a00000, 0x0000000100000000)
  eden space 11264K, 100% used [0x00000000d5580000,0x00000000d6080000,0x00000000d6080000)
  from space 2560K, 87% used [0x00000000d6080000,0x00000000d62ad9d8,0x00000000d6300000)
  to   space 4608K, 0% used [0x00000000d6580000,0x00000000d6580000,0x00000000d6a00000)
 ParOldGen       total 230912K, used 230440K [0x0000000080000000, 0x000000008e180000, 0x00000000d5580000)
  object space 230912K, 99% used [0x0000000080000000,0x000000008e10a2a8,0x000000008e180000)
 Metaspace       used 67428K, committed 68928K, reserved 1114112K
  class space    used 7043K, committed 7680K, reserved 1048576K
}
Event: 19.835 GC heap after
{Heap after GC invocations=319 (full 3):
 PSYoungGen      total 13312K, used 1678K [0x00000000d5580000, 0x00000000d6780000, 0x0000000100000000)
  eden space 11264K, 0% used [0x00000000d5580000,0x00000000d5580000,0x00000000d6080000)
  from space 2048K, 81% used [0x00000000d6580000,0x00000000d6723b80,0x00000000d6780000)
  to   space 2560K, 0% used [0x00000000d6280000,0x00000000d6280000,0x00000000d6500000)
 ParOldGen       total 232960K, used 232490K [0x0000000080000000, 0x000000008e380000, 0x00000000d5580000)
  object space 232960K, 99% used [0x0000000080000000,0x000000008e30a9b8,0x000000008e380000)
 Metaspace       used 67428K, committed 68928K, reserved 1114112K
  class space    used 7043K, committed 7680K, reserved 1048576K
}
Event: 20.267 GC heap before
{Heap before GC invocations=320 (full 3):
 PSYoungGen      total 13312K, used 12942K [0x00000000d5580000, 0x00000000d6780000, 0x0000000100000000)
  eden space 11264K, 100% used [0x00000000d5580000,0x00000000d6080000,0x00000000d6080000)
  from space 2048K, 81% used [0x00000000d6580000,0x00000000d6723b80,0x00000000d6780000)
  to   space 2560K, 0% used [0x00000000d6280000,0x00000000d6280000,0x00000000d6500000)
 ParOldGen       total 232960K, used 232490K [0x0000000080000000, 0x000000008e380000, 0x00000000d5580000)
  object space 232960K, 99% used [0x0000000080000000,0x000000008e30a9b8,0x000000008e380000)
 Metaspace       used 68262K, committed 69824K, reserved 1114112K
  class space    used 7110K, committed 7808K, reserved 1048576K
}
Event: 20.271 GC heap after
{Heap after GC invocations=320 (full 3):
 PSYoungGen      total 13312K, used 2017K [0x00000000d5580000, 0x00000000d6600000, 0x0000000100000000)
  eden space 11264K, 0% used [0x00000000d5580000,0x00000000d5580000,0x00000000d6080000)
  from space 2048K, 98% used [0x00000000d6280000,0x00000000d6478738,0x00000000d6480000)
  to   space 1536K, 0% used [0x00000000d6480000,0x00000000d6480000,0x00000000d6600000)
 ParOldGen       total 234496K, used 234008K [0x0000000080000000, 0x000000008e500000, 0x00000000d5580000)
  object space 234496K, 99% used [0x0000000080000000,0x000000008e486330,0x000000008e500000)
 Metaspace       used 68262K, committed 69824K, reserved 1114112K
  class space    used 7110K, committed 7808K, reserved 1048576K
}
Event: 20.397 GC heap before
{Heap before GC invocations=321 (full 3):
 PSYoungGen      total 13312K, used 13281K [0x00000000d5580000, 0x00000000d6600000, 0x0000000100000000)
  eden space 11264K, 100% used [0x00000000d5580000,0x00000000d6080000,0x00000000d6080000)
  from space 2048K, 98% used [0x00000000d6280000,0x00000000d6478738,0x00000000d6480000)
  to   space 1536K, 0% used [0x00000000d6480000,0x00000000d6480000,0x00000000d6600000)
 ParOldGen       total 234496K, used 234008K [0x0000000080000000, 0x000000008e500000, 0x00000000d5580000)
  object space 234496K, 99% used [0x0000000080000000,0x000000008e486330,0x000000008e500000)
 Metaspace       used 68467K, committed 70016K, reserved 1114112K
  class space    used 7122K, committed 7808K, reserved 1048576K
}
Event: 20.403 GC heap after
{Heap after GC invocations=321 (full 3):
 PSYoungGen      total 8192K, used 1518K [0x00000000d5580000, 0x00000000d7180000, 0x0000000100000000)
  eden space 6656K, 0% used [0x00000000d5580000,0x00000000d5580000,0x00000000d5c00000)
  from space 1536K, 98% used [0x00000000d6480000,0x00000000d65fb8e0,0x00000000d6600000)
  to   space 8704K, 0% used [0x00000000d5c00000,0x00000000d5c00000,0x00000000d6480000)
 ParOldGen       total 240128K, used 239881K [0x0000000080000000, 0x000000008ea80000, 0x00000000d5580000)
  object space 240128K, 99% used [0x0000000080000000,0x000000008ea424a0,0x000000008ea80000)
 Metaspace       used 68467K, committed 70016K, reserved 1114112K
  class space    used 7122K, committed 7808K, reserved 1048576K
}
Event: 21.389 GC heap before
{Heap before GC invocations=322 (full 3):
 PSYoungGen      total 8192K, used 8170K [0x00000000d5580000, 0x00000000d7180000, 0x0000000100000000)
  eden space 6656K, 99% used [0x00000000d5580000,0x00000000d5bff0a0,0x00000000d5c00000)
  from space 1536K, 98% used [0x00000000d6480000,0x00000000d65fb8e0,0x00000000d6600000)
  to   space 8704K, 0% used [0x00000000d5c00000,0x00000000d5c00000,0x00000000d6480000)
 ParOldGen       total 240128K, used 239881K [0x0000000080000000, 0x000000008ea80000, 0x00000000d5580000)
  object space 240128K, 99% used [0x0000000080000000,0x000000008ea424a0,0x000000008ea80000)
 Metaspace       used 68753K, committed 70272K, reserved 1114112K
  class space    used 7168K, committed 7808K, reserved 1048576K
}
Event: 21.392 GC heap after
{Heap after GC invocations=322 (full 3):
 PSYoungGen      total 7680K, used 928K [0x00000000d5580000, 0x00000000d6500000, 0x0000000100000000)
  eden space 6656K, 0% used [0x00000000d5580000,0x00000000d5580000,0x00000000d5c00000)
  from space 1024K, 90% used [0x00000000d5c00000,0x00000000d5ce8000,0x00000000d5d00000)
  to   space 3584K, 0% used [0x00000000d6180000,0x00000000d6180000,0x00000000d6500000)
 ParOldGen       total 240128K, used 239953K [0x0000000080000000, 0x000000008ea80000, 0x00000000d5580000)
  object space 240128K, 99% used [0x0000000080000000,0x000000008ea544a0,0x000000008ea80000)
 Metaspace       used 68753K, committed 70272K, reserved 1114112K
  class space    used 7168K, committed 7808K, reserved 1048576K
}
Event: 21.577 GC heap before
{Heap before GC invocations=323 (full 3):
 PSYoungGen      total 7680K, used 7584K [0x00000000d5580000, 0x00000000d6500000, 0x0000000100000000)
  eden space 6656K, 100% used [0x00000000d5580000,0x00000000d5c00000,0x00000000d5c00000)
  from space 1024K, 90% used [0x00000000d5c00000,0x00000000d5ce8000,0x00000000d5d00000)
  to   space 3584K, 0% used [0x00000000d6180000,0x00000000d6180000,0x00000000d6500000)
 ParOldGen       total 240128K, used 239953K [0x0000000080000000, 0x000000008ea80000, 0x00000000d5580000)
  object space 240128K, 99% used [0x0000000080000000,0x000000008ea544a0,0x000000008ea80000)
 Metaspace       used 69074K, committed 70592K, reserved 1114112K
  class space    used 7206K, committed 7872K, reserved 1048576K
}
Event: 21.581 GC heap after
{Heap after GC invocations=323 (full 3):
 PSYoungGen      total 7680K, used 896K [0x00000000d5580000, 0x00000000d6280000, 0x0000000100000000)
  eden space 6656K, 0% used [0x00000000d5580000,0x00000000d5580000,0x00000000d5c00000)
  from space 1024K, 87% used [0x00000000d6180000,0x00000000d6260000,0x00000000d6280000)
  to   space 1536K, 0% used [0x00000000d5f80000,0x00000000d5f80000,0x00000000d6100000)
 ParOldGen       total 241152K, used 240796K [0x0000000080000000, 0x000000008eb80000, 0x00000000d5580000)
  object space 241152K, 99% used [0x0000000080000000,0x000000008eb27120,0x000000008eb80000)
 Metaspace       used 69074K, committed 70592K, reserved 1114112K
  class space    used 7206K, committed 7872K, reserved 1048576K
}
Event: 21.825 GC heap before
{Heap before GC invocations=324 (full 3):
 PSYoungGen      total 7680K, used 7552K [0x00000000d5580000, 0x00000000d6280000, 0x0000000100000000)
  eden space 6656K, 100% used [0x00000000d5580000,0x00000000d5c00000,0x00000000d5c00000)
  from space 1024K, 87% used [0x00000000d6180000,0x00000000d6260000,0x00000000d6280000)
  to   space 1536K, 0% used [0x00000000d5f80000,0x00000000d5f80000,0x00000000d6100000)
 ParOldGen       total 241152K, used 240796K [0x0000000080000000, 0x000000008eb80000, 0x00000000d5580000)
  object space 241152K, 99% used [0x0000000080000000,0x000000008eb27120,0x000000008eb80000)
 Metaspace       used 69129K, committed 70656K, reserved 1114112K
  class space    used 7206K, committed 7872K, reserved 1048576K
}
Event: 21.828 GC heap after
{Heap after GC invocations=324 (full 3):
 PSYoungGen      total 8192K, used 512K [0x00000000d5580000, 0x00000000d6200000, 0x0000000100000000)
  eden space 6656K, 0% used [0x00000000d5580000,0x00000000d5580000,0x00000000d5c00000)
  from space 1536K, 33% used [0x00000000d5f80000,0x00000000d6000000,0x00000000d6100000)
  to   space 1024K, 0% used [0x00000000d6100000,0x00000000d6100000,0x00000000d6200000)
 ParOldGen       total 241664K, used 241500K [0x0000000080000000, 0x000000008ec00000, 0x00000000d5580000)
  object space 241664K, 99% used [0x0000000080000000,0x000000008ebd7120,0x000000008ec00000)
 Metaspace       used 69129K, committed 70656K, reserved 1114112K
  class space    used 7206K, committed 7872K, reserved 1048576K
}
Event: 21.995 GC heap before
{Heap before GC invocations=325 (full 3):
 PSYoungGen      total 8192K, used 7168K [0x00000000d5580000, 0x00000000d6200000, 0x0000000100000000)
  eden space 6656K, 100% used [0x00000000d5580000,0x00000000d5c00000,0x00000000d5c00000)
  from space 1536K, 33% used [0x00000000d5f80000,0x00000000d6000000,0x00000000d6100000)
  to   space 1024K, 0% used [0x00000000d6100000,0x00000000d6100000,0x00000000d6200000)
 ParOldGen       total 241664K, used 241500K [0x0000000080000000, 0x000000008ec00000, 0x00000000d5580000)
  object space 241664K, 99% used [0x0000000080000000,0x000000008ebd7120,0x000000008ec00000)
 Metaspace       used 69585K, committed 71232K, reserved 1114112K
  class space    used 7257K, committed 7936K, reserved 1048576K
}
Event: 21.996 GC heap after
{Heap after GC invocations=325 (full 3):
 PSYoungGen      total 7680K, used 570K [0x00000000d5580000, 0x00000000d6200000, 0x0000000100000000)
  eden space 6656K, 0% used [0x00000000d5580000,0x00000000d5580000,0x00000000d5c00000)
  from space 1024K, 55% used [0x00000000d6100000,0x00000000d618e8c8,0x00000000d6200000)
  to   space 1024K, 0% used [0x00000000d6000000,0x00000000d6000000,0x00000000d6100000)
 ParOldGen       total 242176K, used 241820K [0x0000000080000000, 0x000000008ec80000, 0x00000000d5580000)
  object space 242176K, 99% used [0x0000000080000000,0x000000008ec27120,0x000000008ec80000)
 Metaspace       used 69585K, committed 71232K, reserved 1114112K
  class space    used 7257K, committed 7936K, reserved 1048576K
}
Event: 24.571 GC heap before
{Heap before GC invocations=326 (full 3):
 PSYoungGen      total 7680K, used 7226K [0x00000000d5580000, 0x00000000d6200000, 0x0000000100000000)
  eden space 6656K, 100% used [0x00000000d5580000,0x00000000d5c00000,0x00000000d5c00000)
  from space 1024K, 55% used [0x00000000d6100000,0x00000000d618e8c8,0x00000000d6200000)
  to   space 1024K, 0% used [0x00000000d6000000,0x00000000d6000000,0x00000000d6100000)
 ParOldGen       total 242176K, used 241820K [0x0000000080000000, 0x000000008ec80000, 0x00000000d5580000)
  object space 242176K, 99% used [0x0000000080000000,0x000000008ec27120,0x000000008ec80000)
 Metaspace       used 70098K, committed 71680K, reserved 1114112K
  class space    used 7306K, committed 8000K, reserved 1048576K
}
Event: 24.573 GC heap after
{Heap after GC invocations=326 (full 3):
 PSYoungGen      total 7680K, used 304K [0x00000000d5580000, 0x00000000d6180000, 0x0000000100000000)
  eden space 6656K, 0% used [0x00000000d5580000,0x00000000d5580000,0x00000000d5c00000)
  from space 1024K, 29% used [0x00000000d6000000,0x00000000d604c010,0x00000000d6100000)
  to   space 512K, 0% used [0x00000000d6100000,0x00000000d6100000,0x00000000d6180000)
 ParOldGen       total 242688K, used 242216K [0x0000000080000000, 0x000000008ed00000, 0x00000000d5580000)
  object space 242688K, 99% used [0x0000000080000000,0x000000008ec8a2a8,0x000000008ed00000)
 Metaspace       used 70098K, committed 71680K, reserved 1114112K
  class space    used 7306K, committed 8000K, reserved 1048576K
}
Event: 31.869 GC heap before
{Heap before GC invocations=327 (full 3):
 PSYoungGen      total 7680K, used 6960K [0x00000000d5580000, 0x00000000d6180000, 0x0000000100000000)
  eden space 6656K, 100% used [0x00000000d5580000,0x00000000d5c00000,0x00000000d5c00000)
  from space 1024K, 29% used [0x00000000d6000000,0x00000000d604c010,0x00000000d6100000)
  to   space 512K, 0% used [0x00000000d6100000,0x00000000d6100000,0x00000000d6180000)
 ParOldGen       total 242688K, used 242216K [0x0000000080000000, 0x000000008ed00000, 0x00000000d5580000)
  object space 242688K, 99% used [0x0000000080000000,0x000000008ec8a2a8,0x000000008ed00000)
 Metaspace       used 70260K, committed 71808K, reserved 1114112K
  class space    used 7310K, committed 8000K, reserved 1048576K
}
Event: 31.872 GC heap after
{Heap after GC invocations=327 (full 3):
 PSYoungGen      total 7168K, used 480K [0x00000000d5580000, 0x00000000d6180000, 0x0000000100000000)
  eden space 6656K, 0% used [0x00000000d5580000,0x00000000d5580000,0x00000000d5c00000)
  from space 512K, 93% used [0x00000000d6100000,0x00000000d6178030,0x00000000d6180000)
  to   space 1536K, 0% used [0x00000000d5e80000,0x00000000d5e80000,0x00000000d6000000)
 ParOldGen       total 243200K, used 242880K [0x0000000080000000, 0x000000008ed80000, 0x00000000d5580000)
  object space 243200K, 99% used [0x0000000080000000,0x000000008ed302b8,0x000000008ed80000)
 Metaspace       used 70260K, committed 71808K, reserved 1114112K
  class space    used 7310K, committed 8000K, reserved 1048576K
}

Dll operation events (10 events):
Event: 0.012 Loaded shared library c:\Users\DELL\.vscode\extensions\redhat.java-1.54.0-win32-x64\jre\21.0.10-win32-x86_64\bin\java.dll
Event: 0.109 Loaded shared library c:\Users\DELL\.vscode\extensions\redhat.java-1.54.0-win32-x64\jre\21.0.10-win32-x86_64\bin\zip.dll
Event: 0.141 Loaded shared library C:\Users\DELL\.vscode\extensions\redhat.java-1.54.0-win32-x64\jre\21.0.10-win32-x86_64\bin\instrument.dll
Event: 0.148 Loaded shared library C:\Users\DELL\.vscode\extensions\redhat.java-1.54.0-win32-x64\jre\21.0.10-win32-x86_64\bin\net.dll
Event: 0.153 Loaded shared library C:\Users\DELL\.vscode\extensions\redhat.java-1.54.0-win32-x64\jre\21.0.10-win32-x86_64\bin\nio.dll
Event: 0.159 Loaded shared library C:\Users\DELL\.vscode\extensions\redhat.java-1.54.0-win32-x64\jre\21.0.10-win32-x86_64\bin\zip.dll
Event: 0.191 Loaded shared library C:\Users\DELL\.vscode\extensions\redhat.java-1.54.0-win32-x64\jre\21.0.10-win32-x86_64\bin\jimage.dll
Event: 0.395 Loaded shared library c:\Users\DELL\.vscode\extensions\redhat.java-1.54.0-win32-x64\jre\21.0.10-win32-x86_64\bin\verify.dll
Event: 2.051 Loaded shared library C:\Users\DELL\AppData\Roaming\Code\User\globalStorage\redhat.java\1.54.0\config_win\org.eclipse.equinox.launcher\org.eclipse.equinox.launcher.win32.win32.x86_64_1.3.0.v20260203-2149\eclipse_11919.dll
Event: 6.008 Loaded shared library C:\Users\DELL\AppData\Local\Temp\jna-2094529\jna15928385294631339614.dll

Deoptimization events (20 events):
Event: 322.190 Thread 0x000002d470489590 DEOPT PACKING pc=0x000002d41d21dd44 sp=0x000000f2d4dfebf0
Event: 322.190 Thread 0x000002d470489590 DEOPT UNPACKING pc=0x000002d41c556da2 sp=0x000000f2d4dfeb20 mode 2
Event: 322.190 Thread 0x000002d470489590 Uncommon trap: trap_request=0xffffffde fr.pc=0x000002d41d2168f4 relative=0x00000000000003b4
Event: 322.190 Thread 0x000002d470489590 Uncommon trap: reason=class_check action=maybe_recompile pc=0x000002d41d2168f4 method=java.io.DataOutputStream.writeInt(I)V @ 19 c2
Event: 322.190 Thread 0x000002d470489590 DEOPT PACKING pc=0x000002d41d2168f4 sp=0x000000f2d4dfe7e0
Event: 322.190 Thread 0x000002d470489590 DEOPT UNPACKING pc=0x000002d41c556da2 sp=0x000000f2d4dfe788 mode 2
Event: 322.191 Thread 0x000002d470489590 Uncommon trap: trap_request=0xffffffde fr.pc=0x000002d41d212594 relative=0x00000000000008f4
Event: 322.191 Thread 0x000002d470489590 Uncommon trap: reason=class_check action=maybe_recompile pc=0x000002d41d212594 method=java.io.DataOutputStream.write([BII)V @ 7 c2
Event: 322.191 Thread 0x000002d470489590 DEOPT PACKING pc=0x000002d41d212594 sp=0x000000f2d4dfe7b0
Event: 322.191 Thread 0x000002d470489590 DEOPT UNPACKING pc=0x000002d41c556da2 sp=0x000000f2d4dfe6d0 mode 2
Event: 322.305 Thread 0x000002d470489590 Uncommon trap: trap_request=0xffffffc6 fr.pc=0x000002d41d12ab84 relative=0x0000000000005684
Event: 322.305 Thread 0x000002d470489590 Uncommon trap: reason=bimorphic_or_optimized_type_check action=maybe_recompile pc=0x000002d41d12ab84 method=java.util.Properties.load0(Ljava/util/Properties$LineReader;)V @ 241 c2
Event: 322.305 Thread 0x000002d470489590 DEOPT PACKING pc=0x000002d41d12ab84 sp=0x000000f2d4dfedc0
Event: 322.306 Thread 0x000002d470489590 DEOPT UNPACKING pc=0x000002d41c556da2 sp=0x000000f2d4dfede0 mode 2
Event: 323.090 Thread 0x000002d470489590 Uncommon trap: trap_request=0xffffffcc fr.pc=0x000002d41d120cc0 relative=0x0000000000002f00
Event: 323.093 Thread 0x000002d470489590 Uncommon trap: reason=intrinsic_or_type_checked_inlining action=make_not_entrant pc=0x000002d41d120cc0 method=java.util.ArrayList$SubList.toArray([Ljava/lang/Object;)[Ljava/lang/Object; @ 58 c2
Event: 323.093 Thread 0x000002d470489590 DEOPT PACKING pc=0x000002d41d120cc0 sp=0x000000f2d4dfbab0
Event: 323.101 Thread 0x000002d470489590 DEOPT UNPACKING pc=0x000002d41c556da2 sp=0x000000f2d4dfb870 mode 2
Event: 536.408 Thread 0x000002d46b8d1a20 DEOPT PACKING pc=0x000002d4163e3c05 sp=0x000000f2d12fdea0
Event: 536.410 Thread 0x000002d46b8d1a20 DEOPT UNPACKING pc=0x000002d41c5578e2 sp=0x000000f2d12fd2e0 mode 0

Classes loaded (20 events):
Event: 31.905 Loading class sun/nio/cs/Surrogate$Parser
Event: 31.906 Loading class sun/nio/cs/Surrogate$Parser done
Event: 31.906 Loading class sun/nio/cs/Surrogate
Event: 31.906 Loading class sun/nio/cs/Surrogate done
Event: 321.304 Loading class java/util/stream/Nodes$CollectorTask$OfRef
Event: 321.320 Loading class java/util/stream/Nodes$CollectorTask
Event: 321.333 Loading class java/util/stream/Nodes$CollectorTask done
Event: 321.333 Loading class java/util/stream/Nodes$CollectorTask$OfRef done
Event: 321.336 Loading class java/util/function/LongFunction
Event: 321.341 Loading class java/util/function/LongFunction done
Event: 321.348 Loading class java/util/stream/Nodes$ConcNode
Event: 321.353 Loading class java/util/stream/Nodes$AbstractConcNode
Event: 321.357 Loading class java/util/stream/Nodes$AbstractConcNode done
Event: 321.357 Loading class java/util/stream/Nodes$ConcNode done
Event: 321.790 Loading class java/io/ObjectOutputStream$BlockDataOutputStream
Event: 321.794 Loading class java/io/ObjectOutputStream$BlockDataOutputStream done
Event: 321.794 Loading class java/io/ObjectOutputStream$HandleTable
Event: 321.798 Loading class java/io/ObjectOutputStream$HandleTable done
Event: 321.799 Loading class java/io/ObjectOutputStream$ReplaceTable
Event: 321.811 Loading class java/io/ObjectOutputStream$ReplaceTable done

Classes unloaded (7 events):
Event: 6.668 Thread 0x000002d410581840 Unloading class 0x000002d42a1ab400 'java/lang/invoke/LambdaForm$MH+0x000002d42a1ab400'
Event: 6.668 Thread 0x000002d410581840 Unloading class 0x000002d42a1ab000 'java/lang/invoke/LambdaForm$MH+0x000002d42a1ab000'
Event: 6.668 Thread 0x000002d410581840 Unloading class 0x000002d42a1aac00 'java/lang/invoke/LambdaForm$MH+0x000002d42a1aac00'
Event: 6.668 Thread 0x000002d410581840 Unloading class 0x000002d42a1aa800 'java/lang/invoke/LambdaForm$MH+0x000002d42a1aa800'
Event: 6.668 Thread 0x000002d410581840 Unloading class 0x000002d42a1aa400 'java/lang/invoke/LambdaForm$BMH+0x000002d42a1aa400'
Event: 6.668 Thread 0x000002d410581840 Unloading class 0x000002d42a1aa000 'java/lang/invoke/LambdaForm$DMH+0x000002d42a1aa000'
Event: 6.668 Thread 0x000002d410581840 Unloading class 0x000002d42a1a8c00 'java/lang/invoke/LambdaForm$DMH+0x000002d42a1a8c00'

Classes redefined (0 events):
No events

Internal exceptions (20 events):
Event: 21.166 Thread 0x000002d470489590 Exception <a 'sun/nio/fs/WindowsException'{0x00000000d58ab2f8}> (0x00000000d58ab2f8) 
thrown [s\src\hotspot\share\prims\jni.cpp, line 520]
Event: 21.198 Thread 0x000002d470489590 Exception <a 'java/lang/NoSuchMethodError'{0x00000000d5918b80}: 'java.lang.Object java.lang.invoke.DirectMethodHandle$Holder.newInvokeSpecial(java.lang.Object, java.lang.Object, int, java.lang.Object, java.lang.Object)'> (0x00000000d5918b80) 
thrown [s\src\hotspot\share\interpreter\linkResolver.cpp, line 773]
Event: 21.204 Thread 0x000002d470489590 Exception <a 'java/lang/NoSuchMethodError'{0x00000000d5932ea0}: 'java.lang.Object java.lang.invoke.DirectMethodHandle$Holder.invokeSpecial(java.lang.Object, java.lang.Object, java.lang.Object, int, java.lang.Object, java.lang.Object, java.lang.Object)'> (0x00000000d5932ea0) 
thrown [s\src\hotspot\share\interpreter\linkResolver.cpp, line 773]
Event: 21.207 Thread 0x000002d470489590 Exception <a 'java/lang/NoSuchMethodError'{0x00000000d593b278}: 'java.lang.Object java.lang.invoke.DirectMethodHandle$Holder.invokeStatic(java.lang.Object, java.lang.Object, int, java.lang.Object, java.lang.Object)'> (0x00000000d593b278) 
thrown [s\src\hotspot\share\interpreter\linkResolver.cpp, line 773]
Event: 21.212 Thread 0x000002d470489590 Exception <a 'java/lang/NoSuchMethodError'{0x00000000d5941bc0}: 'java.lang.Object java.lang.invoke.DirectMethodHandle$Holder.newInvokeSpecial(java.lang.Object, java.lang.Object, int)'> (0x00000000d5941bc0) 
thrown [s\src\hotspot\share\interpreter\linkResolver.cpp, line 773]
Event: 21.285 Thread 0x000002d470489590 Exception <a 'java/lang/NoSuchMethodError'{0x00000000d59c43d8}: 'void java.lang.invoke.DirectMethodHandle$Holder.invokeStatic(java.lang.Object, int)'> (0x00000000d59c43d8) 
thrown [s\src\hotspot\share\interpreter\linkResolver.cpp, line 773]
Event: 21.508 Thread 0x000002d470489590 Exception <a 'java/io/FileNotFoundException'{0x00000000d5a5a178}> (0x00000000d5a5a178) 
thrown [s\src\hotspot\share\prims\jni.cpp, line 520]
Event: 21.508 Thread 0x000002d470489590 Exception <a 'java/io/FileNotFoundException'{0x00000000d5a5b410}> (0x00000000d5a5b410) 
thrown [s\src\hotspot\share\prims\jni.cpp, line 520]
Event: 21.508 Thread 0x000002d470489590 Exception <a 'java/io/FileNotFoundException'{0x00000000d5a5c7c0}> (0x00000000d5a5c7c0) 
thrown [s\src\hotspot\share\prims\jni.cpp, line 520]
Event: 21.857 Thread 0x000002d470489590 Implicit null exception at 0x000002d41ce2dcd3 to 0x000002d41ce2e8ac
Event: 24.549 Thread 0x000002d4722887f0 Exception <a 'java/lang/IncompatibleClassChangeError'{0x00000000d5a2eac0}: Found class java.lang.Object, but interface was expected> (0x00000000d5a2eac0) 
thrown [s\src\hotspot\share\interpreter\linkResolver.cpp, line 840]
Event: 24.558 Thread 0x000002d472287ad0 Exception <a 'java/lang/NoSuchMethodError'{0x00000000d5a96450}: 'java.lang.Object java.lang.invoke.DirectMethodHandle$Holder.invokeSpecial(java.lang.Object, java.lang.Object, java.lang.Object, java.lang.Object, int, java.lang.Object, java.lang.Object)'> (0x00000000d5a96450) 
thrown [s\src\hotspot\share\interpreter\linkResolver.cpp, line 773]
Event: 24.734 Thread 0x000002d470489590 Exception <a 'sun/nio/fs/WindowsException'{0x00000000d5669618}> (0x00000000d5669618) 
thrown [s\src\hotspot\share\prims\jni.cpp, line 520]
Event: 24.734 Thread 0x000002d470489590 Exception <a 'sun/nio/fs/WindowsException'{0x00000000d5669c48}> (0x00000000d5669c48) 
thrown [s\src\hotspot\share\prims\jni.cpp, line 520]
Event: 24.736 Thread 0x000002d470489590 Exception <a 'sun/nio/fs/WindowsException'{0x00000000d56803e8}> (0x00000000d56803e8) 
thrown [s\src\hotspot\share\prims\jni.cpp, line 520]
Event: 24.736 Thread 0x000002d470489590 Exception <a 'sun/nio/fs/WindowsException'{0x00000000d5680a18}> (0x00000000d5680a18) 
thrown [s\src\hotspot\share\prims\jni.cpp, line 520]
Event: 321.649 Thread 0x000002d470489590 Exception <a 'sun/nio/fs/WindowsException'{0x00000000d5773420}> (0x00000000d5773420) 
thrown [s\src\hotspot\share\prims\jni.cpp, line 520]
Event: 321.651 Thread 0x000002d470489590 Exception <a 'sun/nio/fs/WindowsException'{0x00000000d5773d00}> (0x00000000d5773d00) 
thrown [s\src\hotspot\share\prims\jni.cpp, line 520]
Event: 322.144 Thread 0x000002d470489590 Exception <a 'java/lang/NoSuchMethodError'{0x00000000d58093a0}: static [J.<clinit>()V> (0x00000000d58093a0) 
thrown [s\src\hotspot\share\prims\jni.cpp, line 1111]
Event: 322.216 Thread 0x000002d470489590 Exception <a 'java/lang/NoSuchMethodError'{0x00000000d5836d20}: 'java.lang.Object java.lang.invoke.DirectMethodHandle$Holder.newInvokeSpecial(java.lang.Object, java.lang.Object, java.lang.Object, java.lang.Object, java.lang.Object, java.lang.Object, java.lang.Object, java.lang.Object)'> (0x00000000d5836d20) 
thrown [s\src\hotspot\share\interpreter\linkResolver.cpp, line 773]

ZGC Phase Switch (0 events):
No events

VM Operations (20 events):
Event: 120.268 Executing non-safepoint VM operation: HandshakeAllThreads (HandshakeForDeflation)
Event: 120.272 Executing non-safepoint VM operation: HandshakeAllThreads (HandshakeForDeflation) done
Event: 120.272 Executing non-safepoint VM operation: RendezvousGCThreads
Event: 120.272 Executing non-safepoint VM operation: RendezvousGCThreads done
Event: 180.383 Executing non-safepoint VM operation: HandshakeAllThreads (HandshakeForDeflation)
Event: 180.384 Executing non-safepoint VM operation: HandshakeAllThreads (HandshakeForDeflation) done
Event: 180.384 Executing non-safepoint VM operation: RendezvousGCThreads
Event: 180.384 Executing non-safepoint VM operation: RendezvousGCThreads done
Event: 321.093 Executing safepoint VM operation: Cleanup
Event: 321.095 Executing safepoint VM operation: Cleanup done
Event: 323.096 Executing safepoint VM operation: Cleanup
Event: 323.112 Executing safepoint VM operation: Cleanup done
Event: 324.116 Executing safepoint VM operation: Cleanup
Event: 324.116 Executing safepoint VM operation: Cleanup done
Event: 360.755 Executing non-safepoint VM operation: HandshakeAllThreads (HandshakeForDeflation)
Event: 360.756 Executing non-safepoint VM operation: HandshakeAllThreads (HandshakeForDeflation) done
Event: 360.756 Executing non-safepoint VM operation: RendezvousGCThreads
Event: 360.756 Executing non-safepoint VM operation: RendezvousGCThreads done
Event: 537.004 Executing safepoint VM operation: Cleanup
Event: 537.028 Executing safepoint VM operation: Cleanup done

Memory protections (0 events):
No events

Nmethod flushes (20 events):
Event: 14.240 Thread 0x000002d410581840 flushing  nmethod 0x000002d41589e090
Event: 14.240 Thread 0x000002d410581840 flushing  nmethod 0x000002d41589ed90
Event: 14.240 Thread 0x000002d410581840 flushing  nmethod 0x000002d4158a2a90
Event: 14.240 Thread 0x000002d410581840 flushing  nmethod 0x000002d4158ac790
Event: 14.240 Thread 0x000002d410581840 flushing  nmethod 0x000002d4158b0c90
Event: 14.240 Thread 0x000002d410581840 flushing  nmethod 0x000002d4158c1590
Event: 14.240 Thread 0x000002d410581840 flushing  nmethod 0x000002d4158cc310
Event: 14.240 Thread 0x000002d410581840 flushing  nmethod 0x000002d4158dcd10
Event: 14.240 Thread 0x000002d410581840 flushing osr nmethod 0x000002d4158faa10
Event: 14.240 Thread 0x000002d410581840 flushing  nmethod 0x000002d415914f10
Event: 14.240 Thread 0x000002d410581840 flushing  nmethod 0x000002d415916810
Event: 14.240 Thread 0x000002d410581840 flushing  nmethod 0x000002d415918310
Event: 14.240 Thread 0x000002d410581840 flushing  nmethod 0x000002d415918d10
Event: 14.240 Thread 0x000002d410581840 flushing  nmethod 0x000002d415924110
Event: 14.240 Thread 0x000002d410581840 flushing  nmethod 0x000002d415926890
Event: 14.240 Thread 0x000002d410581840 flushing  nmethod 0x000002d415926c10
Event: 14.240 Thread 0x000002d410581840 flushing  nmethod 0x000002d415927810
Event: 14.240 Thread 0x000002d410581840 flushing  nmethod 0x000002d415939610
Event: 14.240 Thread 0x000002d410581840 flushing  nmethod 0x000002d415950d90
Event: 14.240 Thread 0x000002d410581840 flushing  nmethod 0x000002d415960710

Events (20 events):
Event: 320.024 Thread 0x000002d46b8cf950 Thread exited: 0x000002d46b8cf950
Event: 320.294 Thread 0x000002d46b8d0670 Thread exited: 0x000002d46b8d0670
Event: 320.323 Thread 0x000002d47048a940 Thread exited: 0x000002d47048a940
Event: 320.359 Thread 0x000002d470489c20 Thread exited: 0x000002d470489c20
Event: 321.173 Thread 0x000002d46b8d3460 Thread exited: 0x000002d46b8d3460
Event: 321.260 Thread 0x000002d470489590 Thread added: 0x000002d46b8d0670
Event: 321.373 Thread 0x000002d46b8d0670 Thread exited: 0x000002d46b8d0670
Event: 321.707 Thread 0x000002d470489590 Thread added: 0x000002d46b8d2dd0
Event: 321.739 Thread 0x000002d46b8d2dd0 Thread exited: 0x000002d46b8d2dd0
Event: 327.431 Thread 0x000002d472289510 Thread exited: 0x000002d472289510
Event: 380.370 Thread 0x000002d47048bcf0 Thread exited: 0x000002d47048bcf0
Event: 387.438 Thread 0x000002d472281ef0 Thread exited: 0x000002d472281ef0
Event: 440.377 Thread 0x000002d47048b660 Thread exited: 0x000002d47048b660
Event: 447.444 Thread 0x000002d472282580 Thread exited: 0x000002d472282580
Event: 500.391 Thread 0x000002d47048a2b0 Thread exited: 0x000002d47048a2b0
Event: 535.853 Thread 0x000002d4722887f0 Thread added: 0x000002d46b8d1a20
Event: 535.901 Thread 0x000002d4722887f0 Thread added: 0x000002d46b8cf950
Event: 535.928 Thread 0x000002d4722887f0 Thread added: 0x000002d46b8d3af0
Event: 535.966 Thread 0x000002d4722887f0 Thread added: 0x000002d46b8d0670
Event: 535.976 Thread 0x000002d46b8d0670 Thread added: 0x000002d46b8d1390


Dynamic libraries:
0x00007ff6272c0000 - 0x00007ff6272ce000 	c:\Users\DELL\.vscode\extensions\redhat.java-1.54.0-win32-x64\jre\21.0.10-win32-x86_64\bin\java.exe
0x00007fffc9270000 - 0x00007fffc9468000 	C:\WINDOWS\SYSTEM32\ntdll.dll
0x00007fffc7430000 - 0x00007fffc74f2000 	C:\WINDOWS\System32\KERNEL32.DLL
0x00007fffc6a80000 - 0x00007fffc6d76000 	C:\WINDOWS\System32\KERNELBASE.dll
0x00007fffc7000000 - 0x00007fffc7100000 	C:\WINDOWS\System32\ucrtbase.dll
0x00007fffc0110000 - 0x00007fffc0128000 	c:\Users\DELL\.vscode\extensions\redhat.java-1.54.0-win32-x64\jre\21.0.10-win32-x86_64\bin\jli.dll
0x00007fffc0040000 - 0x00007fffc005e000 	c:\Users\DELL\.vscode\extensions\redhat.java-1.54.0-win32-x64\jre\21.0.10-win32-x86_64\bin\VCRUNTIME140.dll
0x00007fffc7620000 - 0x00007fffc77c1000 	C:\WINDOWS\System32\USER32.dll
0x00007fffab670000 - 0x00007fffab90b000 	C:\WINDOWS\WinSxS\amd64_microsoft.windows.common-controls_6595b64144ccf1df_6.0.19041.6456_none_60b8a6cb71f64256\COMCTL32.dll
0x00007fffc6fd0000 - 0x00007fffc6ff2000 	C:\WINDOWS\System32\win32u.dll
0x00007fffc7ae0000 - 0x00007fffc7b7e000 	C:\WINDOWS\System32\msvcrt.dll
0x00007fffc8d00000 - 0x00007fffc8d2b000 	C:\WINDOWS\System32\GDI32.dll
0x00007fffc6eb0000 - 0x00007fffc6fc9000 	C:\WINDOWS\System32\gdi32full.dll
0x00007fffc7190000 - 0x00007fffc722d000 	C:\WINDOWS\System32\msvcp_win.dll
0x00007fffc7980000 - 0x00007fffc79af000 	C:\WINDOWS\System32\IMM32.DLL
0x00007fffc2f30000 - 0x00007fffc2f3c000 	c:\Users\DELL\.vscode\extensions\redhat.java-1.54.0-win32-x64\jre\21.0.10-win32-x86_64\bin\vcruntime140_1.dll
0x00007fff87c30000 - 0x00007fff87cbd000 	c:\Users\DELL\.vscode\extensions\redhat.java-1.54.0-win32-x64\jre\21.0.10-win32-x86_64\bin\msvcp140.dll
0x00007fff4a200000 - 0x00007fff4afa1000 	c:\Users\DELL\.vscode\extensions\redhat.java-1.54.0-win32-x64\jre\21.0.10-win32-x86_64\bin\server\jvm.dll
0x00007fffc7860000 - 0x00007fffc7911000 	C:\WINDOWS\System32\ADVAPI32.dll
0x00007fffc7c40000 - 0x00007fffc7cdf000 	C:\WINDOWS\System32\sechost.dll
0x00007fffc7f60000 - 0x00007fffc8080000 	C:\WINDOWS\System32\RPCRT4.dll
0x00007fffc7230000 - 0x00007fffc7257000 	C:\WINDOWS\System32\bcrypt.dll
0x00007fffc7ce0000 - 0x00007fffc7d4b000 	C:\WINDOWS\System32\WS2_32.dll
0x00007fffc5dd0000 - 0x00007fffc5e1b000 	C:\WINDOWS\SYSTEM32\POWRPROF.dll
0x00007fffbf4b0000 - 0x00007fffbf4ba000 	C:\WINDOWS\SYSTEM32\VERSION.dll
0x00007fffb5ef0000 - 0x00007fffb5f17000 	C:\WINDOWS\SYSTEM32\WINMM.dll
0x00007fffc5c90000 - 0x00007fffc5ca2000 	C:\WINDOWS\SYSTEM32\UMPDC.dll
0x00007fffc50a0000 - 0x00007fffc50b2000 	C:\WINDOWS\SYSTEM32\kernel.appcore.dll
0x00007fffc0030000 - 0x00007fffc003a000 	c:\Users\DELL\.vscode\extensions\redhat.java-1.54.0-win32-x64\jre\21.0.10-win32-x86_64\bin\jimage.dll
0x00007fffc4410000 - 0x00007fffc4611000 	C:\WINDOWS\SYSTEM32\DBGHELP.DLL
0x00007fffb9190000 - 0x00007fffb91c4000 	C:\WINDOWS\SYSTEM32\dbgcore.DLL
0x00007fffc7100000 - 0x00007fffc7182000 	C:\WINDOWS\System32\bcryptPrimitives.dll
0x00007fffc0020000 - 0x00007fffc002f000 	c:\Users\DELL\.vscode\extensions\redhat.java-1.54.0-win32-x64\jre\21.0.10-win32-x86_64\bin\instrument.dll
0x00007fffaf830000 - 0x00007fffaf850000 	c:\Users\DELL\.vscode\extensions\redhat.java-1.54.0-win32-x64\jre\21.0.10-win32-x86_64\bin\java.dll
0x00007fffc8080000 - 0x00007fffc87f0000 	C:\WINDOWS\System32\SHELL32.dll
0x00007fffc48e0000 - 0x00007fffc5085000 	C:\WINDOWS\SYSTEM32\windows.storage.dll
0x00007fffc8920000 - 0x00007fffc8c74000 	C:\WINDOWS\System32\combase.dll
0x00007fffc6220000 - 0x00007fffc624b000 	C:\WINDOWS\SYSTEM32\Wldp.dll
0x00007fffc7d50000 - 0x00007fffc7e1d000 	C:\WINDOWS\System32\OLEAUT32.dll
0x00007fffc7a30000 - 0x00007fffc7add000 	C:\WINDOWS\System32\SHCORE.dll
0x00007fffc7f00000 - 0x00007fffc7f5b000 	C:\WINDOWS\System32\shlwapi.dll
0x00007fffc6800000 - 0x00007fffc6824000 	C:\WINDOWS\SYSTEM32\profapi.dll
0x00007fffaf810000 - 0x00007fffaf828000 	c:\Users\DELL\.vscode\extensions\redhat.java-1.54.0-win32-x64\jre\21.0.10-win32-x86_64\bin\zip.dll
0x00007fffc0010000 - 0x00007fffc0020000 	C:\Users\DELL\.vscode\extensions\redhat.java-1.54.0-win32-x64\jre\21.0.10-win32-x86_64\bin\net.dll
0x00007fffc3500000 - 0x00007fffc360a000 	C:\WINDOWS\SYSTEM32\WINHTTP.dll
0x00007fffc6000000 - 0x00007fffc606a000 	C:\WINDOWS\system32\mswsock.dll
0x00007fffac8f0000 - 0x00007fffac906000 	C:\Users\DELL\.vscode\extensions\redhat.java-1.54.0-win32-x64\jre\21.0.10-win32-x86_64\bin\nio.dll
0x00007fffb9400000 - 0x00007fffb9410000 	c:\Users\DELL\.vscode\extensions\redhat.java-1.54.0-win32-x64\jre\21.0.10-win32-x86_64\bin\verify.dll
0x00007fff66590000 - 0x00007fff665d5000 	C:\Users\DELL\AppData\Roaming\Code\User\globalStorage\redhat.java\1.54.0\config_win\org.eclipse.equinox.launcher\org.eclipse.equinox.launcher.win32.win32.x86_64_1.3.0.v20260203-2149\eclipse_11919.dll
0x00007fffc87f0000 - 0x00007fffc891b000 	C:\WINDOWS\System32\ole32.dll
0x00007fffc6260000 - 0x00007fffc6278000 	C:\WINDOWS\SYSTEM32\CRYPTSP.dll
0x00007fffc58d0000 - 0x00007fffc5908000 	C:\WINDOWS\system32\rsaenh.dll
0x00007fffc67c0000 - 0x00007fffc67ee000 	C:\WINDOWS\SYSTEM32\USERENV.dll
0x00007fffc6190000 - 0x00007fffc619c000 	C:\WINDOWS\SYSTEM32\CRYPTBASE.dll
0x00007fffc5cb0000 - 0x00007fffc5ceb000 	C:\WINDOWS\SYSTEM32\IPHLPAPI.DLL
0x00007fffc7260000 - 0x00007fffc7268000 	C:\WINDOWS\System32\NSI.dll
0x00007fff624b0000 - 0x00007fff624f9000 	C:\Users\DELL\AppData\Local\Temp\jna-2094529\jna15928385294631339614.dll
0x00007fffc7270000 - 0x00007fffc7278000 	C:\WINDOWS\System32\PSAPI.DLL
0x00007fffc0870000 - 0x00007fffc0887000 	C:\WINDOWS\SYSTEM32\dhcpcsvc6.DLL
0x00007fffc0840000 - 0x00007fffc085d000 	C:\WINDOWS\SYSTEM32\dhcpcsvc.DLL

JVMTI agents:
c:\Users\DELL\.vscode\extensions\redhat.java-1.54.0-win32-x64\lombok\lombok-1.18.39-4050.jar path:c:\Users\DELL\.vscode\extensions\redhat.java-1.54.0-win32-x64\jre\21.0.10-win32-x86_64\bin\instrument.dll, loaded, initialized, instrumentlib options:none

dbghelp: loaded successfully - version: 4.0.5 - missing functions: none
symbol engine: initialized successfully - sym options: 0x614 - pdb path: .;c:\Users\DELL\.vscode\extensions\redhat.java-1.54.0-win32-x64\jre\21.0.10-win32-x86_64\bin;C:\WINDOWS\SYSTEM32;C:\WINDOWS\WinSxS\amd64_microsoft.windows.common-controls_6595b64144ccf1df_6.0.19041.6456_none_60b8a6cb71f64256;c:\Users\DELL\.vscode\extensions\redhat.java-1.54.0-win32-x64\jre\21.0.10-win32-x86_64\bin\server;C:\Users\DELL\AppData\Roaming\Code\User\globalStorage\redhat.java\1.54.0\config_win\org.eclipse.equinox.launcher\org.eclipse.equinox.launcher.win32.win32.x86_64_1.3.0.v20260203-2149;C:\Users\DELL\AppData\Local\Temp\jna-2094529

VM Arguments:
jvm_args: --add-modules=ALL-SYSTEM --add-opens=java.base/java.util=ALL-UNNAMED --add-opens=java.base/java.lang=ALL-UNNAMED --add-opens=java.base/sun.nio.fs=ALL-UNNAMED -Declipse.application=org.eclipse.jdt.ls.core.id1 -Dosgi.bundles.defaultStartLevel=4 -Declipse.product=org.eclipse.jdt.ls.core.product -Djava.import.generatesMetadataFilesAtProjectRoot=false -DDetectVMInstallationsJob.disabled=true -Dfile.encoding=utf8 -XX:+UseParallelGC -XX:GCTimeRatio=4 -XX:AdaptiveSizePolicyWeight=90 -Dsun.zip.disableMemoryMapping=true -Xmx2G -Xms100m -Xlog:disable -javaagent:c:\Users\DELL\.vscode\extensions\redhat.java-1.54.0-win32-x64\lombok\lombok-1.18.39-4050.jar -XX:+HeapDumpOnOutOfMemoryError -XX:HeapDumpPath=c:\Users\DELL\AppData\Roaming\Code\User\workspaceStorage\c36a406808beeea959499bd62585d388\redhat.java -Daether.dependencyCollector.impl=bf 
java_command: c:\Users\DELL\.vscode\extensions\redhat.java-1.54.0-win32-x64\server\plugins\org.eclipse.equinox.launcher_1.7.100.v20251111-0406.jar -configuration c:\Users\DELL\AppData\Roaming\Code\User\globalStorage\redhat.java\1.54.0\config_win -data c:\Users\DELL\AppData\Roaming\Code\User\workspaceStorage\c36a406808beeea959499bd62585d388\redhat.java\jdt_ws --pipe=\\.\pipe\lsp-0224be0fa93072922ef44627c6458f6d-sock
java_class_path (initial): c:\Users\DELL\.vscode\extensions\redhat.java-1.54.0-win32-x64\server\plugins\org.eclipse.equinox.launcher_1.7.100.v20251111-0406.jar
Launcher Type: SUN_STANDARD

[Global flags]
    uintx AdaptiveSizePolicyWeight                 = 90                                        {product} {command line}
     intx CICompilerCount                          = 4                                         {product} {ergonomic}
    uintx GCTimeRatio                              = 4                                         {product} {command line}
     bool HeapDumpOnOutOfMemoryError               = true                                   {manageable} {command line}
    ccstr HeapDumpPath                             = c:\Users\DELL\AppData\Roaming\Code\User\workspaceStorage\c36a406808beeea959499bd62585d388\redhat.java         {manageable} {command line}
   size_t InitialHeapSize                          = 104857600                                 {product} {command line}
   size_t MaxHeapSize                              = 2147483648                                {product} {command line}
   size_t MaxNewSize                               = 715653120                                 {product} {ergonomic}
   size_t MinHeapDeltaBytes                        = 524288                                    {product} {ergonomic}
   size_t MinHeapSize                              = 104857600                                 {product} {command line}
   size_t NewSize                                  = 34603008                                  {product} {ergonomic}
    uintx NonNMethodCodeHeapSize                   = 5839372                                {pd product} {ergonomic}
    uintx NonProfiledCodeHeapSize                  = 122909434                              {pd product} {ergonomic}
   size_t OldSize                                  = 70254592                                  {product} {ergonomic}
    uintx ProfiledCodeHeapSize                     = 122909434                              {pd product} {ergonomic}
    uintx ReservedCodeCacheSize                    = 251658240                              {pd product} {ergonomic}
     bool SegmentedCodeCache                       = true                                      {product} {ergonomic}
   size_t SoftMaxHeapSize                          = 2147483648                             {manageable} {ergonomic}
     bool UseCompressedOops                        = true                           {product lp64_product} {ergonomic}
     bool UseLargePagesIndividualAllocation        = false                                  {pd product} {ergonomic}
     bool UseParallelGC                            = true                                      {product} {command line}

Logging:
Log output configuration:
 #0: stdout all=off uptime,level,tags foldmultilines=false
 #1: stderr all=off uptime,level,tags foldmultilines=false

Release file:
JAVA_VERSION="21.0.10" 
MODULES="java.base java.compiler java.datatransfer java.xml java.prefs java.desktop java.instrument java.logging java.management java.security.sasl java.naming java.rmi java.management.rmi java.net.http java.scripting java.security.jgss java.transaction.xa java.sql java.sql.rowset java.xml.crypto java.se java.smartcardio jdk.accessibility jdk.internal.jvmstat jdk.attach jdk.charsets jdk.internal.opt jdk.zipfs jdk.compiler jdk.crypto.ec jdk.crypto.cryptoki jdk.crypto.mscapi jdk.dynalink jdk.internal.ed jdk.editpad jdk.hotspot.agent jdk.httpserver jdk.internal.le jdk.internal.vm.ci jdk.internal.vm.compiler jdk.internal.vm.compiler.management jdk.jartool jdk.javadoc jdk.jcmd jdk.management jdk.management.agent jdk.jconsole jdk.jdeps jdk.jdwp.agent jdk.jdi jdk.jfr jdk.jshell jdk.jsobject jdk.jstatd jdk.localedata jdk.management.jfr jdk.naming.dns jdk.naming.rmi jdk.net jdk.nio.mapmode jdk.random jdk.sctp jdk.security.auth jdk.security.jgss jdk.unsupported jdk.unsupported.desktop jdk.xml.dom" 

Environment Variables:
JAVA_HOME=C:\Program Files\Java\jdk-21
PATH=C:\Users\DELL\AppData\Local\Programs\Python\Python313\Scripts\;C:\Users\DELL\AppData\Local\Programs\Python\Python313\;C:\WINDOWS\system32;C:\WINDOWS;C:\WINDOWS\System32\Wbem;C:\WINDOWS\System32\WindowsPowerShell\v1.0\;C:\WINDOWS\System32\OpenSSH\;C:\Program Files (x86)\dotnet\;C:\Program Files\MiKTeX\miktex\bin\x64\;C:\Users\DELL\OneDrive\Desktop\Nouveau dossier\miktex\bin\x64\;C:\xampp\php;C:\ProgramData\ComposerSetup\bin;C:\Program Files\Git\cmd;C:\Program Files\Docker\Docker\resources\bin;C:\Program Files\nodejs\;C:\ProgramData\chocolatey\bin;C:\Program Files\dotnet\;C:\Program Files\Java\jdk-21\bin;C:\Program Files\Java\jdk-17\bin;C:\Program Files\Apache\maven\apache-maven-3.9.16\bin;C:\Users\DELL\AppData\Local\Programs\Python\Launcher\;C:\Users\DELL\AppData\Local\Programs\Python\Python310\Scripts\;C:\Users\DELL\AppData\Local\Programs\Python\Python310\;C:\Users\DELL\AppData\Local\Programs\Python\Python313\Scripts\;C:\Users\DELL\AppData\Local\Programs\Python\Python313\;C:\Users\DELL\AppData\Local\Microsoft\WindowsApps;C:\Users\DELL\AppData\Local\Programs\Microsoft VS Code\bin;C:\Users\DELL\AppData\Local\Programs\MiKTeX\miktex\bin\x64\;C:\Flex Windows\gcc\bin;C:\Flex Windows\Lex\bin;C:\Flex Windows\bison\bin;C:\Users\DELL\AppData\Roaming\Composer\vendor\bin;C:\Users\DELL\AppData\Local\Programs\cursor\resources\app\bin;C:\Users\DELL\AppData\Roaming\npm;C:\Users\DELL\AppData\Local\Programs\Antigravity IDE\bin
USERNAME=DELL
OS=Windows_NT
PROCESSOR_IDENTIFIER=Intel64 Family 6 Model 140 Stepping 1, GenuineIntel
TMP=C:\Users\DELL\AppData\Local\Temp
TEMP=C:\Users\DELL\AppData\Local\Temp




Periodic native trim disabled

---------------  S Y S T E M  ---------------

OS:
 Windows 10 , 64 bit Build 19041 (10.0.19041.5915)
OS uptime: 3 days 17:45 hours
Hyper-V role detected

CPU: total 8 (initial active 8) (4 cores per cpu, 2 threads per core) family 6 model 140 stepping 1 microcode 0xbe, cx8, cmov, fxsr, ht, mmx, 3dnowpref, sse, sse2, sse3, ssse3, sse4.1, sse4.2, popcnt, lzcnt, tsc, tscinvbit, avx, avx2, aes, erms, clmul, bmi1, bmi2, adx, avx512f, avx512dq, avx512cd, avx512bw, avx512vl, sha, fma, vzeroupper, avx512_vpopcntdq, avx512_vpclmulqdq, avx512_vaes, avx512_vnni, clflush, clflushopt, clwb, avx512_vbmi2, avx512_vbmi, hv, rdtscp, rdpid, fsrm, gfni, avx512_bitalg, f16c, cet_ibt, cet_ss, avx512_ifma
Processor Information for processor 0
  Max Mhz: 2419, Current Mhz: 907, Mhz Limit: 2419
Processor Information for processor 1
  Max Mhz: 2419, Current Mhz: 907, Mhz Limit: 2419
Processor Information for processor 2
  Max Mhz: 2419, Current Mhz: 2419, Mhz Limit: 2419
Processor Information for processor 3
  Max Mhz: 2419, Current Mhz: 907, Mhz Limit: 2419
Processor Information for processor 4
  Max Mhz: 2419, Current Mhz: 907, Mhz Limit: 2419
Processor Information for processor 5
  Max Mhz: 2419, Current Mhz: 2419, Mhz Limit: 2419
Processor Information for processor 6
  Max Mhz: 2419, Current Mhz: 907, Mhz Limit: 2419
Processor Information for processor 7
  Max Mhz: 2419, Current Mhz: 907, Mhz Limit: 2419

Memory: 4k page, system-wide physical 7918M (106M free)
TotalPageFile size 32494M (AvailPageFile size 87M)
current process WorkingSet (physical memory assigned to process): 72M, peak: 430M
current process commit charge ("private bytes"): 532M, peak: 597M

vm_info: OpenJDK 64-Bit Server VM (21.0.10+7-LTS) for windows-amd64 JRE (21.0.10+7-LTS), built on 2026-01-20T00:00:00Z by "admin" with MS VC++ 17.12 (VS2022)

END.
